Using pre-set license
Built from '2021.3/release' branch; Version is '2021.3.12f1 (8af3c3e441b1) revision 9106371'; Using compiler version '192829333'; Build Type 'Release'
OS: 'Windows 11  (10.0.22621) 64bit Core' Language: 'en' Physical Memory: 16061 MB
BatchMode: 1, IsHumanControllingUs: 0, StartBugReporterOnCrash: 0, Is64bit: 1, IsPro: 1

COMMAND LINE ARGUMENTS:
C:\Program Files\Unity 2021.3.12f1\Editor\Unity.exe
-adb2
-batchMode
-noUpm
-name
AssetImportWorker2
-projectPath
C:/Users/earth/Specialization/holbertonschool-unity/0x00-unity-assets_ui
-logFile
Logs/AssetImportWorker2.log
-srvPort
49173
Successfully changed project path to: C:/Users/earth/Specialization/holbertonschool-unity/0x00-unity-assets_ui
C:/Users/earth/Specialization/holbertonschool-unity/0x00-unity-assets_ui
[UnityMemory] Configuration Parameters - Can be set up in boot.config
    "memorysetup-bucket-allocator-granularity=16"
    "memorysetup-bucket-allocator-bucket-count=8"
    "memorysetup-bucket-allocator-block-size=33554432"
    "memorysetup-bucket-allocator-block-count=8"
    "memorysetup-main-allocator-block-size=16777216"
    "memorysetup-thread-allocator-block-size=16777216"
    "memorysetup-gfx-main-allocator-block-size=16777216"
    "memorysetup-gfx-thread-allocator-block-size=16777216"
    "memorysetup-cache-allocator-block-size=4194304"
    "memorysetup-typetree-allocator-block-size=2097152"
    "memorysetup-profiler-bucket-allocator-granularity=16"
    "memorysetup-profiler-bucket-allocator-bucket-count=8"
    "memorysetup-profiler-bucket-allocator-block-size=33554432"
    "memorysetup-profiler-bucket-allocator-block-count=8"
    "memorysetup-profiler-allocator-block-size=16777216"
    "memorysetup-profiler-editor-allocator-block-size=1048576"
    "memorysetup-temp-allocator-size-main=16777216"
    "memorysetup-job-temp-allocator-block-size=2097152"
    "memorysetup-job-temp-allocator-block-size-background=1048576"
    "memorysetup-job-temp-allocator-reduction-small-platforms=262144"
    "memorysetup-temp-allocator-size-background-worker=32768"
    "memorysetup-temp-allocator-size-job-worker=262144"
    "memorysetup-temp-allocator-size-preload-manager=33554432"
    "memorysetup-temp-allocator-size-nav-mesh-worker=65536"
    "memorysetup-temp-allocator-size-audio-worker=65536"
    "memorysetup-temp-allocator-size-cloud-worker=32768"
    "memorysetup-temp-allocator-size-gi-baking-worker=262144"
    "memorysetup-temp-allocator-size-gfx=262144"
Refreshing native plugins compatible for Editor in 75.96 ms, found 3 plugins.
Preloading 0 native plugins for Editor in 0.00 ms.
Initialize engine version: 2021.3.12f1 (8af3c3e441b1)
[Subsystems] Discovering subsystems at path C:/Program Files/Unity 2021.3.12f1/Editor/Data/Resources/UnitySubsystems
[Subsystems] Discovering subsystems at path C:/Users/earth/Specialization/holbertonschool-unity/0x00-unity-assets_ui/Assets
GfxDevice: creating device client; threaded=0; jobified=0
Direct3D:
    Version:  Direct3D 11.0 [level 11.1]
    Renderer: NVIDIA GeForce RTX 3060 Laptop GPU (ID=0x2520)
    Vendor:   NVIDIA
    VRAM:     6023 MB
    Driver:   30.0.15.1278
Initialize mono
Mono path[0] = 'C:/Program Files/Unity 2021.3.12f1/Editor/Data/Managed'
Mono path[1] = 'C:/Program Files/Unity 2021.3.12f1/Editor/Data/MonoBleedingEdge/lib/mono/unityjit-win32'
Mono config path = 'C:/Program Files/Unity 2021.3.12f1/Editor/Data/MonoBleedingEdge/etc'
Using monoOptions --debugger-agent=transport=dt_socket,embedding=1,server=y,suspend=n,address=127.0.0.1:56288
Begin MonoManager ReloadAssembly
Registering precompiled unity dll's ...
Register platform support module: C:/Program Files/Unity 2021.3.12f1/Editor/Data/PlaybackEngines/WindowsStandaloneSupport/UnityEditor.WindowsStandalone.Extensions.dll
Registered in 0.002284 seconds.
Native extension for WindowsStandalone target not found
Refreshing native plugins compatible for Editor in 63.69 ms, found 3 plugins.
Preloading 0 native plugins for Editor in 0.00 ms.
Mono: successfully reloaded assembly
- Completed reload, in  0.512 seconds
Domain Reload Profiling:
	ReloadAssembly (513ms)
		BeginReloadAssembly (69ms)
			ExecutionOrderSort (0ms)
			DisableScriptedObjects (0ms)
			BackupInstance (0ms)
			ReleaseScriptingObjects (0ms)
			CreateAndSetChildDomain (1ms)
		EndReloadAssembly (351ms)
			LoadAssemblies (67ms)
			RebuildTransferFunctionScriptingTraits (0ms)
			SetupTypeCache (94ms)
			ReleaseScriptCaches (0ms)
			RebuildScriptCaches (20ms)
			SetupLoadedEditorAssemblies (197ms)
				LogAssemblyErrors (0ms)
				InitializePlatformSupportModulesInManaged (5ms)
				SetLoadedEditorAssemblies (0ms)
				RefreshPlugins (64ms)
				BeforeProcessingInitializeOnLoad (1ms)
				ProcessInitializeOnLoadAttributes (95ms)
				ProcessInitializeOnLoadMethodAttributes (32ms)
				AfterProcessingInitializeOnLoad (0ms)
				EditorAssembliesLoaded (0ms)
			ExecutionOrderSort2 (0ms)
			AwakeInstancesAfterBackupRestoration (0ms)
Platform modules already initialized, skipping
Registering precompiled user dll's ...
Registered in 0.003162 seconds.
Begin MonoManager ReloadAssembly
Symbol file LoadedFromMemory doesn't match image C:\Users\earth\Specialization\holbertonschool-unity\0x00-unity-assets_ui\Library\PackageCache\com.unity.visualscripting@1.7.8\Editor\VisualScripting.Core\Dependencies\YamlDotNet\Unity.VisualScripting.YamlDotNet.dll
Symbol file LoadedFromMemory doesn't match image C:\Users\earth\Specialization\holbertonschool-unity\0x00-unity-assets_ui\Library\PackageCache\com.unity.visualscripting@1.7.8\Editor\VisualScripting.Core\Dependencies\DotNetZip\Unity.VisualScripting.IonicZip.dll
Native extension for WindowsStandalone target not found
Refreshing native plugins compatible for Editor in 1.18 ms, found 3 plugins.
Preloading 0 native plugins for Editor in 0.00 ms.
Mono: successfully reloaded assembly
- Completed reload, in  0.743 seconds
Domain Reload Profiling:
	ReloadAssembly (744ms)
		BeginReloadAssembly (80ms)
			ExecutionOrderSort (0ms)
			DisableScriptedObjects (5ms)
			BackupInstance (0ms)
			ReleaseScriptingObjects (0ms)
			CreateAndSetChildDomain (15ms)
		EndReloadAssembly (580ms)
			LoadAssemblies (57ms)
			RebuildTransferFunctionScriptingTraits (0ms)
			SetupTypeCache (179ms)
			ReleaseScriptCaches (1ms)
			RebuildScriptCaches (40ms)
			SetupLoadedEditorAssemblies (261ms)
				LogAssemblyErrors (0ms)
				InitializePlatformSupportModulesInManaged (5ms)
				SetLoadedEditorAssemblies (0ms)
				RefreshPlugins (1ms)
				BeforeProcessingInitializeOnLoad (61ms)
				ProcessInitializeOnLoadAttributes (163ms)
				ProcessInitializeOnLoadMethodAttributes (25ms)
				AfterProcessingInitializeOnLoad (5ms)
				EditorAssembliesLoaded (0ms)
			ExecutionOrderSort2 (0ms)
			AwakeInstancesAfterBackupRestoration (5ms)
Platform modules already initialized, skipping
========================================================================
Worker process is ready to serve import requests
Launched and connected shader compiler UnityShaderCompiler.exe after 0.04 seconds
Refreshing native plugins compatible for Editor in 0.76 ms, found 3 plugins.
Preloading 0 native plugins for Editor in 0.00 ms.
Unloading 3324 Unused Serialized files (Serialized files now loaded: 0)
Unloading 24 unused Assets / (56.1 KB). Loaded Objects now: 3786.
Memory consumption went from 118.0 MB to 117.9 MB.
Total: 2.610100 ms (FindLiveObjects: 0.290800 ms CreateObjectMapping: 0.088100 ms MarkObjects: 2.157600 ms  DeleteObjects: 0.071800 ms)

AssetImportParameters requested are different than current active one (requested -> active):
  custom:video-decoder-ogg-theora: a1e56fd34408186e4bbccfd4996cb3dc -> 
  custom:container-muxer-webm: aa71ff27fc2769a1b78a27578f13a17b -> 
  custom:container-demuxer-webm: 4f35f7cbe854078d1ac9338744f61a02 -> 
  custom:video-encoder-webm-vp8: eb34c28f22e8b96e1ab97ce403110664 -> 
  custom:video-codec-MediaFoundation-h265: 746d11721c4dcdbdad8f713fa42b33f4 -> 
  custom:audio-encoder-webm-vorbis: bf7c407c2cedff20999df2af8eb42d56 -> 
  custom:framework-win-MediaFoundation: 216162199b28c13a410421893ffa2e32 -> 
  custom:container-demuxer-ogg: 62fdf1f143b41e24485cea50d1cbac27 -> 
  custom:video-decoder-webm-vp8: 9c59270c3fd7afecdb556c50c9e8de78 -> 
  custom:audio-decoder-ogg-vorbis: bf7c407c2cedff20999df2af8eb42d56 -> 
========================================================================
Received Import Request.
  Time since last request: 189008.560277 seconds.
  path: Assets/Materials/Materials/XX]PlatformStart.mat
  artifactKey: Guid(0932aeac3d5889c44b54c64ec255e32b) Importer(815301076,1909f56bfc062723c751e8b465ee728b)
Start importing Assets/Materials/Materials/XX]PlatformStart.mat using Guid(0932aeac3d5889c44b54c64ec255e32b) Importer(815301076,1909f56bfc062723c751e8b465ee728b)  -> (artifact id: 'd7bce2f91ae24e3b4f4c9cf02e7dbb97') in 0.098073 seconds 
========================================================================
Received Import Request.
  Time since last request: 0.343533 seconds.
  path: Assets/TextMesh Pro/Examples & Extras/Materials/Crate - Surface Shader Scene.mat
  artifactKey: Guid(e6b9b44320f4448d9d5e0ee634259966) Importer(815301076,1909f56bfc062723c751e8b465ee728b)
Start importing Assets/TextMesh Pro/Examples & Extras/Materials/Crate - Surface Shader Scene.mat using Guid(e6b9b44320f4448d9d5e0ee634259966) Importer(815301076,1909f56bfc062723c751e8b465ee728b)  -> (artifact id: 'e243c979de0abcbbc081bbf51d41d287') in 0.177427 seconds 
========================================================================
Received Import Request.
  Time since last request: 78.974122 seconds.
  path: Assets/Models/Models/Models/naturePack_162.obj
  artifactKey: Guid(59f7728697ba0204697e1b56cafab91a) Importer(815301076,1909f56bfc062723c751e8b465ee728b)
Start importing Assets/Models/Models/Models/naturePack_162.obj using Guid(59f7728697ba0204697e1b56cafab91a) Importer(815301076,1909f56bfc062723c751e8b465ee728b)  -> (artifact id: '1bfe33078de24271644e5cf90700a26a') in 0.070138 seconds 
========================================================================
Received Import Request.
  Time since last request: 0.000022 seconds.
  path: Assets/Models/Models/Models/naturePack_038.obj
  artifactKey: Guid(033096627114e9345a6989f593d124de) Importer(815301076,1909f56bfc062723c751e8b465ee728b)
Start importing Assets/Models/Models/Models/naturePack_038.obj using Guid(033096627114e9345a6989f593d124de) Importer(815301076,1909f56bfc062723c751e8b465ee728b)  -> (artifact id: 'ecace609decced8dde4d8e32a287d483') in 0.043300 seconds 
========================================================================
Received Import Request.
  Time since last request: 0.000027 seconds.
  path: Assets/Models/Models/Models/naturePack_034.obj
  artifactKey: Guid(0bc41846fb257bf46bebf1d48aa189b8) Importer(815301076,1909f56bfc062723c751e8b465ee728b)
Start importing Assets/Models/Models/Models/naturePack_034.obj using Guid(0bc41846fb257bf46bebf1d48aa189b8) Importer(815301076,1909f56bfc062723c751e8b465ee728b)  -> (artifact id: '6ae246262bc675e54c9378e66a9f5555') in 0.041924 seconds 
========================================================================
Received Import Request.
  Time since last request: 0.000029 seconds.
  path: Assets/Models/Models/naturePack_074.obj
  artifactKey: Guid(2a0a641c666630f47a8f736a179b1d48) Importer(815301076,1909f56bfc062723c751e8b465ee728b)
Start importing Assets/Models/Models/naturePack_074.obj using Guid(2a0a641c666630f47a8f736a179b1d48) Importer(815301076,1909f56bfc062723c751e8b465ee728b)  -> (artifact id: '697141060e6cfd88b95217db9ddf60f0') in 0.042161 seconds 
========================================================================
Received Import Request.
  Time since last request: 0.000027 seconds.
  path: Assets/Models/Models/Models/naturePack_169.obj
  artifactKey: Guid(ee83d95faf3340441a3651f03a4cc27e) Importer(815301076,1909f56bfc062723c751e8b465ee728b)
Start importing Assets/Models/Models/Models/naturePack_169.obj using Guid(ee83d95faf3340441a3651f03a4cc27e) Importer(815301076,1909f56bfc062723c751e8b465ee728b)  -> (artifact id: '77c02f4a319681b789c02d0172f8017e') in 0.053046 seconds 
========================================================================
Received Import Request.
  Time since last request: 0.000028 seconds.
  path: Assets/Models/Models/Models/naturePack_168.obj
  artifactKey: Guid(dc5b85669419f2842916d251ff2b3d1f) Importer(815301076,1909f56bfc062723c751e8b465ee728b)
Start importing Assets/Models/Models/Models/naturePack_168.obj using Guid(dc5b85669419f2842916d251ff2b3d1f) Importer(815301076,1909f56bfc062723c751e8b465ee728b)  -> (artifact id: '570bb1837ba0b55b6f987aa752fcef0a') in 0.044043 seconds 
========================================================================
Received Import Request.
  Time since last request: 0.000041 seconds.
  path: Assets/TextMesh Pro/Examples & Extras/Resources/Color Gradient Presets/Yellow to Orange - Vertical.asset
  artifactKey: Guid(69a525efa7e6472eab268f6ea605f06e) Importer(815301076,1909f56bfc062723c751e8b465ee728b)
Start importing Assets/TextMesh Pro/Examples & Extras/Resources/Color Gradient Presets/Yellow to Orange - Vertical.asset using Guid(69a525efa7e6472eab268f6ea605f06e) Importer(815301076,1909f56bfc062723c751e8b465ee728b)  -> (artifact id: '6bc35c52dcf025d88c6bb873ec9cdcf3') in 0.013393 seconds 
========================================================================
Received Import Request.
  Time since last request: 0.000024 seconds.
  path: Assets/Models/Models/Models/naturePack_019.obj
  artifactKey: Guid(dfa057619c518224798d4c7096ef0b9b) Importer(815301076,1909f56bfc062723c751e8b465ee728b)
Start importing Assets/Models/Models/Models/naturePack_019.obj using Guid(dfa057619c518224798d4c7096ef0b9b) Importer(815301076,1909f56bfc062723c751e8b465ee728b)  -> (artifact id: '22e347074bff94ba138c00e6b867abf1') in 0.027932 seconds 
========================================================================
Received Import Request.
  Time since last request: 0.000027 seconds.
  path: Assets/Models/Models/Models/naturePack_022.obj
  artifactKey: Guid(be480dcfab7002a49b81a5a8a82be206) Importer(815301076,1909f56bfc062723c751e8b465ee728b)
Start importing Assets/Models/Models/Models/naturePack_022.obj using Guid(be480dcfab7002a49b81a5a8a82be206) Importer(815301076,1909f56bfc062723c751e8b465ee728b)  -> (artifact id: 'a6aaf4d290d73542e149e636c62988c7') in 0.025081 seconds 
========================================================================
Received Import Request.
  Time since last request: 0.000028 seconds.
  path: Assets/Models/Models/naturePack_078.obj
  artifactKey: Guid(144359867f2f42b479527c06c2c5d9d7) Importer(815301076,1909f56bfc062723c751e8b465ee728b)
Start importing Assets/Models/Models/naturePack_078.obj using Guid(144359867f2f42b479527c06c2c5d9d7) Importer(815301076,1909f56bfc062723c751e8b465ee728b)  -> (artifact id: '327c85af9a6b129da9f1505e3ee495c0') in 0.038144 seconds 
========================================================================
Received Import Request.
  Time since last request: 0.000034 seconds.
  path: Assets/Models/Models/Models/naturePack_071.obj
  artifactKey: Guid(0b5a6cfe891bb7a43a841f15ca77ddb9) Importer(815301076,1909f56bfc062723c751e8b465ee728b)
Start importing Assets/Models/Models/Models/naturePack_071.obj using Guid(0b5a6cfe891bb7a43a841f15ca77ddb9) Importer(815301076,1909f56bfc062723c751e8b465ee728b)  -> (artifact id: '36d9323c85792e3bdcc25379324d3099') in 0.029527 seconds 
========================================================================
Received Import Request.
  Time since last request: 0.000039 seconds.
  path: Assets/Models/Models/Models/naturePack_037.obj
  artifactKey: Guid(2bfdb4c5285675b4799a36ece63545f8) Importer(815301076,1909f56bfc062723c751e8b465ee728b)
Start importing Assets/Models/Models/Models/naturePack_037.obj using Guid(2bfdb4c5285675b4799a36ece63545f8) Importer(815301076,1909f56bfc062723c751e8b465ee728b)  -> (artifact id: '3907f77855c10b4e5c9561a9c1b8846a') in 0.026032 seconds 
========================================================================
Received Import Request.
  Time since last request: 0.000021 seconds.
  path: Assets/Models/Models/naturePack_109.obj
  artifactKey: Guid(7ec84969ed2df3e44af6d65eea3d4a0e) Importer(815301076,1909f56bfc062723c751e8b465ee728b)
Start importing Assets/Models/Models/naturePack_109.obj using Guid(7ec84969ed2df3e44af6d65eea3d4a0e) Importer(815301076,1909f56bfc062723c751e8b465ee728b)  -> (artifact id: '3f05403acaa038a5deb13bfcd0cc45c8') in 0.029204 seconds 
========================================================================
Received Import Request.
  Time since last request: 0.000025 seconds.
  path: Assets/Models/Models/Models/naturePack_149.obj
  artifactKey: Guid(891e874c1a394d541ad89128ed8bf590) Importer(815301076,1909f56bfc062723c751e8b465ee728b)
Start importing Assets/Models/Models/Models/naturePack_149.obj using Guid(891e874c1a394d541ad89128ed8bf590) Importer(815301076,1909f56bfc062723c751e8b465ee728b)  -> (artifact id: '812dca4617168d8189dde2e6d095d8a8') in 0.027233 seconds 
========================================================================
Received Import Request.
  Time since last request: 0.000034 seconds.
  path: Assets/Models/Models/naturePack_114.obj
  artifactKey: Guid(c12b1097c78c7684485be1c061b3e0b8) Importer(815301076,1909f56bfc062723c751e8b465ee728b)
Start importing Assets/Models/Models/naturePack_114.obj using Guid(c12b1097c78c7684485be1c061b3e0b8) Importer(815301076,1909f56bfc062723c751e8b465ee728b)  -> (artifact id: 'cb8b265d72aab24ddf37c3ecb3b2f6b9') in 0.025937 seconds 
========================================================================
Received Import Request.
  Time since last request: 0.000032 seconds.
  path: Assets/Models/Models/Models/naturePack_017.obj
  artifactKey: Guid(b1fbabe6a594ad949a358d40e40058b9) Importer(815301076,1909f56bfc062723c751e8b465ee728b)
Start importing Assets/Models/Models/Models/naturePack_017.obj using Guid(b1fbabe6a594ad949a358d40e40058b9) Importer(815301076,1909f56bfc062723c751e8b465ee728b)  -> (artifact id: 'c632322109e99f976c353cfc98039d93') in 0.025504 seconds 
========================================================================
Received Import Request.
  Time since last request: 0.000029 seconds.
  path: Assets/Materials/Materials/XXWood.mat
  artifactKey: Guid(4ce07ef0402cdad4f83eb94473afc47f) Importer(815301076,1909f56bfc062723c751e8b465ee728b)
Start importing Assets/Materials/Materials/XXWood.mat using Guid(4ce07ef0402cdad4f83eb94473afc47f) Importer(815301076,1909f56bfc062723c751e8b465ee728b)  -> (artifact id: '3fc0e773489d3f28ad404bbb08108752') in 0.016081 seconds 
========================================================================
Received Import Request.
  Time since last request: 0.000026 seconds.
  path: Assets/Models/Models/Models/naturePack_175.obj
  artifactKey: Guid(0d07c02b7116a9f498501a85686912e0) Importer(815301076,1909f56bfc062723c751e8b465ee728b)
Start importing Assets/Models/Models/Models/naturePack_175.obj using Guid(0d07c02b7116a9f498501a85686912e0) Importer(815301076,1909f56bfc062723c751e8b465ee728b)  -> (artifact id: '1b59097af68b147782a157a4e23db3f9') in 0.027136 seconds 
========================================================================
Received Import Request.
  Time since last request: 0.000036 seconds.
  path: Assets/Models/Models/Models/naturePack_147.obj
  artifactKey: Guid(c670053f4ba5aa2499155a7b9c70be6b) Importer(815301076,1909f56bfc062723c751e8b465ee728b)
Start importing Assets/Models/Models/Models/naturePack_147.obj using Guid(c670053f4ba5aa2499155a7b9c70be6b) Importer(815301076,1909f56bfc062723c751e8b465ee728b)  -> (artifact id: 'bc0b8e33714384e89354e29622c156a0') in 0.029819 seconds 
========================================================================
Received Import Request.
  Time since last request: 0.000037 seconds.
  path: Assets/Models/Models/Models/naturePack_151.obj
  artifactKey: Guid(0a8ad3869bdd07c45971694f9d43f816) Importer(815301076,1909f56bfc062723c751e8b465ee728b)
Start importing Assets/Models/Models/Models/naturePack_151.obj using Guid(0a8ad3869bdd07c45971694f9d43f816) Importer(815301076,1909f56bfc062723c751e8b465ee728b)  -> (artifact id: 'bef87a86698c0a3626073435ba48587a') in 0.025768 seconds 
========================================================================
Received Import Request.
  Time since last request: 0.000023 seconds.
  path: Assets/Models/Models/Models/naturePack_036.obj
  artifactKey: Guid(e4b32c3cf7a02cd4e8c4944148f2406a) Importer(815301076,1909f56bfc062723c751e8b465ee728b)
Start importing Assets/Models/Models/Models/naturePack_036.obj using Guid(e4b32c3cf7a02cd4e8c4944148f2406a) Importer(815301076,1909f56bfc062723c751e8b465ee728b)  -> (artifact id: '5ad96e82ac606445fb66cc43bc530cae') in 0.024842 seconds 
========================================================================
Received Import Request.
  Time since last request: 0.000020 seconds.
  path: Assets/Models/Models/naturePack_080.obj
  artifactKey: Guid(13c5579fe99c1f647a972f28b0f3090a) Importer(815301076,1909f56bfc062723c751e8b465ee728b)
Start importing Assets/Models/Models/naturePack_080.obj using Guid(13c5579fe99c1f647a972f28b0f3090a) Importer(815301076,1909f56bfc062723c751e8b465ee728b)  -> (artifact id: '0a00b2084a4188dd9e24d100ff595cfa') in 0.022142 seconds 
========================================================================
Received Import Request.
  Time since last request: 0.000023 seconds.
  path: Assets/Models/Models/Models/naturePack_155.obj
  artifactKey: Guid(28764ae8b2f174843bca9d1b405cb6c0) Importer(815301076,1909f56bfc062723c751e8b465ee728b)
Start importing Assets/Models/Models/Models/naturePack_155.obj using Guid(28764ae8b2f174843bca9d1b405cb6c0) Importer(815301076,1909f56bfc062723c751e8b465ee728b)  -> (artifact id: '8f36a71d6638539764ac77676f864e03') in 0.026095 seconds 
Editor requested this worker to shutdown with reason: Scaling down because of idle timeout
AssetImportWorker is now disconnected from the server
Process exiting
Exiting without the bug reporter. Application will terminate with return code 0