Using pre-set license
Built from '2021.3/release' branch; Version is '2021.3.12f1 (8af3c3e441b1) revision 9106371'; Using compiler version '192829333'; Build Type 'Release'
OS: 'Windows 11  (10.0.22621) 64bit Core' Language: 'en' Physical Memory: 16061 MB
BatchMode: 1, IsHumanControllingUs: 0, StartBugReporterOnCrash: 0, Is64bit: 1, IsPro: 1

COMMAND LINE ARGUMENTS:
C:\Program Files\Unity 2021.3.12f1\Editor\Unity.exe
-adb2
-batchMode
-noUpm
-name
AssetImportWorker7
-projectPath
C:/Users/earth/Specialization/holbertonschool-unity/0x00-unity-assets_ui
-logFile
Logs/AssetImportWorker7.log
-srvPort
49173
Successfully changed project path to: C:/Users/earth/Specialization/holbertonschool-unity/0x00-unity-assets_ui
C:/Users/earth/Specialization/holbertonschool-unity/0x00-unity-assets_ui
[UnityMemory] Configuration Parameters - Can be set up in boot.config
    "memorysetup-bucket-allocator-granularity=16"
    "memorysetup-bucket-allocator-bucket-count=8"
    "memorysetup-bucket-allocator-block-size=33554432"
    "memorysetup-bucket-allocator-block-count=8"
    "memorysetup-main-allocator-block-size=16777216"
    "memorysetup-thread-allocator-block-size=16777216"
    "memorysetup-gfx-main-allocator-block-size=16777216"
    "memorysetup-gfx-thread-allocator-block-size=16777216"
    "memorysetup-cache-allocator-block-size=4194304"
    "memorysetup-typetree-allocator-block-size=2097152"
    "memorysetup-profiler-bucket-allocator-granularity=16"
    "memorysetup-profiler-bucket-allocator-bucket-count=8"
    "memorysetup-profiler-bucket-allocator-block-size=33554432"
    "memorysetup-profiler-bucket-allocator-block-count=8"
    "memorysetup-profiler-allocator-block-size=16777216"
    "memorysetup-profiler-editor-allocator-block-size=1048576"
    "memorysetup-temp-allocator-size-main=16777216"
    "memorysetup-job-temp-allocator-block-size=2097152"
    "memorysetup-job-temp-allocator-block-size-background=1048576"
    "memorysetup-job-temp-allocator-reduction-small-platforms=262144"
    "memorysetup-temp-allocator-size-background-worker=32768"
    "memorysetup-temp-allocator-size-job-worker=262144"
    "memorysetup-temp-allocator-size-preload-manager=33554432"
    "memorysetup-temp-allocator-size-nav-mesh-worker=65536"
    "memorysetup-temp-allocator-size-audio-worker=65536"
    "memorysetup-temp-allocator-size-cloud-worker=32768"
    "memorysetup-temp-allocator-size-gi-baking-worker=262144"
    "memorysetup-temp-allocator-size-gfx=262144"
Refreshing native plugins compatible for Editor in 74.43 ms, found 3 plugins.
Preloading 0 native plugins for Editor in 0.00 ms.
Initialize engine version: 2021.3.12f1 (8af3c3e441b1)
[Subsystems] Discovering subsystems at path C:/Program Files/Unity 2021.3.12f1/Editor/Data/Resources/UnitySubsystems
[Subsystems] Discovering subsystems at path C:/Users/earth/Specialization/holbertonschool-unity/0x00-unity-assets_ui/Assets
GfxDevice: creating device client; threaded=0; jobified=0
Direct3D:
    Version:  Direct3D 11.0 [level 11.1]
    Renderer: NVIDIA GeForce RTX 3060 Laptop GPU (ID=0x2520)
    Vendor:   NVIDIA
    VRAM:     6023 MB
    Driver:   30.0.15.1278
Initialize mono
Mono path[0] = 'C:/Program Files/Unity 2021.3.12f1/Editor/Data/Managed'
Mono path[1] = 'C:/Program Files/Unity 2021.3.12f1/Editor/Data/MonoBleedingEdge/lib/mono/unityjit-win32'
Mono config path = 'C:/Program Files/Unity 2021.3.12f1/Editor/Data/MonoBleedingEdge/etc'
Using monoOptions --debugger-agent=transport=dt_socket,embedding=1,server=y,suspend=n,address=127.0.0.1:56428
Begin MonoManager ReloadAssembly
Registering precompiled unity dll's ...
Register platform support module: C:/Program Files/Unity 2021.3.12f1/Editor/Data/PlaybackEngines/WindowsStandaloneSupport/UnityEditor.WindowsStandalone.Extensions.dll
Registered in 0.002915 seconds.
Native extension for WindowsStandalone target not found
Refreshing native plugins compatible for Editor in 65.64 ms, found 3 plugins.
Preloading 0 native plugins for Editor in 0.00 ms.
Mono: successfully reloaded assembly
- Completed reload, in  0.534 seconds
Domain Reload Profiling:
	ReloadAssembly (534ms)
		BeginReloadAssembly (68ms)
			ExecutionOrderSort (0ms)
			DisableScriptedObjects (0ms)
			BackupInstance (0ms)
			ReleaseScriptingObjects (0ms)
			CreateAndSetChildDomain (1ms)
		EndReloadAssembly (369ms)
			LoadAssemblies (66ms)
			RebuildTransferFunctionScriptingTraits (0ms)
			SetupTypeCache (103ms)
			ReleaseScriptCaches (0ms)
			RebuildScriptCaches (23ms)
			SetupLoadedEditorAssemblies (201ms)
				LogAssemblyErrors (0ms)
				InitializePlatformSupportModulesInManaged (6ms)
				SetLoadedEditorAssemblies (0ms)
				RefreshPlugins (66ms)
				BeforeProcessingInitializeOnLoad (1ms)
				ProcessInitializeOnLoadAttributes (96ms)
				ProcessInitializeOnLoadMethodAttributes (31ms)
				AfterProcessingInitializeOnLoad (0ms)
				EditorAssembliesLoaded (0ms)
			ExecutionOrderSort2 (0ms)
			AwakeInstancesAfterBackupRestoration (0ms)
Platform modules already initialized, skipping
Registering precompiled user dll's ...
Registered in 0.003072 seconds.
Begin MonoManager ReloadAssembly
Symbol file LoadedFromMemory doesn't match image C:\Users\earth\Specialization\holbertonschool-unity\0x00-unity-assets_ui\Library\PackageCache\com.unity.visualscripting@1.7.8\Editor\VisualScripting.Core\Dependencies\YamlDotNet\Unity.VisualScripting.YamlDotNet.dll
Symbol file LoadedFromMemory doesn't match image C:\Users\earth\Specialization\holbertonschool-unity\0x00-unity-assets_ui\Library\PackageCache\com.unity.visualscripting@1.7.8\Editor\VisualScripting.Core\Dependencies\DotNetZip\Unity.VisualScripting.IonicZip.dll
Native extension for WindowsStandalone target not found
Refreshing native plugins compatible for Editor in 0.74 ms, found 3 plugins.
Preloading 0 native plugins for Editor in 0.00 ms.
Mono: successfully reloaded assembly
- Completed reload, in  0.707 seconds
Domain Reload Profiling:
	ReloadAssembly (708ms)
		BeginReloadAssembly (80ms)
			ExecutionOrderSort (0ms)
			DisableScriptedObjects (4ms)
			BackupInstance (0ms)
			ReleaseScriptingObjects (0ms)
			CreateAndSetChildDomain (16ms)
		EndReloadAssembly (545ms)
			LoadAssemblies (59ms)
			RebuildTransferFunctionScriptingTraits (0ms)
			SetupTypeCache (163ms)
			ReleaseScriptCaches (1ms)
			RebuildScriptCaches (40ms)
			SetupLoadedEditorAssemblies (259ms)
				LogAssemblyErrors (0ms)
				InitializePlatformSupportModulesInManaged (3ms)
				SetLoadedEditorAssemblies (0ms)
				RefreshPlugins (1ms)
				BeforeProcessingInitializeOnLoad (60ms)
				ProcessInitializeOnLoadAttributes (169ms)
				ProcessInitializeOnLoadMethodAttributes (21ms)
				AfterProcessingInitializeOnLoad (4ms)
				EditorAssembliesLoaded (0ms)
			ExecutionOrderSort2 (0ms)
			AwakeInstancesAfterBackupRestoration (4ms)
Platform modules already initialized, skipping
========================================================================
Worker process is ready to serve import requests
Launched and connected shader compiler UnityShaderCompiler.exe after 0.03 seconds
Refreshing native plugins compatible for Editor in 0.72 ms, found 3 plugins.
Preloading 0 native plugins for Editor in 0.00 ms.
Unloading 3324 Unused Serialized files (Serialized files now loaded: 0)
Unloading 24 unused Assets / (56.1 KB). Loaded Objects now: 3786.
Memory consumption went from 118.0 MB to 117.9 MB.
Total: 2.532400 ms (FindLiveObjects: 0.275700 ms CreateObjectMapping: 0.133900 ms MarkObjects: 2.047600 ms  DeleteObjects: 0.074100 ms)

AssetImportParameters requested are different than current active one (requested -> active):
  custom:video-decoder-ogg-theora: a1e56fd34408186e4bbccfd4996cb3dc -> 
  custom:container-muxer-webm: aa71ff27fc2769a1b78a27578f13a17b -> 
  custom:container-demuxer-webm: 4f35f7cbe854078d1ac9338744f61a02 -> 
  custom:video-encoder-webm-vp8: eb34c28f22e8b96e1ab97ce403110664 -> 
  custom:video-codec-MediaFoundation-h265: 746d11721c4dcdbdad8f713fa42b33f4 -> 
  custom:audio-encoder-webm-vorbis: bf7c407c2cedff20999df2af8eb42d56 -> 
  custom:framework-win-MediaFoundation: 216162199b28c13a410421893ffa2e32 -> 
  custom:container-demuxer-ogg: 62fdf1f143b41e24485cea50d1cbac27 -> 
  custom:video-decoder-webm-vp8: 9c59270c3fd7afecdb556c50c9e8de78 -> 
  custom:audio-decoder-ogg-vorbis: bf7c407c2cedff20999df2af8eb42d56 -> 
========================================================================
Received Prepare
Registering precompiled user dll's ...
Registered in 0.003279 seconds.
Begin MonoManager ReloadAssembly
Symbol file LoadedFromMemory doesn't match image C:\Users\earth\Specialization\holbertonschool-unity\0x00-unity-assets_ui\Library\PackageCache\com.unity.visualscripting@1.7.8\Editor\VisualScripting.Core\Dependencies\YamlDotNet\Unity.VisualScripting.YamlDotNet.dll
Symbol file LoadedFromMemory doesn't match image C:\Users\earth\Specialization\holbertonschool-unity\0x00-unity-assets_ui\Library\PackageCache\com.unity.visualscripting@1.7.8\Editor\VisualScripting.Core\Dependencies\DotNetZip\Unity.VisualScripting.IonicZip.dll
Native extension for WindowsStandalone target not found
Refreshing native plugins compatible for Editor in 0.99 ms, found 3 plugins.
Preloading 0 native plugins for Editor in 0.00 ms.
Mono: successfully reloaded assembly
- Completed reload, in  0.720 seconds
Domain Reload Profiling:
	ReloadAssembly (721ms)
		BeginReloadAssembly (101ms)
			ExecutionOrderSort (0ms)
			DisableScriptedObjects (4ms)
			BackupInstance (0ms)
			ReleaseScriptingObjects (0ms)
			CreateAndSetChildDomain (31ms)
		EndReloadAssembly (551ms)
			LoadAssemblies (60ms)
			RebuildTransferFunctionScriptingTraits (0ms)
			SetupTypeCache (169ms)
			ReleaseScriptCaches (1ms)
			RebuildScriptCaches (33ms)
			SetupLoadedEditorAssemblies (251ms)
				LogAssemblyErrors (0ms)
				InitializePlatformSupportModulesInManaged (10ms)
				SetLoadedEditorAssemblies (0ms)
				RefreshPlugins (1ms)
				BeforeProcessingInitializeOnLoad (49ms)
				ProcessInitializeOnLoadAttributes (161ms)
				ProcessInitializeOnLoadMethodAttributes (24ms)
				AfterProcessingInitializeOnLoad (5ms)
				EditorAssembliesLoaded (0ms)
			ExecutionOrderSort2 (0ms)
			AwakeInstancesAfterBackupRestoration (5ms)
Platform modules already initialized, skipping
Refreshing native plugins compatible for Editor in 1.83 ms, found 3 plugins.
Preloading 0 native plugins for Editor in 0.00 ms.
Unloading 3305 Unused Serialized files (Serialized files now loaded: 0)
Unloading 17 unused Assets / (24.6 KB). Loaded Objects now: 3789.
Memory consumption went from 116.4 MB to 116.4 MB.
Total: 2.458200 ms (FindLiveObjects: 0.284300 ms CreateObjectMapping: 0.080500 ms MarkObjects: 2.064300 ms  DeleteObjects: 0.027400 ms)

AssetImportParameters requested are different than current active one (requested -> active):
  custom:video-decoder-ogg-theora: a1e56fd34408186e4bbccfd4996cb3dc -> 
  custom:container-muxer-webm: aa71ff27fc2769a1b78a27578f13a17b -> 
  custom:container-demuxer-webm: 4f35f7cbe854078d1ac9338744f61a02 -> 
  custom:video-encoder-webm-vp8: eb34c28f22e8b96e1ab97ce403110664 -> 
  custom:video-codec-MediaFoundation-h265: 746d11721c4dcdbdad8f713fa42b33f4 -> 
  custom:audio-encoder-webm-vorbis: bf7c407c2cedff20999df2af8eb42d56 -> 
  custom:framework-win-MediaFoundation: 216162199b28c13a410421893ffa2e32 -> 
  custom:container-demuxer-ogg: 62fdf1f143b41e24485cea50d1cbac27 -> 
  custom:video-decoder-webm-vp8: 9c59270c3fd7afecdb556c50c9e8de78 -> 
  custom:audio-decoder-ogg-vorbis: bf7c407c2cedff20999df2af8eb42d56 -> 
========================================================================
Received Import Request.
  Time since last request: 191246.173352 seconds.
  path: Assets/TextMesh Pro/Examples & Extras/Resources/Fonts & Materials/Electronic Highway Sign SDF.asset
  artifactKey: Guid(dc36b3fdc14f47ebb36fd484a67e268a) Importer(815301076,1909f56bfc062723c751e8b465ee728b)
Start importing Assets/TextMesh Pro/Examples & Extras/Resources/Fonts & Materials/Electronic Highway Sign SDF.asset using Guid(dc36b3fdc14f47ebb36fd484a67e268a) Importer(815301076,1909f56bfc062723c751e8b465ee728b)  -> (artifact id: 'e0fd14a01a08504dcfe9f0b19caed42d') in 0.129885 seconds 
========================================================================
Received Import Request.
  Time since last request: 99.526275 seconds.
  path: Assets/Models/Models/Models/naturePack_080.obj
  artifactKey: Guid(7a0db3ad0d16c9d42b11da1a159150fd) Importer(815301076,1909f56bfc062723c751e8b465ee728b)
Start importing Assets/Models/Models/Models/naturePack_080.obj using Guid(7a0db3ad0d16c9d42b11da1a159150fd) Importer(815301076,1909f56bfc062723c751e8b465ee728b)  -> (artifact id: '01b6349da68e642986fd7c31f48fbfad') in 0.074441 seconds 
========================================================================
Received Import Request.
  Time since last request: 0.000026 seconds.
  path: Assets/Models/Models/naturePack_086.obj
  artifactKey: Guid(2a83f2d9f002ac34489b5dc1ea8f5fb7) Importer(815301076,1909f56bfc062723c751e8b465ee728b)
Start importing Assets/Models/Models/naturePack_086.obj using Guid(2a83f2d9f002ac34489b5dc1ea8f5fb7) Importer(815301076,1909f56bfc062723c751e8b465ee728b)  -> (artifact id: '8540ed4fe2c72055b797a054fd053f55') in 0.042663 seconds 
========================================================================
Received Import Request.
  Time since last request: 0.000069 seconds.
  path: Packages/com.unity.collab-proxy/Editor/PlasticSCM/Assets/Images/loading.png
  artifactKey: Guid(c6b1bcaa3f4767141acd747384dbb276) Importer(815301076,1909f56bfc062723c751e8b465ee728b)
Start importing Packages/com.unity.collab-proxy/Editor/PlasticSCM/Assets/Images/loading.png using Guid(c6b1bcaa3f4767141acd747384dbb276) Importer(815301076,1909f56bfc062723c751e8b465ee728b)  -> (artifact id: 'a30f0de66e3c8e4b79132b6265c40c6a') in 0.032923 seconds 
========================================================================
Received Import Request.
  Time since last request: 0.000034 seconds.
  path: Assets/Models/Models/Models/naturePack_086.obj
  artifactKey: Guid(bbc28e4464e37cb4e9cc9fccd2a796ca) Importer(815301076,1909f56bfc062723c751e8b465ee728b)
Start importing Assets/Models/Models/Models/naturePack_086.obj using Guid(bbc28e4464e37cb4e9cc9fccd2a796ca) Importer(815301076,1909f56bfc062723c751e8b465ee728b)  -> (artifact id: '8f4520036d3efda1e30ba8ab5063215d') in 0.034043 seconds 
========================================================================
Received Import Request.
  Time since last request: 0.000025 seconds.
  path: Packages/com.unity.collab-proxy/Editor/PlasticSCM/Assets/Images/loading@2x.png
  artifactKey: Guid(5dbc069eb79bd4d43840847264d6d956) Importer(815301076,1909f56bfc062723c751e8b465ee728b)
Start importing Packages/com.unity.collab-proxy/Editor/PlasticSCM/Assets/Images/loading@2x.png using Guid(5dbc069eb79bd4d43840847264d6d956) Importer(815301076,1909f56bfc062723c751e8b465ee728b)  -> (artifact id: '974597ffb21f250b4feec2875994d488') in 0.025233 seconds 
========================================================================
Received Import Request.
  Time since last request: 0.000022 seconds.
  path: Packages/com.unity.collab-proxy/Editor/Collaborate/Assets/Icons/merge-conflicts-light@2x.png
  artifactKey: Guid(56adf392a7d080448ab9b85e27356d2e) Importer(815301076,1909f56bfc062723c751e8b465ee728b)
Start importing Packages/com.unity.collab-proxy/Editor/Collaborate/Assets/Icons/merge-conflicts-light@2x.png using Guid(56adf392a7d080448ab9b85e27356d2e) Importer(815301076,1909f56bfc062723c751e8b465ee728b)  -> (artifact id: 'e61b9dffb4f1c3b1b602aa94b3bed60c') in 0.013363 seconds 
========================================================================
Received Import Request.
  Time since last request: 0.000018 seconds.
  path: Packages/com.unity.collab-proxy/Editor/Collaborate/Assets/Icons/merge-conflicts-dark@2x.png
  artifactKey: Guid(7dc96f2ba3659a64eb632128d0705ddc) Importer(815301076,1909f56bfc062723c751e8b465ee728b)
Start importing Packages/com.unity.collab-proxy/Editor/Collaborate/Assets/Icons/merge-conflicts-dark@2x.png using Guid(7dc96f2ba3659a64eb632128d0705ddc) Importer(815301076,1909f56bfc062723c751e8b465ee728b)  -> (artifact id: 'ebe876973d392ebde7ce56ebe944e0d9') in 0.017696 seconds 
========================================================================
Received Import Request.
  Time since last request: 0.000047 seconds.
  path: Assets/Models/Models/Models/naturePack_138.obj
  artifactKey: Guid(351c7755482028f43b337ef473c9560e) Importer(815301076,1909f56bfc062723c751e8b465ee728b)
Start importing Assets/Models/Models/Models/naturePack_138.obj using Guid(351c7755482028f43b337ef473c9560e) Importer(815301076,1909f56bfc062723c751e8b465ee728b)  -> (artifact id: '9be943442a285d9781aaefdcf1e62be2') in 0.029902 seconds 
========================================================================
Received Import Request.
  Time since last request: 0.000017 seconds.
  path: Packages/com.unity.collab-proxy/Editor/Collaborate/Assets/Layouts/ListNotice.uxml
  artifactKey: Guid(ce3b1c47301f979449f9bd6f0dcdd469) Importer(815301076,1909f56bfc062723c751e8b465ee728b)
Start importing Packages/com.unity.collab-proxy/Editor/Collaborate/Assets/Layouts/ListNotice.uxml using Guid(ce3b1c47301f979449f9bd6f0dcdd469) Importer(815301076,1909f56bfc062723c751e8b465ee728b)  -> (artifact id: 'cb4f33ec2a0bb7f67a8857747e7fc5d8') in 0.012013 seconds 
========================================================================
Received Import Request.
  Time since last request: 0.000061 seconds.
  path: Packages/com.unity.collab-proxy/Editor/Collaborate/Assets/Icons/loading-light@2x.png
  artifactKey: Guid(4d614e4edbf542c418d50ec49eed858d) Importer(815301076,1909f56bfc062723c751e8b465ee728b)
Start importing Packages/com.unity.collab-proxy/Editor/Collaborate/Assets/Icons/loading-light@2x.png using Guid(4d614e4edbf542c418d50ec49eed858d) Importer(815301076,1909f56bfc062723c751e8b465ee728b)  -> (artifact id: '9dfdf6b7195e457e60618f0852024bc2') in 0.014211 seconds 
========================================================================
Received Import Request.
  Time since last request: 0.000028 seconds.
  path: Assets/DietChuggLLC/ExampleContent/Environment/LotsRed/LotsRed.prefab
  artifactKey: Guid(25834e5d426f2ce4fbaf822b02af4c3c) Importer(815301076,1909f56bfc062723c751e8b465ee728b)
Start importing Assets/DietChuggLLC/ExampleContent/Environment/LotsRed/LotsRed.prefab using Guid(25834e5d426f2ce4fbaf822b02af4c3c) Importer(815301076,1909f56bfc062723c751e8b465ee728b)  -> (artifact id: 'b297cb506fb3d8c26cc20916b7738ee9') in 0.014843 seconds 
========================================================================
Received Import Request.
  Time since last request: 0.000033 seconds.
  path: Assets/DietChuggLLC/ExampleContent/PaladinPalace/LockedDoor/LockedDoor.prefab
  artifactKey: Guid(13b60059d85b1b6499aea45efa1b1b2a) Importer(815301076,1909f56bfc062723c751e8b465ee728b)
Start importing Assets/DietChuggLLC/ExampleContent/PaladinPalace/LockedDoor/LockedDoor.prefab using Guid(13b60059d85b1b6499aea45efa1b1b2a) Importer(815301076,1909f56bfc062723c751e8b465ee728b)  -> (artifact id: '25bfd32eedc386075fe19aec85de7ec1') in 0.011459 seconds 
========================================================================
Received Import Request.
  Time since last request: 0.000025 seconds.
  path: Packages/com.unity.collab-proxy/Editor/Collaborate/Assets/Icons/loading-dark.png
  artifactKey: Guid(ddc4c89f94d2d994c8d7275e3929ff60) Importer(815301076,1909f56bfc062723c751e8b465ee728b)
Start importing Packages/com.unity.collab-proxy/Editor/Collaborate/Assets/Icons/loading-dark.png using Guid(ddc4c89f94d2d994c8d7275e3929ff60) Importer(815301076,1909f56bfc062723c751e8b465ee728b)  -> (artifact id: '4c70da436fb509f092caea25e664e16e') in 0.014541 seconds 
========================================================================
Received Import Request.
  Time since last request: 0.000023 seconds.
  path: Assets/Models/Models/Models/naturePack_108.obj
  artifactKey: Guid(088af06b4c31a754e9355b0ba48da67f) Importer(815301076,1909f56bfc062723c751e8b465ee728b)
Start importing Assets/Models/Models/Models/naturePack_108.obj using Guid(088af06b4c31a754e9355b0ba48da67f) Importer(815301076,1909f56bfc062723c751e8b465ee728b)  -> (artifact id: '6bb03b99d7bb71c4e7f148aa0e0ff022') in 0.025785 seconds 
========================================================================
Received Import Request.
  Time since last request: 0.000025 seconds.
  path: Packages/com.unity.collab-proxy/Editor/Collaborate/Assets/Icons/merge-dark@2x.png
  artifactKey: Guid(6b972fca7700d6748b66eb72f2072e74) Importer(815301076,1909f56bfc062723c751e8b465ee728b)
Start importing Packages/com.unity.collab-proxy/Editor/Collaborate/Assets/Icons/merge-dark@2x.png using Guid(6b972fca7700d6748b66eb72f2072e74) Importer(815301076,1909f56bfc062723c751e8b465ee728b)  -> (artifact id: 'f624d67a4fdfd021b81600427df9e705') in 0.013382 seconds 
========================================================================
Received Import Request.
  Time since last request: 0.000032 seconds.
  path: Packages/com.unity.services.core/Editor/Core/UiHelpers/UXML/LoggedOut.uxml
  artifactKey: Guid(0e9515598d3bf405bb8311f6d4528e00) Importer(815301076,1909f56bfc062723c751e8b465ee728b)
Start importing Packages/com.unity.services.core/Editor/Core/UiHelpers/UXML/LoggedOut.uxml using Guid(0e9515598d3bf405bb8311f6d4528e00) Importer(815301076,1909f56bfc062723c751e8b465ee728b)  -> (artifact id: '7acbe1d12d4b51e3dc5924fa4309ab44') in 0.011204 seconds 
Editor requested this worker to shutdown with reason: Scaling down because of idle timeout
AssetImportWorker is now disconnected from the server
Process exiting
Exiting without the bug reporter. Application will terminate with return code 0