Using pre-set license
Built from '2021.3/release' branch; Version is '2021.3.12f1 (8af3c3e441b1) revision 9106371'; Using compiler version '192829333'; Build Type 'Release'
OS: 'Windows 11  (10.0.22621) 64bit Core' Language: 'en' Physical Memory: 16061 MB
BatchMode: 1, IsHumanControllingUs: 0, StartBugReporterOnCrash: 0, Is64bit: 1, IsPro: 1

COMMAND LINE ARGUMENTS:
C:\Program Files\Unity 2021.3.12f1\Editor\Unity.exe
-adb2
-batchMode
-noUpm
-name
AssetImportWorker4
-projectPath
C:/Users/earth/Specialization/holbertonschool-unity/0x00-unity-assets_ui
-logFile
Logs/AssetImportWorker4.log
-srvPort
49173
Successfully changed project path to: C:/Users/earth/Specialization/holbertonschool-unity/0x00-unity-assets_ui
C:/Users/earth/Specialization/holbertonschool-unity/0x00-unity-assets_ui
[UnityMemory] Configuration Parameters - Can be set up in boot.config
    "memorysetup-bucket-allocator-granularity=16"
    "memorysetup-bucket-allocator-bucket-count=8"
    "memorysetup-bucket-allocator-block-size=33554432"
    "memorysetup-bucket-allocator-block-count=8"
    "memorysetup-main-allocator-block-size=16777216"
    "memorysetup-thread-allocator-block-size=16777216"
    "memorysetup-gfx-main-allocator-block-size=16777216"
    "memorysetup-gfx-thread-allocator-block-size=16777216"
    "memorysetup-cache-allocator-block-size=4194304"
    "memorysetup-typetree-allocator-block-size=2097152"
    "memorysetup-profiler-bucket-allocator-granularity=16"
    "memorysetup-profiler-bucket-allocator-bucket-count=8"
    "memorysetup-profiler-bucket-allocator-block-size=33554432"
    "memorysetup-profiler-bucket-allocator-block-count=8"
    "memorysetup-profiler-allocator-block-size=16777216"
    "memorysetup-profiler-editor-allocator-block-size=1048576"
    "memorysetup-temp-allocator-size-main=16777216"
    "memorysetup-job-temp-allocator-block-size=2097152"
    "memorysetup-job-temp-allocator-block-size-background=1048576"
    "memorysetup-job-temp-allocator-reduction-small-platforms=262144"
    "memorysetup-temp-allocator-size-background-worker=32768"
    "memorysetup-temp-allocator-size-job-worker=262144"
    "memorysetup-temp-allocator-size-preload-manager=33554432"
    "memorysetup-temp-allocator-size-nav-mesh-worker=65536"
    "memorysetup-temp-allocator-size-audio-worker=65536"
    "memorysetup-temp-allocator-size-cloud-worker=32768"
    "memorysetup-temp-allocator-size-gi-baking-worker=262144"
    "memorysetup-temp-allocator-size-gfx=262144"
Refreshing native plugins compatible for Editor in 77.61 ms, found 3 plugins.
Preloading 0 native plugins for Editor in 0.00 ms.
Initialize engine version: 2021.3.12f1 (8af3c3e441b1)
[Subsystems] Discovering subsystems at path C:/Program Files/Unity 2021.3.12f1/Editor/Data/Resources/UnitySubsystems
[Subsystems] Discovering subsystems at path C:/Users/earth/Specialization/holbertonschool-unity/0x00-unity-assets_ui/Assets
GfxDevice: creating device client; threaded=0; jobified=0
Direct3D:
    Version:  Direct3D 11.0 [level 11.1]
    Renderer: NVIDIA GeForce RTX 3060 Laptop GPU (ID=0x2520)
    Vendor:   NVIDIA
    VRAM:     6023 MB
    Driver:   30.0.15.1278
Initialize mono
Mono path[0] = 'C:/Program Files/Unity 2021.3.12f1/Editor/Data/Managed'
Mono path[1] = 'C:/Program Files/Unity 2021.3.12f1/Editor/Data/MonoBleedingEdge/lib/mono/unityjit-win32'
Mono config path = 'C:/Program Files/Unity 2021.3.12f1/Editor/Data/MonoBleedingEdge/etc'
Using monoOptions --debugger-agent=transport=dt_socket,embedding=1,server=y,suspend=n,address=127.0.0.1:56040
Begin MonoManager ReloadAssembly
Registering precompiled unity dll's ...
Register platform support module: C:/Program Files/Unity 2021.3.12f1/Editor/Data/PlaybackEngines/WindowsStandaloneSupport/UnityEditor.WindowsStandalone.Extensions.dll
Registered in 0.002200 seconds.
Native extension for WindowsStandalone target not found
Refreshing native plugins compatible for Editor in 69.52 ms, found 3 plugins.
Preloading 0 native plugins for Editor in 0.00 ms.
Mono: successfully reloaded assembly
- Completed reload, in  0.554 seconds
Domain Reload Profiling:
	ReloadAssembly (554ms)
		BeginReloadAssembly (66ms)
			ExecutionOrderSort (0ms)
			DisableScriptedObjects (0ms)
			BackupInstance (0ms)
			ReleaseScriptingObjects (0ms)
			CreateAndSetChildDomain (1ms)
		EndReloadAssembly (386ms)
			LoadAssemblies (64ms)
			RebuildTransferFunctionScriptingTraits (0ms)
			SetupTypeCache (102ms)
			ReleaseScriptCaches (0ms)
			RebuildScriptCaches (26ms)
			SetupLoadedEditorAssemblies (212ms)
				LogAssemblyErrors (0ms)
				InitializePlatformSupportModulesInManaged (6ms)
				SetLoadedEditorAssemblies (0ms)
				RefreshPlugins (70ms)
				BeforeProcessingInitializeOnLoad (1ms)
				ProcessInitializeOnLoadAttributes (101ms)
				ProcessInitializeOnLoadMethodAttributes (34ms)
				AfterProcessingInitializeOnLoad (0ms)
				EditorAssembliesLoaded (0ms)
			ExecutionOrderSort2 (0ms)
			AwakeInstancesAfterBackupRestoration (0ms)
Platform modules already initialized, skipping
Registering precompiled user dll's ...
Registered in 0.003453 seconds.
Begin MonoManager ReloadAssembly
Symbol file LoadedFromMemory doesn't match image C:\Users\earth\Specialization\holbertonschool-unity\0x00-unity-assets_ui\Library\PackageCache\com.unity.visualscripting@1.7.8\Editor\VisualScripting.Core\Dependencies\YamlDotNet\Unity.VisualScripting.YamlDotNet.dll
Symbol file LoadedFromMemory doesn't match image C:\Users\earth\Specialization\holbertonschool-unity\0x00-unity-assets_ui\Library\PackageCache\com.unity.visualscripting@1.7.8\Editor\VisualScripting.Core\Dependencies\DotNetZip\Unity.VisualScripting.IonicZip.dll
Native extension for WindowsStandalone target not found
Refreshing native plugins compatible for Editor in 0.61 ms, found 3 plugins.
Preloading 0 native plugins for Editor in 0.00 ms.
Mono: successfully reloaded assembly
- Completed reload, in  0.743 seconds
Domain Reload Profiling:
	ReloadAssembly (743ms)
		BeginReloadAssembly (83ms)
			ExecutionOrderSort (0ms)
			DisableScriptedObjects (5ms)
			BackupInstance (0ms)
			ReleaseScriptingObjects (0ms)
			CreateAndSetChildDomain (18ms)
		EndReloadAssembly (568ms)
			LoadAssemblies (52ms)
			RebuildTransferFunctionScriptingTraits (0ms)
			SetupTypeCache (183ms)
			ReleaseScriptCaches (1ms)
			RebuildScriptCaches (36ms)
			SetupLoadedEditorAssemblies (263ms)
				LogAssemblyErrors (0ms)
				InitializePlatformSupportModulesInManaged (3ms)
				SetLoadedEditorAssemblies (0ms)
				RefreshPlugins (1ms)
				BeforeProcessingInitializeOnLoad (59ms)
				ProcessInitializeOnLoadAttributes (170ms)
				ProcessInitializeOnLoadMethodAttributes (26ms)
				AfterProcessingInitializeOnLoad (4ms)
				EditorAssembliesLoaded (0ms)
			ExecutionOrderSort2 (0ms)
			AwakeInstancesAfterBackupRestoration (4ms)
Platform modules already initialized, skipping
========================================================================
Worker process is ready to serve import requests
Launched and connected shader compiler UnityShaderCompiler.exe after 0.02 seconds
Refreshing native plugins compatible for Editor in 0.68 ms, found 3 plugins.
Preloading 0 native plugins for Editor in 0.00 ms.
Unloading 3324 Unused Serialized files (Serialized files now loaded: 0)
Unloading 24 unused Assets / (56.1 KB). Loaded Objects now: 3786.
Memory consumption went from 118.0 MB to 117.9 MB.
Total: 2.760200 ms (FindLiveObjects: 0.236200 ms CreateObjectMapping: 0.073600 ms MarkObjects: 2.379500 ms  DeleteObjects: 0.069700 ms)

AssetImportParameters requested are different than current active one (requested -> active):
  custom:video-decoder-ogg-theora: a1e56fd34408186e4bbccfd4996cb3dc -> 
  custom:container-muxer-webm: aa71ff27fc2769a1b78a27578f13a17b -> 
  custom:container-demuxer-webm: 4f35f7cbe854078d1ac9338744f61a02 -> 
  custom:video-encoder-webm-vp8: eb34c28f22e8b96e1ab97ce403110664 -> 
  custom:video-codec-MediaFoundation-h265: 746d11721c4dcdbdad8f713fa42b33f4 -> 
  custom:audio-encoder-webm-vorbis: bf7c407c2cedff20999df2af8eb42d56 -> 
  custom:framework-win-MediaFoundation: 216162199b28c13a410421893ffa2e32 -> 
  custom:container-demuxer-ogg: 62fdf1f143b41e24485cea50d1cbac27 -> 
  custom:video-decoder-webm-vp8: 9c59270c3fd7afecdb556c50c9e8de78 -> 
  custom:audio-decoder-ogg-vorbis: bf7c407c2cedff20999df2af8eb42d56 -> 
========================================================================
Received Import Request.
  Time since last request: 189216.652728 seconds.
  path: Assets/Prefabs/RestartButton.prefab
  artifactKey: Guid(e0ab7c870f6acc941b5b2b1072b66071) Importer(815301076,1909f56bfc062723c751e8b465ee728b)
Start importing Assets/Prefabs/RestartButton.prefab using Guid(e0ab7c870f6acc941b5b2b1072b66071) Importer(815301076,1909f56bfc062723c751e8b465ee728b)  -> (artifact id: '17e9f63d5bea04829988aa36bcc8b495') in 0.044679 seconds 
========================================================================
Received Import Request.
  Time since last request: 2.985845 seconds.
  path: Assets/Prefabs/ResumeButton.prefab
  artifactKey: Guid(077ab5537d4074447af6184ae73a76a4) Importer(815301076,1909f56bfc062723c751e8b465ee728b)
Start importing Assets/Prefabs/ResumeButton.prefab using Guid(077ab5537d4074447af6184ae73a76a4) Importer(815301076,1909f56bfc062723c751e8b465ee728b)  -> (artifact id: 'f59770c75b979c83a4be984522f3d440') in 0.004316 seconds 
========================================================================
Received Import Request.
  Time since last request: 144.069232 seconds.
  path: Assets/Prefabs/PauseCanvas.prefab
  artifactKey: Guid(1d18b2da8d41267418e4f1c69d221cc6) Importer(815301076,1909f56bfc062723c751e8b465ee728b)
Start importing Assets/Prefabs/PauseCanvas.prefab using Guid(1d18b2da8d41267418e4f1c69d221cc6) Importer(815301076,1909f56bfc062723c751e8b465ee728b)  -> (artifact id: '8dce7e90268c78879cb78f00d4cc6d35') in 0.007893 seconds 
========================================================================
Received Import Request.
  Time since last request: 602.029454 seconds.
  path: Assets/Models/Models/naturePack_flat_006.obj
  artifactKey: Guid(42c54a54a2cea3e45844b6bfc7cc7fad) Importer(815301076,1909f56bfc062723c751e8b465ee728b)
Start importing Assets/Models/Models/naturePack_flat_006.obj using Guid(42c54a54a2cea3e45844b6bfc7cc7fad) Importer(815301076,1909f56bfc062723c751e8b465ee728b)  -> (artifact id: '102dd3b055f62efded0c524892daaa41') in 0.123846 seconds 
========================================================================
Received Import Request.
  Time since last request: 1.160052 seconds.
  path: Assets/Models/Models/naturePack_flat_003.obj
  artifactKey: Guid(d3b4fd85abb77e749aedf97791d9a309) Importer(815301076,1909f56bfc062723c751e8b465ee728b)
Start importing Assets/Models/Models/naturePack_flat_003.obj using Guid(d3b4fd85abb77e749aedf97791d9a309) Importer(815301076,1909f56bfc062723c751e8b465ee728b)  -> (artifact id: '75290ca783fbe7b343e541ceee2cdf17') in 0.030595 seconds 
========================================================================
Received Import Request.
  Time since last request: 0.000025 seconds.
  path: Assets/Models/Models/Models/naturePack_flat_005.obj
  artifactKey: Guid(4e931bd3e92ff3a4ca86f21ddf7bb2e2) Importer(815301076,1909f56bfc062723c751e8b465ee728b)
Start importing Assets/Models/Models/Models/naturePack_flat_005.obj using Guid(4e931bd3e92ff3a4ca86f21ddf7bb2e2) Importer(815301076,1909f56bfc062723c751e8b465ee728b)  -> (artifact id: 'c319fdcc9e7dcff3a6e4ce79414771d8') in 0.074130 seconds 
========================================================================
Received Import Request.
  Time since last request: 0.000035 seconds.
  path: Assets/Nature pack extended/naturePack_172.obj
  artifactKey: Guid(f49309f3b37838843a87d57f33824aab) Importer(815301076,1909f56bfc062723c751e8b465ee728b)
Start importing Assets/Nature pack extended/naturePack_172.obj using Guid(f49309f3b37838843a87d57f33824aab) Importer(815301076,1909f56bfc062723c751e8b465ee728b)  -> (artifact id: '213d1171c24b232414f5312775fdee1a') in 0.035899 seconds 
========================================================================
Received Import Request.
  Time since last request: 0.000035 seconds.
  path: Assets/Models/Models/Models/naturePack_171.obj
  artifactKey: Guid(fe3847b0a21aeb844b119550e90ee5c0) Importer(815301076,1909f56bfc062723c751e8b465ee728b)
Start importing Assets/Models/Models/Models/naturePack_171.obj using Guid(fe3847b0a21aeb844b119550e90ee5c0) Importer(815301076,1909f56bfc062723c751e8b465ee728b)  -> (artifact id: 'da3c2bb71af1c4fd24d9f262e5da2108') in 0.028026 seconds 
========================================================================
Received Import Request.
  Time since last request: 0.000031 seconds.
  path: Assets/Nature pack extended/naturePack_173.obj
  artifactKey: Guid(ceac0b4bbd4f8034893b6a179cafb622) Importer(815301076,1909f56bfc062723c751e8b465ee728b)
Start importing Assets/Nature pack extended/naturePack_173.obj using Guid(ceac0b4bbd4f8034893b6a179cafb622) Importer(815301076,1909f56bfc062723c751e8b465ee728b)  -> (artifact id: '684d0635f7f3f8f58c556e1799e8d83b') in 0.027933 seconds 
========================================================================
Received Import Request.
  Time since last request: 0.000027 seconds.
  path: Assets/Models/Models/Models/naturePack_172.obj
  artifactKey: Guid(5b41055650c5fa443b313bb974fa5fdf) Importer(815301076,1909f56bfc062723c751e8b465ee728b)
Start importing Assets/Models/Models/Models/naturePack_172.obj using Guid(5b41055650c5fa443b313bb974fa5fdf) Importer(815301076,1909f56bfc062723c751e8b465ee728b)  -> (artifact id: 'faf308a17e93abe2a94536b6e58b2181') in 0.036549 seconds 
========================================================================
Received Import Request.
  Time since last request: 0.000024 seconds.
  path: Assets/Models/Models/Models/naturePack_174.obj
  artifactKey: Guid(404e5a222a8362849b09239b8796adcc) Importer(815301076,1909f56bfc062723c751e8b465ee728b)
Start importing Assets/Models/Models/Models/naturePack_174.obj using Guid(404e5a222a8362849b09239b8796adcc) Importer(815301076,1909f56bfc062723c751e8b465ee728b)  -> (artifact id: '86242acfe96b4e5c1c2ba6b64aeaa2b6') in 0.035468 seconds 
========================================================================
Received Import Request.
  Time since last request: 0.000022 seconds.
  path: Assets/Nature pack extended/naturePack_175.obj
  artifactKey: Guid(2508f6de3b7e7fa4198be0fa495e39f9) Importer(815301076,1909f56bfc062723c751e8b465ee728b)
Start importing Assets/Nature pack extended/naturePack_175.obj using Guid(2508f6de3b7e7fa4198be0fa495e39f9) Importer(815301076,1909f56bfc062723c751e8b465ee728b)  -> (artifact id: 'cfcef4929146b3ae05e63871cecdc108') in 0.022728 seconds 
========================================================================
Received Import Request.
  Time since last request: 0.000027 seconds.
  path: Assets/Nature pack extended/naturePack_167.obj
  artifactKey: Guid(21230a74458ba4d43b5c3515ca29b87c) Importer(815301076,1909f56bfc062723c751e8b465ee728b)
Start importing Assets/Nature pack extended/naturePack_167.obj using Guid(21230a74458ba4d43b5c3515ca29b87c) Importer(815301076,1909f56bfc062723c751e8b465ee728b)  -> (artifact id: '3dd563092fad7a7d82a4c563a92250d4') in 0.025705 seconds 
========================================================================
Received Import Request.
  Time since last request: 0.000036 seconds.
  path: Assets/Models/Models/naturePack_171.obj
  artifactKey: Guid(b86844a450ddbdd4b94185b28047c059) Importer(815301076,1909f56bfc062723c751e8b465ee728b)
Start importing Assets/Models/Models/naturePack_171.obj using Guid(b86844a450ddbdd4b94185b28047c059) Importer(815301076,1909f56bfc062723c751e8b465ee728b)  -> (artifact id: 'af5a035451bba6fd4b7d5114e89432a9') in 0.019432 seconds 
========================================================================
Received Import Request.
  Time since last request: 0.000065 seconds.
  path: Assets/Models/Models/naturePack_flat_002.obj
  artifactKey: Guid(90f5fd8322bb8054089312e4ea7069cf) Importer(815301076,1909f56bfc062723c751e8b465ee728b)
Start importing Assets/Models/Models/naturePack_flat_002.obj using Guid(90f5fd8322bb8054089312e4ea7069cf) Importer(815301076,1909f56bfc062723c751e8b465ee728b)  -> (artifact id: '7b62ab6025a3af577f449e22625dca9a') in 0.024060 seconds 
========================================================================
Received Import Request.
  Time since last request: 0.000030 seconds.
  path: Assets/Nature pack extended/naturePack_169.obj
  artifactKey: Guid(1b9a7f29ee483124896fe9e2d19a50ba) Importer(815301076,1909f56bfc062723c751e8b465ee728b)
Start importing Assets/Nature pack extended/naturePack_169.obj using Guid(1b9a7f29ee483124896fe9e2d19a50ba) Importer(815301076,1909f56bfc062723c751e8b465ee728b)  -> (artifact id: 'f3aa377a9b79f1fc8e91e80942a413d8') in 0.028854 seconds 
========================================================================
Received Import Request.
  Time since last request: 0.000027 seconds.
  path: Assets/Models/Models/naturePack_170.obj
  artifactKey: Guid(5e14f38896f653f4aa6e82c2920183a0) Importer(815301076,1909f56bfc062723c751e8b465ee728b)
Start importing Assets/Models/Models/naturePack_170.obj using Guid(5e14f38896f653f4aa6e82c2920183a0) Importer(815301076,1909f56bfc062723c751e8b465ee728b)  -> (artifact id: 'cc6cb27a0629d20a9c3d2ef3561b094d') in 0.028438 seconds 
========================================================================
Received Import Request.
  Time since last request: 0.000024 seconds.
  path: Assets/Models/Models/naturePack_flat_005.obj
  artifactKey: Guid(862edb0feecdab841b6c97b3388665ee) Importer(815301076,1909f56bfc062723c751e8b465ee728b)
Start importing Assets/Models/Models/naturePack_flat_005.obj using Guid(862edb0feecdab841b6c97b3388665ee) Importer(815301076,1909f56bfc062723c751e8b465ee728b)  -> (artifact id: 'dd2684893b4e2622e6c0e80f5fe9c250') in 0.043340 seconds 
========================================================================
Received Import Request.
  Time since last request: 0.000029 seconds.
  path: Assets/Models/Models/Models/naturePack_flat_001.obj
  artifactKey: Guid(6fea697d3391539478eb4b9a2293cef4) Importer(815301076,1909f56bfc062723c751e8b465ee728b)
Start importing Assets/Models/Models/Models/naturePack_flat_001.obj using Guid(6fea697d3391539478eb4b9a2293cef4) Importer(815301076,1909f56bfc062723c751e8b465ee728b)  -> (artifact id: '728023bb48219454816960429146976f') in 0.020080 seconds 
========================================================================
Received Import Request.
  Time since last request: 0.000032 seconds.
  path: Assets/Models/Models/Models/naturePack_flat_003.obj
  artifactKey: Guid(0889a310fbe7690469e491c23f6d5aae) Importer(815301076,1909f56bfc062723c751e8b465ee728b)
Start importing Assets/Models/Models/Models/naturePack_flat_003.obj using Guid(0889a310fbe7690469e491c23f6d5aae) Importer(815301076,1909f56bfc062723c751e8b465ee728b)  -> (artifact id: 'c3f64d8fcd5efe032c1b9c9298e91bee') in 0.020866 seconds 
========================================================================
Received Import Request.
  Time since last request: 0.000029 seconds.
  path: Assets/Nature pack extended/naturePack_flat_004.obj
  artifactKey: Guid(9b9db1746adc10347906be9bd953f592) Importer(815301076,1909f56bfc062723c751e8b465ee728b)
Start importing Assets/Nature pack extended/naturePack_flat_004.obj using Guid(9b9db1746adc10347906be9bd953f592) Importer(815301076,1909f56bfc062723c751e8b465ee728b)  -> (artifact id: 'c67a13170e23e995c09d0f32f50f7e7d') in 0.025958 seconds 
========================================================================
Received Import Request.
  Time since last request: 0.000030 seconds.
  path: Assets/Models/Models/naturePack_169.obj
  artifactKey: Guid(81c62d75a2b7b4741a7e393ca0ef2b5b) Importer(815301076,1909f56bfc062723c751e8b465ee728b)
Start importing Assets/Models/Models/naturePack_169.obj using Guid(81c62d75a2b7b4741a7e393ca0ef2b5b) Importer(815301076,1909f56bfc062723c751e8b465ee728b)  -> (artifact id: 'e6de46619a1b822704b68e88f16cbd36') in 0.026991 seconds 
========================================================================
Received Import Request.
  Time since last request: 0.000031 seconds.
  path: Assets/Models/Models/Models/naturePack_flat_004.obj
  artifactKey: Guid(7e11b2f1ea8ea1b4cbfd5d0d156d0b2a) Importer(815301076,1909f56bfc062723c751e8b465ee728b)
Start importing Assets/Models/Models/Models/naturePack_flat_004.obj using Guid(7e11b2f1ea8ea1b4cbfd5d0d156d0b2a) Importer(815301076,1909f56bfc062723c751e8b465ee728b)  -> (artifact id: 'a1b093afdc66629550f453e6d3eb33c2') in 0.024318 seconds 
========================================================================
Received Import Request.
  Time since last request: 0.000025 seconds.
  path: Assets/Models/Models/Models/naturePack_170.obj
  artifactKey: Guid(52716f01f00c7cd41a88cd08ef1d430a) Importer(815301076,1909f56bfc062723c751e8b465ee728b)
Start importing Assets/Models/Models/Models/naturePack_170.obj using Guid(52716f01f00c7cd41a88cd08ef1d430a) Importer(815301076,1909f56bfc062723c751e8b465ee728b)  -> (artifact id: '581004cdb2c816389b4a1db0401f2d1e') in 0.023235 seconds 
Editor requested this worker to shutdown with reason: Scaling down because of idle timeout
AssetImportWorker is now disconnected from the server
Process exiting
Exiting without the bug reporter. Application will terminate with return code 0