Using pre-set license
Built from '2021.3/staging' branch; Version is '2021.3.11f1 (0a5ca18544bf) revision 679073'; Using compiler version '192829333'; Build Type 'Release'
OS: 'Windows 11  (10.0.22621) 64bit Core' Language: 'en' Physical Memory: 16061 MB
BatchMode: 1, IsHumanControllingUs: 0, StartBugReporterOnCrash: 0, Is64bit: 1, IsPro: 1

COMMAND LINE ARGUMENTS:
C:\Program Files\Unity\Hub\Editor\2021.3.11f1\Editor\Unity.exe
-adb2
-batchMode
-noUpm
-name
AssetImportWorker6
-projectPath
C:/Users/earth/Specialization/holbertonschool-unity/0x00-unity-assets_models_textures
-logFile
Logs/AssetImportWorker6.log
-srvPort
62935
Successfully changed project path to: C:/Users/earth/Specialization/holbertonschool-unity/0x00-unity-assets_models_textures
C:/Users/earth/Specialization/holbertonschool-unity/0x00-unity-assets_models_textures
[UnityMemory] Configuration Parameters - Can be set up in boot.config
    "memorysetup-bucket-allocator-granularity=16"
    "memorysetup-bucket-allocator-bucket-count=8"
    "memorysetup-bucket-allocator-block-size=33554432"
    "memorysetup-bucket-allocator-block-count=8"
    "memorysetup-main-allocator-block-size=16777216"
    "memorysetup-thread-allocator-block-size=16777216"
    "memorysetup-gfx-main-allocator-block-size=16777216"
    "memorysetup-gfx-thread-allocator-block-size=16777216"
    "memorysetup-cache-allocator-block-size=4194304"
    "memorysetup-typetree-allocator-block-size=2097152"
    "memorysetup-profiler-bucket-allocator-granularity=16"
    "memorysetup-profiler-bucket-allocator-bucket-count=8"
    "memorysetup-profiler-bucket-allocator-block-size=33554432"
    "memorysetup-profiler-bucket-allocator-block-count=8"
    "memorysetup-profiler-allocator-block-size=16777216"
    "memorysetup-profiler-editor-allocator-block-size=1048576"
    "memorysetup-temp-allocator-size-main=16777216"
    "memorysetup-job-temp-allocator-block-size=2097152"
    "memorysetup-job-temp-allocator-block-size-background=1048576"
    "memorysetup-job-temp-allocator-reduction-small-platforms=262144"
    "memorysetup-temp-allocator-size-background-worker=32768"
    "memorysetup-temp-allocator-size-job-worker=262144"
    "memorysetup-temp-allocator-size-preload-manager=33554432"
    "memorysetup-temp-allocator-size-nav-mesh-worker=65536"
    "memorysetup-temp-allocator-size-audio-worker=65536"
    "memorysetup-temp-allocator-size-cloud-worker=32768"
    "memorysetup-temp-allocator-size-gi-baking-worker=262144"
    "memorysetup-temp-allocator-size-gfx=262144"
Refreshing native plugins compatible for Editor in 81.35 ms, found 4 plugins.
Preloading 0 native plugins for Editor in 0.00 ms.
Initialize engine version: 2021.3.11f1 (0a5ca18544bf)
[Subsystems] Discovering subsystems at path C:/Program Files/Unity/Hub/Editor/2021.3.11f1/Editor/Data/Resources/UnitySubsystems
[Subsystems] Discovering subsystems at path C:/Users/earth/Specialization/holbertonschool-unity/0x00-unity-assets_models_textures/Assets
GfxDevice: creating device client; threaded=0; jobified=0
Direct3D:
    Version:  Direct3D 11.0 [level 11.1]
    Renderer: NVIDIA GeForce RTX 3060 Laptop GPU (ID=0x2520)
    Vendor:   NVIDIA
    VRAM:     6023 MB
    Driver:   30.0.15.1278
Initialize mono
Mono path[0] = 'C:/Program Files/Unity/Hub/Editor/2021.3.11f1/Editor/Data/Managed'
Mono path[1] = 'C:/Program Files/Unity/Hub/Editor/2021.3.11f1/Editor/Data/MonoBleedingEdge/lib/mono/unityjit-win32'
Mono config path = 'C:/Program Files/Unity/Hub/Editor/2021.3.11f1/Editor/Data/MonoBleedingEdge/etc'
Using monoOptions --debugger-agent=transport=dt_socket,embedding=1,server=y,suspend=n,address=127.0.0.1:56320
Begin MonoManager ReloadAssembly
Registering precompiled unity dll's ...
Register platform support module: C:/Program Files/Unity/Hub/Editor/2021.3.11f1/Editor/Data/PlaybackEngines/AndroidPlayer/UnityEditor.Android.Extensions.dll
Register platform support module: C:/Program Files/Unity/Hub/Editor/2021.3.11f1/Editor/Data/PlaybackEngines/iOSSupport/UnityEditor.iOS.Extensions.dll
Register platform support module: C:/Program Files/Unity/Hub/Editor/2021.3.11f1/Editor/Data/PlaybackEngines/WindowsStandaloneSupport/UnityEditor.WindowsStandalone.Extensions.dll
Register platform support module: C:/Program Files/Unity/Hub/Editor/2021.3.11f1/Editor/Data/PlaybackEngines/LinuxStandaloneSupport/UnityEditor.LinuxStandalone.Extensions.dll
Register platform support module: C:/Program Files/Unity/Hub/Editor/2021.3.11f1/Editor/Data/PlaybackEngines/MetroSupport/UnityEditor.UWP.Extensions.dll
Registered in 0.005756 seconds.
Native extension for UWP target not found
Native extension for LinuxStandalone target not found
Native extension for WindowsStandalone target not found
[usbmuxd] Start listen thread
[usbmuxd] Listen thread started
Native extension for iOS target not found
Native extension for Android target not found
Refreshing native plugins compatible for Editor in 73.36 ms, found 4 plugins.
Preloading 0 native plugins for Editor in 0.00 ms.
Mono: successfully reloaded assembly
- Completed reload, in  0.607 seconds
Domain Reload Profiling:
	ReloadAssembly (607ms)
		BeginReloadAssembly (63ms)
			ExecutionOrderSort (0ms)
			DisableScriptedObjects (0ms)
			BackupInstance (0ms)
			ReleaseScriptingObjects (0ms)
			CreateAndSetChildDomain (1ms)
		EndReloadAssembly (443ms)
			LoadAssemblies (63ms)
			RebuildTransferFunctionScriptingTraits (0ms)
			SetupTypeCache (124ms)
			ReleaseScriptCaches (0ms)
			RebuildScriptCaches (28ms)
			SetupLoadedEditorAssemblies (241ms)
				LogAssemblyErrors (0ms)
				InitializePlatformSupportModulesInManaged (57ms)
				SetLoadedEditorAssemblies (0ms)
				RefreshPlugins (73ms)
				BeforeProcessingInitializeOnLoad (1ms)
				ProcessInitializeOnLoadAttributes (68ms)
				ProcessInitializeOnLoadMethodAttributes (41ms)
				AfterProcessingInitializeOnLoad (0ms)
				EditorAssembliesLoaded (0ms)
			ExecutionOrderSort2 (0ms)
			AwakeInstancesAfterBackupRestoration (0ms)
Platform modules already initialized, skipping
Registering precompiled user dll's ...
Registered in 0.004157 seconds.
Begin MonoManager ReloadAssembly
Symbol file LoadedFromMemory doesn't match image C:\Users\earth\Specialization\holbertonschool-unity\0x00-unity-assets_models_textures\Library\PackageCache\com.unity.visualscripting@1.7.8\Editor\VisualScripting.Core\Dependencies\YamlDotNet\Unity.VisualScripting.YamlDotNet.dll
Symbol file LoadedFromMemory doesn't match image C:\Users\earth\Specialization\holbertonschool-unity\0x00-unity-assets_models_textures\Library\PackageCache\com.unity.visualscripting@1.7.8\Editor\VisualScripting.Core\Dependencies\DotNetZip\Unity.VisualScripting.IonicZip.dll
Native extension for UWP target not found
Native extension for LinuxStandalone target not found
Native extension for WindowsStandalone target not found
Native extension for iOS target not found
Native extension for Android target not found
Refreshing native plugins compatible for Editor in 0.77 ms, found 4 plugins.
Preloading 0 native plugins for Editor in 0.00 ms.
Mono: successfully reloaded assembly
- Completed reload, in  0.856 seconds
Domain Reload Profiling:
	ReloadAssembly (857ms)
		BeginReloadAssembly (193ms)
			ExecutionOrderSort (0ms)
			DisableScriptedObjects (4ms)
			BackupInstance (0ms)
			ReleaseScriptingObjects (0ms)
			CreateAndSetChildDomain (129ms)
		EndReloadAssembly (586ms)
			LoadAssemblies (60ms)
			RebuildTransferFunctionScriptingTraits (0ms)
			SetupTypeCache (171ms)
			ReleaseScriptCaches (1ms)
			RebuildScriptCaches (45ms)
			SetupLoadedEditorAssemblies (276ms)
				LogAssemblyErrors (0ms)
				InitializePlatformSupportModulesInManaged (18ms)
				SetLoadedEditorAssemblies (0ms)
				RefreshPlugins (1ms)
				BeforeProcessingInitializeOnLoad (60ms)
				ProcessInitializeOnLoadAttributes (175ms)
				ProcessInitializeOnLoadMethodAttributes (19ms)
				AfterProcessingInitializeOnLoad (4ms)
				EditorAssembliesLoaded (0ms)
			ExecutionOrderSort2 (0ms)
			AwakeInstancesAfterBackupRestoration (4ms)
Platform modules already initialized, skipping
========================================================================
Worker process is ready to serve import requests
Launched and connected shader compiler UnityShaderCompiler.exe after 0.03 seconds
Refreshing native plugins compatible for Editor in 0.84 ms, found 4 plugins.
Preloading 0 native plugins for Editor in 0.00 ms.
Unloading 3749 Unused Serialized files (Serialized files now loaded: 0)
Unloading 66 unused Assets / (2.0 MB). Loaded Objects now: 4183.
Memory consumption went from 140.4 MB to 138.4 MB.
Total: 3.918500 ms (FindLiveObjects: 0.316300 ms CreateObjectMapping: 0.097200 ms MarkObjects: 2.943900 ms  DeleteObjects: 0.559700 ms)

AssetImportParameters requested are different than current active one (requested -> active):
  custom:video-decoder-ogg-theora: a1e56fd34408186e4bbccfd4996cb3dc -> 
  custom:container-muxer-webm: aa71ff27fc2769a1b78a27578f13a17b -> 
  custom:container-demuxer-webm: 4f35f7cbe854078d1ac9338744f61a02 -> 
  custom:video-encoder-webm-vp8: eb34c28f22e8b96e1ab97ce403110664 -> 
  custom:video-codec-MediaFoundation-h265: 746d11721c4dcdbdad8f713fa42b33f4 -> 
  custom:audio-encoder-webm-vorbis: bf7c407c2cedff20999df2af8eb42d56 -> 
  custom:framework-win-MediaFoundation: 216162199b28c13a410421893ffa2e32 -> 
  custom:container-demuxer-ogg: 62fdf1f143b41e24485cea50d1cbac27 -> 
  custom:video-decoder-webm-vp8: 9c59270c3fd7afecdb556c50c9e8de78 -> 
  custom:audio-decoder-ogg-vorbis: bf7c407c2cedff20999df2af8eb42d56 -> 
========================================================================
Received Import Request.
  Time since last request: 1721.691100 seconds.
  path: Assets/Models/Models/Models/naturePack_002.obj
  artifactKey: Guid(ca47f0474060a3e43a04674ce8a52a36) Importer(815301076,1909f56bfc062723c751e8b465ee728b)
Start importing Assets/Models/Models/Models/naturePack_002.obj using Guid(ca47f0474060a3e43a04674ce8a52a36) Importer(815301076,1909f56bfc062723c751e8b465ee728b)  -> (artifact id: '2962b57ea5f754a6f8ec1326ee4e5d8e') in 0.184957 seconds 
========================================================================
Received Import Request.
  Time since last request: 0.000064 seconds.
  path: Assets/Models/Models/Models/naturePack_031.obj
  artifactKey: Guid(85a15e3a07d574743ac206253382542e) Importer(815301076,1909f56bfc062723c751e8b465ee728b)
Start importing Assets/Models/Models/Models/naturePack_031.obj using Guid(85a15e3a07d574743ac206253382542e) Importer(815301076,1909f56bfc062723c751e8b465ee728b)  -> (artifact id: 'a187cb1715c67425fcd61f0b35416a12') in 0.041835 seconds 
========================================================================
Received Import Request.
  Time since last request: 0.000058 seconds.
  path: Assets/Models/Models/Models/naturePack_014.obj
  artifactKey: Guid(dd3609e25d8ff65489ce5bd80338a1fd) Importer(815301076,1909f56bfc062723c751e8b465ee728b)
Start importing Assets/Models/Models/Models/naturePack_014.obj using Guid(dd3609e25d8ff65489ce5bd80338a1fd) Importer(815301076,1909f56bfc062723c751e8b465ee728b)  -> (artifact id: 'c75293052cfca5a810253a061b4631b0') in 0.035412 seconds 
========================================================================
Received Import Request.
  Time since last request: 0.000029 seconds.
  path: Assets/Models/Models/Models/naturePack_005.obj
  artifactKey: Guid(f3bf1bdadf59c504b936a96c35b0590f) Importer(815301076,1909f56bfc062723c751e8b465ee728b)
Start importing Assets/Models/Models/Models/naturePack_005.obj using Guid(f3bf1bdadf59c504b936a96c35b0590f) Importer(815301076,1909f56bfc062723c751e8b465ee728b)  -> (artifact id: '03fa97dde18e38eb06c626a02eb5ee6b') in 0.036790 seconds 
========================================================================
Received Import Request.
  Time since last request: 0.000022 seconds.
  path: Assets/Models/Models/Models/naturePack_010.obj
  artifactKey: Guid(791580e556564784e805cf2bd11bc772) Importer(815301076,1909f56bfc062723c751e8b465ee728b)
Start importing Assets/Models/Models/Models/naturePack_010.obj using Guid(791580e556564784e805cf2bd11bc772) Importer(815301076,1909f56bfc062723c751e8b465ee728b)  -> (artifact id: 'b90fd39be3548cd1903af410727f1311') in 0.039664 seconds 
========================================================================
Received Import Request.
  Time since last request: 0.000034 seconds.
  path: Assets/Models/Models/Models/naturePack_006.obj
  artifactKey: Guid(f3d51370f262dab4b9fb9ca658877afa) Importer(815301076,1909f56bfc062723c751e8b465ee728b)
Start importing Assets/Models/Models/Models/naturePack_006.obj using Guid(f3d51370f262dab4b9fb9ca658877afa) Importer(815301076,1909f56bfc062723c751e8b465ee728b)  -> (artifact id: '9fabe79a54b7551fce7d8c5ea17673a0') in 0.035318 seconds 
========================================================================
Received Import Request.
  Time since last request: 0.000024 seconds.
  path: Assets/Models/Models/Models/naturePack_017.obj
  artifactKey: Guid(b1fbabe6a594ad949a358d40e40058b9) Importer(815301076,1909f56bfc062723c751e8b465ee728b)
Start importing Assets/Models/Models/Models/naturePack_017.obj using Guid(b1fbabe6a594ad949a358d40e40058b9) Importer(815301076,1909f56bfc062723c751e8b465ee728b)  -> (artifact id: '18927477cb9981909070c9338e96b3bb') in 0.039982 seconds 
========================================================================
Received Import Request.
  Time since last request: 0.000030 seconds.
  path: Assets/Models/Models/Models/naturePack_007.obj
  artifactKey: Guid(8c4aafa0f2704c5419988c259eadff2c) Importer(815301076,1909f56bfc062723c751e8b465ee728b)
Start importing Assets/Models/Models/Models/naturePack_007.obj using Guid(8c4aafa0f2704c5419988c259eadff2c) Importer(815301076,1909f56bfc062723c751e8b465ee728b)  -> (artifact id: 'fd982b75b39a71097d5ecb814ad6260f') in 0.039986 seconds 
========================================================================
Received Import Request.
  Time since last request: 0.000027 seconds.
  path: Assets/Models/Models/Models/naturePack_036.obj
  artifactKey: Guid(e4b32c3cf7a02cd4e8c4944148f2406a) Importer(815301076,1909f56bfc062723c751e8b465ee728b)
Start importing Assets/Models/Models/Models/naturePack_036.obj using Guid(e4b32c3cf7a02cd4e8c4944148f2406a) Importer(815301076,1909f56bfc062723c751e8b465ee728b)  -> (artifact id: 'a301b9b8dedb976941d70d760cf9c57a') in 0.037453 seconds 
========================================================================
Received Import Request.
  Time since last request: 8.553751 seconds.
  path: Assets/Models/Models/naturePack_037.obj
  artifactKey: Guid(464869b96bbff5d42b2f60bd4c371d67) Importer(815301076,1909f56bfc062723c751e8b465ee728b)
Start importing Assets/Models/Models/naturePack_037.obj using Guid(464869b96bbff5d42b2f60bd4c371d67) Importer(815301076,1909f56bfc062723c751e8b465ee728b)  -> (artifact id: '1c42ca2080dcd80f270057f69e6e60bb') in 0.081270 seconds 
========================================================================
Received Import Request.
  Time since last request: 0.000034 seconds.
  path: Assets/Models/Models/naturePack_056.obj
  artifactKey: Guid(98b63f9d0dd9c7c4891a9a289d2ebd2b) Importer(815301076,1909f56bfc062723c751e8b465ee728b)
Start importing Assets/Models/Models/naturePack_056.obj using Guid(98b63f9d0dd9c7c4891a9a289d2ebd2b) Importer(815301076,1909f56bfc062723c751e8b465ee728b)  -> (artifact id: '55510c6e10e1f3adcf862f66bc9dae88') in 0.044601 seconds 
========================================================================
Received Import Request.
  Time since last request: 0.000033 seconds.
  path: Assets/Models/Models/naturePack_046.obj
  artifactKey: Guid(9c10872d536e66340a99306d0b8118ba) Importer(815301076,1909f56bfc062723c751e8b465ee728b)
Start importing Assets/Models/Models/naturePack_046.obj using Guid(9c10872d536e66340a99306d0b8118ba) Importer(815301076,1909f56bfc062723c751e8b465ee728b)  -> (artifact id: '5c54af765fed67a7b4974c142ea785c0') in 0.054521 seconds 
========================================================================
Received Import Request.
  Time since last request: 0.000030 seconds.
  path: Assets/Models/Models/naturePack_061.obj
  artifactKey: Guid(508eff9875f5eba449cb37bea08f5b83) Importer(815301076,1909f56bfc062723c751e8b465ee728b)
Start importing Assets/Models/Models/naturePack_061.obj using Guid(508eff9875f5eba449cb37bea08f5b83) Importer(815301076,1909f56bfc062723c751e8b465ee728b)  -> (artifact id: 'fa037b914f759a1be82be04c1f3942b0') in 0.060096 seconds 
========================================================================
Received Import Request.
  Time since last request: 0.000029 seconds.
  path: Assets/Models/Models/naturePack_058.obj
  artifactKey: Guid(1d9915cfdb8bb484b8c88852ce7896ea) Importer(815301076,1909f56bfc062723c751e8b465ee728b)
Start importing Assets/Models/Models/naturePack_058.obj using Guid(1d9915cfdb8bb484b8c88852ce7896ea) Importer(815301076,1909f56bfc062723c751e8b465ee728b)  -> (artifact id: '5746541956e36e6c4d2930d9b0f6adb6') in 0.058224 seconds 
========================================================================
Received Import Request.
  Time since last request: 0.000031 seconds.
  path: Assets/Models/Models/naturePack_042.obj
  artifactKey: Guid(4d50dcd8c09528f44ab9af2b2c4fc71f) Importer(815301076,1909f56bfc062723c751e8b465ee728b)
Start importing Assets/Models/Models/naturePack_042.obj using Guid(4d50dcd8c09528f44ab9af2b2c4fc71f) Importer(815301076,1909f56bfc062723c751e8b465ee728b)  -> (artifact id: '9edefafd1e97c6c6ee09b1b71b86ecf7') in 0.036509 seconds 
========================================================================
Received Import Request.
  Time since last request: 0.000039 seconds.
  path: Assets/Models/Models/naturePack_063.obj
  artifactKey: Guid(5e3389bbe8fb9a546820c426f494f9fd) Importer(815301076,1909f56bfc062723c751e8b465ee728b)
Start importing Assets/Models/Models/naturePack_063.obj using Guid(5e3389bbe8fb9a546820c426f494f9fd) Importer(815301076,1909f56bfc062723c751e8b465ee728b)  -> (artifact id: '250428014ac5d9302cde0da75add34fb') in 0.048876 seconds 
========================================================================
Received Import Request.
  Time since last request: 0.000033 seconds.
  path: Assets/Models/Models/naturePack_081.obj
  artifactKey: Guid(14182e202faab6f4398eec543658e1e8) Importer(815301076,1909f56bfc062723c751e8b465ee728b)
Start importing Assets/Models/Models/naturePack_081.obj using Guid(14182e202faab6f4398eec543658e1e8) Importer(815301076,1909f56bfc062723c751e8b465ee728b)  -> (artifact id: '071e47bfa5bb0fda2fd9e3078091dcf6') in 0.049804 seconds 
========================================================================
Received Import Request.
  Time since last request: 0.000024 seconds.
  path: Assets/Models/Models/naturePack_076.obj
  artifactKey: Guid(f55bb38d3e013db4eb13957105a89a88) Importer(815301076,1909f56bfc062723c751e8b465ee728b)
Start importing Assets/Models/Models/naturePack_076.obj using Guid(f55bb38d3e013db4eb13957105a89a88) Importer(815301076,1909f56bfc062723c751e8b465ee728b)  -> (artifact id: '1815c6cb5277aa8ba8482ff36ede776c') in 0.050755 seconds 
========================================================================
Received Import Request.
  Time since last request: 0.000056 seconds.
  path: Assets/Models/Models/naturePack_069.obj
  artifactKey: Guid(719bf4aa8df3c0449bb2c961be752a7b) Importer(815301076,1909f56bfc062723c751e8b465ee728b)
Start importing Assets/Models/Models/naturePack_069.obj using Guid(719bf4aa8df3c0449bb2c961be752a7b) Importer(815301076,1909f56bfc062723c751e8b465ee728b)  -> (artifact id: '009578b35d867bbe3e285421720db45e') in 0.042252 seconds 
========================================================================
Received Import Request.
  Time since last request: 0.000040 seconds.
  path: Assets/Models/Models/naturePack_070.obj
  artifactKey: Guid(eb98423143a81bc4683bea6531dcb479) Importer(815301076,1909f56bfc062723c751e8b465ee728b)
Start importing Assets/Models/Models/naturePack_070.obj using Guid(eb98423143a81bc4683bea6531dcb479) Importer(815301076,1909f56bfc062723c751e8b465ee728b)  -> (artifact id: '129d884ef2d898e32784a8f69a1d00d1') in 0.046233 seconds 
========================================================================
Received Import Request.
  Time since last request: 0.000024 seconds.
  path: Assets/Models/Models/naturePack_068.obj
  artifactKey: Guid(1afb6428e8c2d4448b282bb368c5d7e8) Importer(815301076,1909f56bfc062723c751e8b465ee728b)
Start importing Assets/Models/Models/naturePack_068.obj using Guid(1afb6428e8c2d4448b282bb368c5d7e8) Importer(815301076,1909f56bfc062723c751e8b465ee728b)  -> (artifact id: 'd55d399d83294385bb57bd768d513043') in 0.043736 seconds 
========================================================================
Received Import Request.
  Time since last request: 0.000036 seconds.
  path: Assets/Models/Models/naturePack_079.obj
  artifactKey: Guid(3f864b4d3e2509f469a6c2a39dfbb6dc) Importer(815301076,1909f56bfc062723c751e8b465ee728b)
Start importing Assets/Models/Models/naturePack_079.obj using Guid(3f864b4d3e2509f469a6c2a39dfbb6dc) Importer(815301076,1909f56bfc062723c751e8b465ee728b)  -> (artifact id: '884fbd315fe60cf21a5c0cee25d0c21b') in 0.043692 seconds 
========================================================================
Received Import Request.
  Time since last request: 0.000030 seconds.
  path: Assets/Models/Models/naturePack_078.obj
  artifactKey: Guid(144359867f2f42b479527c06c2c5d9d7) Importer(815301076,1909f56bfc062723c751e8b465ee728b)
Start importing Assets/Models/Models/naturePack_078.obj using Guid(144359867f2f42b479527c06c2c5d9d7) Importer(815301076,1909f56bfc062723c751e8b465ee728b)  -> (artifact id: 'f13e17b53b0869c538b90bdecd1c5cbf') in 0.044290 seconds 
========================================================================
Received Import Request.
  Time since last request: 0.000037 seconds.
  path: Assets/Models/Models/naturePack_121.obj
  artifactKey: Guid(2c1c1f217a75ae14dac974d5025f4b4e) Importer(815301076,1909f56bfc062723c751e8b465ee728b)
Start importing Assets/Models/Models/naturePack_121.obj using Guid(2c1c1f217a75ae14dac974d5025f4b4e) Importer(815301076,1909f56bfc062723c751e8b465ee728b)  -> (artifact id: '7d4fa1a68273bee8343be7857b5015bf') in 0.039336 seconds 
========================================================================
Received Import Request.
  Time since last request: 0.000028 seconds.
  path: Assets/Models/Models/naturePack_130.obj
  artifactKey: Guid(37538b7574a90e243980f78e58f3b1b6) Importer(815301076,1909f56bfc062723c751e8b465ee728b)
Start importing Assets/Models/Models/naturePack_130.obj using Guid(37538b7574a90e243980f78e58f3b1b6) Importer(815301076,1909f56bfc062723c751e8b465ee728b)  -> (artifact id: '5e6cebdf0fc0125a1b39d9c1cc42c354') in 0.042806 seconds 
========================================================================
Received Import Request.
  Time since last request: 0.000031 seconds.
  path: Assets/Models/Models/naturePack_117.obj
  artifactKey: Guid(0a1237ed3ee46d94bb6b09e9250e12ef) Importer(815301076,1909f56bfc062723c751e8b465ee728b)
Start importing Assets/Models/Models/naturePack_117.obj using Guid(0a1237ed3ee46d94bb6b09e9250e12ef) Importer(815301076,1909f56bfc062723c751e8b465ee728b)  -> (artifact id: '3d8e580b7e14c61a69137f4ea7b1e526') in 0.042477 seconds 
========================================================================
Received Import Request.
  Time since last request: 0.000030 seconds.
  path: Assets/Models/Models/naturePack_110.obj
  artifactKey: Guid(1f67b1b0f3da6214b8a0a0acef904419) Importer(815301076,1909f56bfc062723c751e8b465ee728b)
Start importing Assets/Models/Models/naturePack_110.obj using Guid(1f67b1b0f3da6214b8a0a0acef904419) Importer(815301076,1909f56bfc062723c751e8b465ee728b)  -> (artifact id: '56ad9f19f2cc1449562130f719bdef10') in 0.037730 seconds 
========================================================================
Received Import Request.
  Time since last request: 0.000029 seconds.
  path: Assets/Models/Models/naturePack_109.obj
  artifactKey: Guid(7ec84969ed2df3e44af6d65eea3d4a0e) Importer(815301076,1909f56bfc062723c751e8b465ee728b)
Start importing Assets/Models/Models/naturePack_109.obj using Guid(7ec84969ed2df3e44af6d65eea3d4a0e) Importer(815301076,1909f56bfc062723c751e8b465ee728b)  -> (artifact id: 'b5bd10f790891037e30bd238a3848b19') in 0.041179 seconds 
========================================================================
Received Import Request.
  Time since last request: 0.000039 seconds.
  path: Assets/Models/Models/naturePack_113.obj
  artifactKey: Guid(0a5c4bb6b38cdc34ab41dcebb6afe12e) Importer(815301076,1909f56bfc062723c751e8b465ee728b)
Start importing Assets/Models/Models/naturePack_113.obj using Guid(0a5c4bb6b38cdc34ab41dcebb6afe12e) Importer(815301076,1909f56bfc062723c751e8b465ee728b)  -> (artifact id: '5f3f3114e1044869f4e7d472d47601f2') in 0.040463 seconds 
========================================================================
Received Import Request.
  Time since last request: 0.000048 seconds.
  path: Assets/Models/Models/naturePack_116.obj
  artifactKey: Guid(5904ec3ded8381448a43ce7ee08d6486) Importer(815301076,1909f56bfc062723c751e8b465ee728b)
Start importing Assets/Models/Models/naturePack_116.obj using Guid(5904ec3ded8381448a43ce7ee08d6486) Importer(815301076,1909f56bfc062723c751e8b465ee728b)  -> (artifact id: 'a505e4299110fe5421b6c9a9fa34c842') in 0.043329 seconds 
========================================================================
Received Import Request.
  Time since last request: 0.000032 seconds.
  path: Assets/Models/Models/naturePack_141.obj
  artifactKey: Guid(0c16e864019cca34f9a9de08ce49d773) Importer(815301076,1909f56bfc062723c751e8b465ee728b)
Start importing Assets/Models/Models/naturePack_141.obj using Guid(0c16e864019cca34f9a9de08ce49d773) Importer(815301076,1909f56bfc062723c751e8b465ee728b)  -> (artifact id: '6d2885c8341c1454b8d3a95858828116') in 0.051393 seconds 
========================================================================
Received Import Request.
  Time since last request: 0.000019 seconds.
  path: Assets/Models/Models/naturePack_163.obj
  artifactKey: Guid(5dc655067e3613f4fbdee35188c1c330) Importer(815301076,1909f56bfc062723c751e8b465ee728b)
Start importing Assets/Models/Models/naturePack_163.obj using Guid(5dc655067e3613f4fbdee35188c1c330) Importer(815301076,1909f56bfc062723c751e8b465ee728b)  -> (artifact id: 'e93cf18a7ff2809b1a0bdc97963a5ebb') in 0.049120 seconds 
========================================================================
Received Import Request.
  Time since last request: 0.000022 seconds.
  path: Assets/Models/Models/naturePack_159.obj
  artifactKey: Guid(cdcafd682e59b6d45bcfb7016eb7e050) Importer(815301076,1909f56bfc062723c751e8b465ee728b)
Start importing Assets/Models/Models/naturePack_159.obj using Guid(cdcafd682e59b6d45bcfb7016eb7e050) Importer(815301076,1909f56bfc062723c751e8b465ee728b)  -> (artifact id: '50ff60e827f2cf20b3aafc15b5bf9d70') in 0.039119 seconds 
========================================================================
Received Import Request.
  Time since last request: 0.000025 seconds.
  path: Assets/Models/Models/naturePack_150.obj
  artifactKey: Guid(81e9c638b7e341046b7c47bd6ab384c9) Importer(815301076,1909f56bfc062723c751e8b465ee728b)
Start importing Assets/Models/Models/naturePack_150.obj using Guid(81e9c638b7e341046b7c47bd6ab384c9) Importer(815301076,1909f56bfc062723c751e8b465ee728b)  -> (artifact id: '36c6da5c987da7323c712b6ead2eb748') in 0.042702 seconds 
========================================================================
Received Import Request.
  Time since last request: 0.000032 seconds.
  path: Assets/Models/Models/naturePack_140.obj
  artifactKey: Guid(d52475dc6b88b7c48a9b53307a2a0d30) Importer(815301076,1909f56bfc062723c751e8b465ee728b)
Start importing Assets/Models/Models/naturePack_140.obj using Guid(d52475dc6b88b7c48a9b53307a2a0d30) Importer(815301076,1909f56bfc062723c751e8b465ee728b)  -> (artifact id: 'faebc80aca71fd6d0ce328f255790410') in 0.040777 seconds 
========================================================================
Received Import Request.
  Time since last request: 0.000026 seconds.
  path: Assets/Models/Models/naturePack_151.obj
  artifactKey: Guid(bf10e32dedc97614eb05803214769c5d) Importer(815301076,1909f56bfc062723c751e8b465ee728b)
Start importing Assets/Models/Models/naturePack_151.obj using Guid(bf10e32dedc97614eb05803214769c5d) Importer(815301076,1909f56bfc062723c751e8b465ee728b)  -> (artifact id: 'b6ba4538019fc4a98cfe35a443beff40') in 0.040491 seconds 
========================================================================
Received Import Request.
  Time since last request: 0.000030 seconds.
  path: Assets/Models/Models/naturePack_169.obj
  artifactKey: Guid(81c62d75a2b7b4741a7e393ca0ef2b5b) Importer(815301076,1909f56bfc062723c751e8b465ee728b)
Start importing Assets/Models/Models/naturePack_169.obj using Guid(81c62d75a2b7b4741a7e393ca0ef2b5b) Importer(815301076,1909f56bfc062723c751e8b465ee728b)  -> (artifact id: '30378db0dab7d90e367aaeea3a7209cc') in 0.053060 seconds 
========================================================================
Received Import Request.
  Time since last request: 0.000040 seconds.
  path: Assets/Models/Models/naturePack_flat_010.obj
  artifactKey: Guid(4caa9ec8011735e4bb13a18d521bca04) Importer(815301076,1909f56bfc062723c751e8b465ee728b)
Start importing Assets/Models/Models/naturePack_flat_010.obj using Guid(4caa9ec8011735e4bb13a18d521bca04) Importer(815301076,1909f56bfc062723c751e8b465ee728b)  -> (artifact id: '51807d632aa32ab022f38d736f22b71e') in 0.085891 seconds 
========================================================================
Received Import Request.
  Time since last request: 0.000042 seconds.
  path: Assets/Models/Models/naturePack_flat_009.obj
  artifactKey: Guid(f326fc6f896237e488022e589ca169ba) Importer(815301076,1909f56bfc062723c751e8b465ee728b)
Start importing Assets/Models/Models/naturePack_flat_009.obj using Guid(f326fc6f896237e488022e589ca169ba) Importer(815301076,1909f56bfc062723c751e8b465ee728b)  -> (artifact id: '9515db0d900a827e791d2bb72308ace2') in 0.090625 seconds 
========================================================================
Received Import Request.
  Time since last request: 0.000063 seconds.
  path: Assets/Models/Models/naturePack_flat_007.obj
  artifactKey: Guid(c4094ecd285a71847a7279f327dc27f1) Importer(815301076,1909f56bfc062723c751e8b465ee728b)
Start importing Assets/Models/Models/naturePack_flat_007.obj using Guid(c4094ecd285a71847a7279f327dc27f1) Importer(815301076,1909f56bfc062723c751e8b465ee728b)  -> (artifact id: '1e05931fd9656713df78429854152615') in 0.043720 seconds 
========================================================================
Received Import Request.
  Time since last request: 0.000042 seconds.
  path: Assets/Models/Models/naturePack_172.obj
  artifactKey: Guid(7c85cb28de6bb594c825a87af01cecd2) Importer(815301076,1909f56bfc062723c751e8b465ee728b)
Start importing Assets/Models/Models/naturePack_172.obj using Guid(7c85cb28de6bb594c825a87af01cecd2) Importer(815301076,1909f56bfc062723c751e8b465ee728b)  -> (artifact id: 'f904257074a1bf7c651f1670834ac4c4') in 0.035045 seconds 
========================================================================
Received Import Request.
  Time since last request: 0.000034 seconds.
  path: Assets/Models/Models/naturePack_168.obj
  artifactKey: Guid(ba27a754bea490d4d88d739902206db2) Importer(815301076,1909f56bfc062723c751e8b465ee728b)
Start importing Assets/Models/Models/naturePack_168.obj using Guid(ba27a754bea490d4d88d739902206db2) Importer(815301076,1909f56bfc062723c751e8b465ee728b)  -> (artifact id: 'ff9b678b56f86543871227c6bf93d344') in 0.053439 seconds 
========================================================================
Received Import Request.
  Time since last request: 0.000030 seconds.
  path: Assets/Models/Models/naturePack_057.obj
  artifactKey: Guid(f5307cb60139f194092780c6ab58428d) Importer(815301076,1909f56bfc062723c751e8b465ee728b)
Start importing Assets/Models/Models/naturePack_057.obj using Guid(f5307cb60139f194092780c6ab58428d) Importer(815301076,1909f56bfc062723c751e8b465ee728b)  -> (artifact id: '73387dfc768c1c94702e5e80f645cd9c') in 0.040826 seconds 
========================================================================
Received Import Request.
  Time since last request: 0.000021 seconds.
  path: Assets/Models/Models/naturePack_105.obj
  artifactKey: Guid(bb3aa5dbf15753f4e962cf10f71fe7c0) Importer(815301076,1909f56bfc062723c751e8b465ee728b)
Start importing Assets/Models/Models/naturePack_105.obj using Guid(bb3aa5dbf15753f4e962cf10f71fe7c0) Importer(815301076,1909f56bfc062723c751e8b465ee728b)  -> (artifact id: 'bafb13c8594f4b13ef08733502296ba7') in 0.033539 seconds 
========================================================================
Received Import Request.
  Time since last request: 0.000032 seconds.
  path: Assets/Models/Models/naturePack_135.obj
  artifactKey: Guid(d48e7f719651a2048a6e6bc4ea7f4182) Importer(815301076,1909f56bfc062723c751e8b465ee728b)
Start importing Assets/Models/Models/naturePack_135.obj using Guid(d48e7f719651a2048a6e6bc4ea7f4182) Importer(815301076,1909f56bfc062723c751e8b465ee728b)  -> (artifact id: '9699babfa5cf18efa4a9a38c8fe8cacf') in 0.039272 seconds 
========================================================================
Received Import Request.
  Time since last request: 0.000060 seconds.
  path: Assets/Models/Models/naturePack_090.obj
  artifactKey: Guid(fc76ede9e0d9b1846af574493bc01484) Importer(815301076,1909f56bfc062723c751e8b465ee728b)
Start importing Assets/Models/Models/naturePack_090.obj using Guid(fc76ede9e0d9b1846af574493bc01484) Importer(815301076,1909f56bfc062723c751e8b465ee728b)  -> (artifact id: '317886aa5a1fb7a782ee2efb15d7fa98') in 0.044772 seconds 
========================================================================
Received Import Request.
  Time since last request: 0.000042 seconds.
  path: Assets/Models/Models/naturePack_049.obj
  artifactKey: Guid(347e19800934ccd409574df8867163c0) Importer(815301076,1909f56bfc062723c751e8b465ee728b)
Start importing Assets/Models/Models/naturePack_049.obj using Guid(347e19800934ccd409574df8867163c0) Importer(815301076,1909f56bfc062723c751e8b465ee728b)  -> (artifact id: 'c7428b7875912f089fc50e722d7f59b7') in 0.039726 seconds 
========================================================================
Received Prepare
Registering precompiled user dll's ...
Registered in 0.003756 seconds.
Begin MonoManager ReloadAssembly
Symbol file LoadedFromMemory doesn't match image C:\Users\earth\Specialization\holbertonschool-unity\0x00-unity-assets_models_textures\Library\PackageCache\com.unity.visualscripting@1.7.8\Editor\VisualScripting.Core\Dependencies\YamlDotNet\Unity.VisualScripting.YamlDotNet.dll
Symbol file LoadedFromMemory doesn't match image C:\Users\earth\Specialization\holbertonschool-unity\0x00-unity-assets_models_textures\Library\PackageCache\com.unity.visualscripting@1.7.8\Editor\VisualScripting.Core\Dependencies\DotNetZip\Unity.VisualScripting.IonicZip.dll
Native extension for UWP target not found
Native extension for LinuxStandalone target not found
Native extension for WindowsStandalone target not found
Native extension for iOS target not found
Native extension for Android target not found
Refreshing native plugins compatible for Editor in 1.25 ms, found 4 plugins.
Preloading 0 native plugins for Editor in 0.00 ms.
Mono: successfully reloaded assembly
- Completed reload, in  0.932 seconds
Domain Reload Profiling:
	ReloadAssembly (933ms)
		BeginReloadAssembly (117ms)
			ExecutionOrderSort (0ms)
			DisableScriptedObjects (3ms)
			BackupInstance (0ms)
			ReleaseScriptingObjects (0ms)
			CreateAndSetChildDomain (44ms)
		EndReloadAssembly (744ms)
			LoadAssemblies (65ms)
			RebuildTransferFunctionScriptingTraits (0ms)
			SetupTypeCache (206ms)
			ReleaseScriptCaches (2ms)
			RebuildScriptCaches (54ms)
			SetupLoadedEditorAssemblies (365ms)
				LogAssemblyErrors (0ms)
				InitializePlatformSupportModulesInManaged (37ms)
				SetLoadedEditorAssemblies (1ms)
				RefreshPlugins (1ms)
				BeforeProcessingInitializeOnLoad (60ms)
				ProcessInitializeOnLoadAttributes (235ms)
				ProcessInitializeOnLoadMethodAttributes (25ms)
				AfterProcessingInitializeOnLoad (6ms)
				EditorAssembliesLoaded (0ms)
			ExecutionOrderSort2 (0ms)
			AwakeInstancesAfterBackupRestoration (6ms)
Platform modules already initialized, skipping
Refreshing native plugins compatible for Editor in 2.65 ms, found 4 plugins.
Preloading 0 native plugins for Editor in 0.00 ms.
Unloading 3710 Unused Serialized files (Serialized files now loaded: 0)
Unloading 47 unused Assets / (2.0 MB). Loaded Objects now: 4242.
Memory consumption went from 141.9 MB to 139.9 MB.
Total: 3.309400 ms (FindLiveObjects: 0.296200 ms CreateObjectMapping: 0.097700 ms MarkObjects: 2.346300 ms  DeleteObjects: 0.568100 ms)

AssetImportParameters requested are different than current active one (requested -> active):
  custom:video-decoder-ogg-theora: a1e56fd34408186e4bbccfd4996cb3dc -> 
  custom:container-muxer-webm: aa71ff27fc2769a1b78a27578f13a17b -> 
  custom:container-demuxer-webm: 4f35f7cbe854078d1ac9338744f61a02 -> 
  custom:video-encoder-webm-vp8: eb34c28f22e8b96e1ab97ce403110664 -> 
  custom:video-codec-MediaFoundation-h265: 746d11721c4dcdbdad8f713fa42b33f4 -> 
  custom:audio-encoder-webm-vorbis: bf7c407c2cedff20999df2af8eb42d56 -> 
  custom:framework-win-MediaFoundation: 216162199b28c13a410421893ffa2e32 -> 
  custom:container-demuxer-ogg: 62fdf1f143b41e24485cea50d1cbac27 -> 
  custom:video-decoder-webm-vp8: 9c59270c3fd7afecdb556c50c9e8de78 -> 
  custom:audio-decoder-ogg-vorbis: bf7c407c2cedff20999df2af8eb42d56 -> 
Editor requested this worker to shutdown with reason: Scaling down because of idle timeout
AssetImportWorker is now disconnected from the server
Process exiting
Exiting without the bug reporter. Application will terminate with return code 0