Using pre-set license
Built from '2021.3/staging' branch; Version is '2021.3.11f1 (0a5ca18544bf) revision 679073'; Using compiler version '192829333'; Build Type 'Release'
OS: 'Windows 11  (10.0.22621) 64bit Core' Language: 'en' Physical Memory: 16061 MB
BatchMode: 1, IsHumanControllingUs: 0, StartBugReporterOnCrash: 0, Is64bit: 1, IsPro: 1

COMMAND LINE ARGUMENTS:
C:\Program Files\Unity\Hub\Editor\2021.3.11f1\Editor\Unity.exe
-adb2
-batchMode
-noUpm
-name
AssetImportWorker3
-projectPath
C:/Users/earth/Specialization/holbertonschool-unity/0x00-unity-assets_models_textures
-logFile
Logs/AssetImportWorker3.log
-srvPort
53976
Successfully changed project path to: C:/Users/earth/Specialization/holbertonschool-unity/0x00-unity-assets_models_textures
C:/Users/earth/Specialization/holbertonschool-unity/0x00-unity-assets_models_textures
[UnityMemory] Configuration Parameters - Can be set up in boot.config
    "memorysetup-bucket-allocator-granularity=16"
    "memorysetup-bucket-allocator-bucket-count=8"
    "memorysetup-bucket-allocator-block-size=33554432"
    "memorysetup-bucket-allocator-block-count=8"
    "memorysetup-main-allocator-block-size=16777216"
    "memorysetup-thread-allocator-block-size=16777216"
    "memorysetup-gfx-main-allocator-block-size=16777216"
    "memorysetup-gfx-thread-allocator-block-size=16777216"
    "memorysetup-cache-allocator-block-size=4194304"
    "memorysetup-typetree-allocator-block-size=2097152"
    "memorysetup-profiler-bucket-allocator-granularity=16"
    "memorysetup-profiler-bucket-allocator-bucket-count=8"
    "memorysetup-profiler-bucket-allocator-block-size=33554432"
    "memorysetup-profiler-bucket-allocator-block-count=8"
    "memorysetup-profiler-allocator-block-size=16777216"
    "memorysetup-profiler-editor-allocator-block-size=1048576"
    "memorysetup-temp-allocator-size-main=16777216"
    "memorysetup-job-temp-allocator-block-size=2097152"
    "memorysetup-job-temp-allocator-block-size-background=1048576"
    "memorysetup-job-temp-allocator-reduction-small-platforms=262144"
    "memorysetup-temp-allocator-size-background-worker=32768"
    "memorysetup-temp-allocator-size-job-worker=262144"
    "memorysetup-temp-allocator-size-preload-manager=33554432"
    "memorysetup-temp-allocator-size-nav-mesh-worker=65536"
    "memorysetup-temp-allocator-size-audio-worker=65536"
    "memorysetup-temp-allocator-size-cloud-worker=32768"
    "memorysetup-temp-allocator-size-gi-baking-worker=262144"
    "memorysetup-temp-allocator-size-gfx=262144"
Refreshing native plugins compatible for Editor in 168.75 ms, found 4 plugins.
Preloading 0 native plugins for Editor in 0.00 ms.
Initialize engine version: 2021.3.11f1 (0a5ca18544bf)
[Subsystems] Discovering subsystems at path C:/Program Files/Unity/Hub/Editor/2021.3.11f1/Editor/Data/Resources/UnitySubsystems
[Subsystems] Discovering subsystems at path C:/Users/earth/Specialization/holbertonschool-unity/0x00-unity-assets_models_textures/Assets
GfxDevice: creating device client; threaded=0; jobified=0
Direct3D:
    Version:  Direct3D 11.0 [level 11.1]
    Renderer: NVIDIA GeForce RTX 3060 Laptop GPU (ID=0x2520)
    Vendor:   NVIDIA
    VRAM:     6023 MB
    Driver:   30.0.15.1278
Initialize mono
Mono path[0] = 'C:/Program Files/Unity/Hub/Editor/2021.3.11f1/Editor/Data/Managed'
Mono path[1] = 'C:/Program Files/Unity/Hub/Editor/2021.3.11f1/Editor/Data/MonoBleedingEdge/lib/mono/unityjit-win32'
Mono config path = 'C:/Program Files/Unity/Hub/Editor/2021.3.11f1/Editor/Data/MonoBleedingEdge/etc'
Using monoOptions --debugger-agent=transport=dt_socket,embedding=1,server=y,suspend=n,address=127.0.0.1:56128
Begin MonoManager ReloadAssembly
Registering precompiled unity dll's ...
Register platform support module: C:/Program Files/Unity/Hub/Editor/2021.3.11f1/Editor/Data/PlaybackEngines/AndroidPlayer/UnityEditor.Android.Extensions.dll
Register platform support module: C:/Program Files/Unity/Hub/Editor/2021.3.11f1/Editor/Data/PlaybackEngines/iOSSupport/UnityEditor.iOS.Extensions.dll
Register platform support module: C:/Program Files/Unity/Hub/Editor/2021.3.11f1/Editor/Data/PlaybackEngines/WindowsStandaloneSupport/UnityEditor.WindowsStandalone.Extensions.dll
Register platform support module: C:/Program Files/Unity/Hub/Editor/2021.3.11f1/Editor/Data/PlaybackEngines/LinuxStandaloneSupport/UnityEditor.LinuxStandalone.Extensions.dll
Register platform support module: C:/Program Files/Unity/Hub/Editor/2021.3.11f1/Editor/Data/PlaybackEngines/MetroSupport/UnityEditor.UWP.Extensions.dll
Registered in 0.008135 seconds.
Native extension for UWP target not found
Native extension for LinuxStandalone target not found
Native extension for WindowsStandalone target not found
[usbmuxd] Start listen thread
[usbmuxd] Listen thread started
Native extension for iOS target not found
Native extension for Android target not found
Refreshing native plugins compatible for Editor in 113.87 ms, found 4 plugins.
Preloading 0 native plugins for Editor in 0.00 ms.
Mono: successfully reloaded assembly
- Completed reload, in  0.923 seconds
Domain Reload Profiling:
	ReloadAssembly (923ms)
		BeginReloadAssembly (91ms)
			ExecutionOrderSort (0ms)
			DisableScriptedObjects (0ms)
			BackupInstance (0ms)
			ReleaseScriptingObjects (0ms)
			CreateAndSetChildDomain (1ms)
		EndReloadAssembly (685ms)
			LoadAssemblies (90ms)
			RebuildTransferFunctionScriptingTraits (0ms)
			SetupTypeCache (162ms)
			ReleaseScriptCaches (0ms)
			RebuildScriptCaches (36ms)
			SetupLoadedEditorAssemblies (427ms)
				LogAssemblyErrors (0ms)
				InitializePlatformSupportModulesInManaged (108ms)
				SetLoadedEditorAssemblies (0ms)
				RefreshPlugins (114ms)
				BeforeProcessingInitializeOnLoad (1ms)
				ProcessInitializeOnLoadAttributes (143ms)
				ProcessInitializeOnLoadMethodAttributes (60ms)
				AfterProcessingInitializeOnLoad (0ms)
				EditorAssembliesLoaded (0ms)
			ExecutionOrderSort2 (0ms)
			AwakeInstancesAfterBackupRestoration (0ms)
Platform modules already initialized, skipping
Registering precompiled user dll's ...
Registered in 0.006642 seconds.
Begin MonoManager ReloadAssembly
Symbol file LoadedFromMemory doesn't match image C:\Users\earth\Specialization\holbertonschool-unity\0x00-unity-assets_models_textures\Library\PackageCache\com.unity.visualscripting@1.7.8\Editor\VisualScripting.Core\Dependencies\YamlDotNet\Unity.VisualScripting.YamlDotNet.dll
Symbol file LoadedFromMemory doesn't match image C:\Users\earth\Specialization\holbertonschool-unity\0x00-unity-assets_models_textures\Library\PackageCache\com.unity.visualscripting@1.7.8\Editor\VisualScripting.Core\Dependencies\DotNetZip\Unity.VisualScripting.IonicZip.dll
Native extension for UWP target not found
Native extension for LinuxStandalone target not found
Native extension for WindowsStandalone target not found
Native extension for iOS target not found
Native extension for Android target not found
Refreshing native plugins compatible for Editor in 1.02 ms, found 4 plugins.
Preloading 0 native plugins for Editor in 0.00 ms.
Mono: successfully reloaded assembly
- Completed reload, in  1.899 seconds
Domain Reload Profiling:
	ReloadAssembly (1900ms)
		BeginReloadAssembly (346ms)
			ExecutionOrderSort (0ms)
			DisableScriptedObjects (9ms)
			BackupInstance (0ms)
			ReleaseScriptingObjects (0ms)
			CreateAndSetChildDomain (159ms)
		EndReloadAssembly (1399ms)
			LoadAssemblies (141ms)
			RebuildTransferFunctionScriptingTraits (0ms)
			SetupTypeCache (434ms)
			ReleaseScriptCaches (1ms)
			RebuildScriptCaches (148ms)
			SetupLoadedEditorAssemblies (599ms)
				LogAssemblyErrors (0ms)
				InitializePlatformSupportModulesInManaged (45ms)
				SetLoadedEditorAssemblies (1ms)
				RefreshPlugins (1ms)
				BeforeProcessingInitializeOnLoad (131ms)
				ProcessInitializeOnLoadAttributes (359ms)
				ProcessInitializeOnLoadMethodAttributes (55ms)
				AfterProcessingInitializeOnLoad (7ms)
				EditorAssembliesLoaded (0ms)
			ExecutionOrderSort2 (0ms)
			AwakeInstancesAfterBackupRestoration (6ms)
Platform modules already initialized, skipping
========================================================================
Worker process is ready to serve import requests
Launched and connected shader compiler UnityShaderCompiler.exe after 0.09 seconds
Refreshing native plugins compatible for Editor in 1.42 ms, found 4 plugins.
Preloading 0 native plugins for Editor in 0.00 ms.
Unloading 3758 Unused Serialized files (Serialized files now loaded: 0)
Unloading 66 unused Assets / (2.0 MB). Loaded Objects now: 4192.
Memory consumption went from 140.9 MB to 138.9 MB.
Total: 4.971500 ms (FindLiveObjects: 0.574300 ms CreateObjectMapping: 0.182700 ms MarkObjects: 3.630200 ms  DeleteObjects: 0.582400 ms)

AssetImportParameters requested are different than current active one (requested -> active):
  custom:video-decoder-ogg-theora: a1e56fd34408186e4bbccfd4996cb3dc -> 
  custom:container-muxer-webm: aa71ff27fc2769a1b78a27578f13a17b -> 
  custom:container-demuxer-webm: 4f35f7cbe854078d1ac9338744f61a02 -> 
  custom:video-encoder-webm-vp8: eb34c28f22e8b96e1ab97ce403110664 -> 
  custom:video-codec-MediaFoundation-h265: 746d11721c4dcdbdad8f713fa42b33f4 -> 
  custom:audio-encoder-webm-vorbis: bf7c407c2cedff20999df2af8eb42d56 -> 
  custom:framework-win-MediaFoundation: 216162199b28c13a410421893ffa2e32 -> 
  custom:container-demuxer-ogg: 62fdf1f143b41e24485cea50d1cbac27 -> 
  custom:video-decoder-webm-vp8: 9c59270c3fd7afecdb556c50c9e8de78 -> 
  custom:audio-decoder-ogg-vorbis: bf7c407c2cedff20999df2af8eb42d56 -> 
========================================================================
Received Import Request.
  Time since last request: 170375.778830 seconds.
  path: Assets/Nature pack extended/naturePack_076.obj
  artifactKey: Guid(ab14c898eaf012f4b95344ca5446db48) Importer(815301076,1909f56bfc062723c751e8b465ee728b)
Start importing Assets/Nature pack extended/naturePack_076.obj using Guid(ab14c898eaf012f4b95344ca5446db48) Importer(815301076,1909f56bfc062723c751e8b465ee728b)  -> (artifact id: '83145c2726a41dd9a7b38f36f1526b02') in 0.219990 seconds 
========================================================================
Received Import Request.
  Time since last request: 0.000029 seconds.
  path: Assets/Nature pack extended/naturePack_120.obj
  artifactKey: Guid(8c888acf8ad1e2f429a4bccfca285f11) Importer(815301076,1909f56bfc062723c751e8b465ee728b)
Start importing Assets/Nature pack extended/naturePack_120.obj using Guid(8c888acf8ad1e2f429a4bccfca285f11) Importer(815301076,1909f56bfc062723c751e8b465ee728b)  -> (artifact id: '74d5398cc57aab73f527ef5c1ec024fe') in 0.085896 seconds 
========================================================================
Received Import Request.
  Time since last request: 0.000111 seconds.
  path: Assets/Nature pack extended/naturePack_139.obj
  artifactKey: Guid(1e24c8dc43b01ea438c87c80cd05dc74) Importer(815301076,1909f56bfc062723c751e8b465ee728b)
Start importing Assets/Nature pack extended/naturePack_139.obj using Guid(1e24c8dc43b01ea438c87c80cd05dc74) Importer(815301076,1909f56bfc062723c751e8b465ee728b)  -> (artifact id: '1acc027a978369f1f3124937fe8d68df') in 0.087251 seconds 
========================================================================
Received Import Request.
  Time since last request: 0.000061 seconds.
  path: Assets/Nature pack extended/naturePack_165.obj
  artifactKey: Guid(9c78a24f7f43b0d4794c60a393166b70) Importer(815301076,1909f56bfc062723c751e8b465ee728b)
Start importing Assets/Nature pack extended/naturePack_165.obj using Guid(9c78a24f7f43b0d4794c60a393166b70) Importer(815301076,1909f56bfc062723c751e8b465ee728b)  -> (artifact id: 'c65824dbdf43d6b2978ec361711caf46') in 0.091520 seconds 
========================================================================
Received Import Request.
  Time since last request: 0.000058 seconds.
  path: Assets/Nature pack extended/naturePack_037.obj
  artifactKey: Guid(af4c8366561aca34fa48394e8094881c) Importer(815301076,1909f56bfc062723c751e8b465ee728b)
Start importing Assets/Nature pack extended/naturePack_037.obj using Guid(af4c8366561aca34fa48394e8094881c) Importer(815301076,1909f56bfc062723c751e8b465ee728b)  -> (artifact id: '2286fc31dfac012796bf8fd9c518d9aa') in 0.091356 seconds 
========================================================================
Received Import Request.
  Time since last request: 0.000029 seconds.
  path: Assets/Nature pack extended/naturePack_175.obj
  artifactKey: Guid(2508f6de3b7e7fa4198be0fa495e39f9) Importer(815301076,1909f56bfc062723c751e8b465ee728b)
Start importing Assets/Nature pack extended/naturePack_175.obj using Guid(2508f6de3b7e7fa4198be0fa495e39f9) Importer(815301076,1909f56bfc062723c751e8b465ee728b)  -> (artifact id: '22541de05e4e5aa8e915a72884042228') in 0.092013 seconds 
========================================================================
Received Import Request.
  Time since last request: 0.000068 seconds.
  path: Assets/Nature pack extended/naturePack_036.obj
  artifactKey: Guid(d7cb5a1198f30b94fb7c2b55fea7a393) Importer(815301076,1909f56bfc062723c751e8b465ee728b)
Start importing Assets/Nature pack extended/naturePack_036.obj using Guid(d7cb5a1198f30b94fb7c2b55fea7a393) Importer(815301076,1909f56bfc062723c751e8b465ee728b)  -> (artifact id: 'a2584d57c6e5bd811dd253784e2cbc22') in 0.098601 seconds 
========================================================================
Received Import Request.
  Time since last request: 0.000034 seconds.
  path: Assets/Nature pack extended/naturePack_071.obj
  artifactKey: Guid(76e4e50ab0788a64f95b653fd9ff10b5) Importer(815301076,1909f56bfc062723c751e8b465ee728b)
Start importing Assets/Nature pack extended/naturePack_071.obj using Guid(76e4e50ab0788a64f95b653fd9ff10b5) Importer(815301076,1909f56bfc062723c751e8b465ee728b)  -> (artifact id: '074e04462926a99aec15b4c7b539db87') in 0.077561 seconds 
========================================================================
Received Import Request.
  Time since last request: 0.000066 seconds.
  path: Assets/Nature pack extended/naturePack_161.obj
  artifactKey: Guid(f90b393664c8ecd4fa179ccdfffd8dda) Importer(815301076,1909f56bfc062723c751e8b465ee728b)
Start importing Assets/Nature pack extended/naturePack_161.obj using Guid(f90b393664c8ecd4fa179ccdfffd8dda) Importer(815301076,1909f56bfc062723c751e8b465ee728b)  -> (artifact id: '09fc502cd2eaba6366c55640631bc5d7') in 0.099520 seconds 
========================================================================
Received Import Request.
  Time since last request: 0.000132 seconds.
  path: Assets/Nature pack extended/naturePack_017.obj
  artifactKey: Guid(397a1bc3035a4b041af7833636a7bf9e) Importer(815301076,1909f56bfc062723c751e8b465ee728b)
Start importing Assets/Nature pack extended/naturePack_017.obj using Guid(397a1bc3035a4b041af7833636a7bf9e) Importer(815301076,1909f56bfc062723c751e8b465ee728b)  -> (artifact id: 'f9ae4ab3ae02ddd51f91ed97c5155806') in 0.071794 seconds 
========================================================================
Received Import Request.
  Time since last request: 0.000147 seconds.
  path: Assets/Nature pack extended/naturePack_002.obj
  artifactKey: Guid(3d5f662ee8f060b4aabc729f0a5962c4) Importer(815301076,1909f56bfc062723c751e8b465ee728b)
Start importing Assets/Nature pack extended/naturePack_002.obj using Guid(3d5f662ee8f060b4aabc729f0a5962c4) Importer(815301076,1909f56bfc062723c751e8b465ee728b)  -> (artifact id: '3668c1f7ecc693888cea614360a2c755') in 0.069167 seconds 
========================================================================
Received Import Request.
  Time since last request: 0.000026 seconds.
  path: Assets/Nature pack extended/naturePack_128.obj
  artifactKey: Guid(21a041f3cc85e4d4a920da4331d980ce) Importer(815301076,1909f56bfc062723c751e8b465ee728b)
Start importing Assets/Nature pack extended/naturePack_128.obj using Guid(21a041f3cc85e4d4a920da4331d980ce) Importer(815301076,1909f56bfc062723c751e8b465ee728b)  -> (artifact id: 'cb211ff6eb8ed8a9e742299efdcba781') in 0.073160 seconds 
========================================================================
Received Import Request.
  Time since last request: 0.000062 seconds.
  path: Assets/Nature pack extended/naturePack_149.obj
  artifactKey: Guid(66be1c7d506eebb4db8d01bd875eecac) Importer(815301076,1909f56bfc062723c751e8b465ee728b)
Start importing Assets/Nature pack extended/naturePack_149.obj using Guid(66be1c7d506eebb4db8d01bd875eecac) Importer(815301076,1909f56bfc062723c751e8b465ee728b)  -> (artifact id: 'dbd47cd6c0878c55b6e241380327d773') in 0.074345 seconds 
========================================================================
Received Import Request.
  Time since last request: 0.000036 seconds.
  path: Assets/Nature pack extended/naturePack_109.obj
  artifactKey: Guid(ec060f00fa132144f842992e47b698e8) Importer(815301076,1909f56bfc062723c751e8b465ee728b)
Start importing Assets/Nature pack extended/naturePack_109.obj using Guid(ec060f00fa132144f842992e47b698e8) Importer(815301076,1909f56bfc062723c751e8b465ee728b)  -> (artifact id: 'e0babfc5e742c540ad9826a0e483ea0a') in 0.060569 seconds 
========================================================================
Received Import Request.
  Time since last request: 0.000163 seconds.
  path: Assets/Nature pack extended/naturePack_126.obj
  artifactKey: Guid(f878e7284121b084980a1c28b38da710) Importer(815301076,1909f56bfc062723c751e8b465ee728b)
Start importing Assets/Nature pack extended/naturePack_126.obj using Guid(f878e7284121b084980a1c28b38da710) Importer(815301076,1909f56bfc062723c751e8b465ee728b)  -> (artifact id: 'e2baf90ad2e755881d2c6377cd6d6361') in 0.079498 seconds 
========================================================================
Received Import Request.
  Time since last request: 0.000103 seconds.
  path: Assets/Nature pack extended/naturePack_118.obj
  artifactKey: Guid(6b8209749ff0bd84888faeea723f5014) Importer(815301076,1909f56bfc062723c751e8b465ee728b)
Start importing Assets/Nature pack extended/naturePack_118.obj using Guid(6b8209749ff0bd84888faeea723f5014) Importer(815301076,1909f56bfc062723c751e8b465ee728b)  -> (artifact id: '6b38256a5bade6594dd5c794149f56f0') in 0.073074 seconds 
========================================================================
Received Import Request.
  Time since last request: 0.000027 seconds.
  path: Assets/Nature pack extended/naturePack_150.obj
  artifactKey: Guid(a3b886828d14a184baf3b6ca7850a0a1) Importer(815301076,1909f56bfc062723c751e8b465ee728b)
Start importing Assets/Nature pack extended/naturePack_150.obj using Guid(a3b886828d14a184baf3b6ca7850a0a1) Importer(815301076,1909f56bfc062723c751e8b465ee728b)  -> (artifact id: 'e5b23533c70599e265621cb1c88df15f') in 0.078355 seconds 
========================================================================
Received Import Request.
  Time since last request: 0.000074 seconds.
  path: Assets/Nature pack extended/naturePack_091.obj
  artifactKey: Guid(93f046ba317f4e04e83de46bb4fe0199) Importer(815301076,1909f56bfc062723c751e8b465ee728b)
Start importing Assets/Nature pack extended/naturePack_091.obj using Guid(93f046ba317f4e04e83de46bb4fe0199) Importer(815301076,1909f56bfc062723c751e8b465ee728b)  -> (artifact id: '44d75b40cfa1c2bd2d3e938dc394c477') in 0.073213 seconds 
========================================================================
Received Import Request.
  Time since last request: 0.000100 seconds.
  path: Assets/Nature pack extended/naturePack_046.obj
  artifactKey: Guid(63fb86c466ee8f449adf0bd5c8badbdc) Importer(815301076,1909f56bfc062723c751e8b465ee728b)
Start importing Assets/Nature pack extended/naturePack_046.obj using Guid(63fb86c466ee8f449adf0bd5c8badbdc) Importer(815301076,1909f56bfc062723c751e8b465ee728b)  -> (artifact id: '73890e75896a9a5d2851ed1309a7b441') in 0.068721 seconds 
========================================================================
Received Import Request.
  Time since last request: 0.000125 seconds.
  path: Assets/Nature pack extended/naturePack_140.obj
  artifactKey: Guid(c85d5c45b6d5c424c88e9f5f60c0d5dd) Importer(815301076,1909f56bfc062723c751e8b465ee728b)
Start importing Assets/Nature pack extended/naturePack_140.obj using Guid(c85d5c45b6d5c424c88e9f5f60c0d5dd) Importer(815301076,1909f56bfc062723c751e8b465ee728b)  -> (artifact id: '184b1f5a793a144d26a88c9f6aa4dbf4') in 0.070834 seconds 
========================================================================
Received Import Request.
  Time since last request: 0.000073 seconds.
  path: Assets/Nature pack extended/naturePack_063.obj
  artifactKey: Guid(d0a409b132372084987f40183993e371) Importer(815301076,1909f56bfc062723c751e8b465ee728b)
Start importing Assets/Nature pack extended/naturePack_063.obj using Guid(d0a409b132372084987f40183993e371) Importer(815301076,1909f56bfc062723c751e8b465ee728b)  -> (artifact id: '0085f769537f6613ce4942a3a9fbf38b') in 0.072556 seconds 
========================================================================
Received Import Request.
  Time since last request: 0.000051 seconds.
  path: Assets/Nature pack extended/naturePack_129.obj
  artifactKey: Guid(0b15b14f67ff0494f81dbb6940a8e3e6) Importer(815301076,1909f56bfc062723c751e8b465ee728b)
Start importing Assets/Nature pack extended/naturePack_129.obj using Guid(0b15b14f67ff0494f81dbb6940a8e3e6) Importer(815301076,1909f56bfc062723c751e8b465ee728b)  -> (artifact id: 'ad05c713e2baa245c0a9c672fb1bf2ac') in 0.079179 seconds 
========================================================================
Received Import Request.
  Time since last request: 0.000180 seconds.
  path: Assets/Nature pack extended/naturePack_068.obj
  artifactKey: Guid(7014393cc33c2d94c990b5220a2bbef3) Importer(815301076,1909f56bfc062723c751e8b465ee728b)
Start importing Assets/Nature pack extended/naturePack_068.obj using Guid(7014393cc33c2d94c990b5220a2bbef3) Importer(815301076,1909f56bfc062723c751e8b465ee728b)  -> (artifact id: 'd2dbe310d7137175280e6b52e716a267') in 0.069351 seconds 
========================================================================
Received Import Request.
  Time since last request: 0.000027 seconds.
  path: Assets/Nature pack extended/naturePack_004.obj
  artifactKey: Guid(6d272c65794ef4d43a7ac245401981ec) Importer(815301076,1909f56bfc062723c751e8b465ee728b)
Start importing Assets/Nature pack extended/naturePack_004.obj using Guid(6d272c65794ef4d43a7ac245401981ec) Importer(815301076,1909f56bfc062723c751e8b465ee728b)  -> (artifact id: 'f0d22c5ab2be194e8673362cf19c75a3') in 0.060082 seconds 
========================================================================
Received Import Request.
  Time since last request: 0.000099 seconds.
  path: Assets/Nature pack extended/naturePack_079.obj
  artifactKey: Guid(cd807db00dd5fcb4f97500d22e83d4e7) Importer(815301076,1909f56bfc062723c751e8b465ee728b)
Start importing Assets/Nature pack extended/naturePack_079.obj using Guid(cd807db00dd5fcb4f97500d22e83d4e7) Importer(815301076,1909f56bfc062723c751e8b465ee728b)  -> (artifact id: '3512d3ae49c83e9ad56d2725c5e094ff') in 0.063645 seconds 
========================================================================
Received Import Request.
  Time since last request: 0.000030 seconds.
  path: Assets/Nature pack extended/naturePack_064.obj
  artifactKey: Guid(fd1e003366ac8e14d80ebe9e47383317) Importer(815301076,1909f56bfc062723c751e8b465ee728b)
Start importing Assets/Nature pack extended/naturePack_064.obj using Guid(fd1e003366ac8e14d80ebe9e47383317) Importer(815301076,1909f56bfc062723c751e8b465ee728b)  -> (artifact id: '2d6372c155a9b5408fd8ada3dadd6c36') in 0.065344 seconds 
========================================================================
Received Import Request.
  Time since last request: 0.000084 seconds.
  path: Assets/Nature pack extended/naturePack_074.obj
  artifactKey: Guid(2238623c1d34f084684cac8239bc5ac8) Importer(815301076,1909f56bfc062723c751e8b465ee728b)
Start importing Assets/Nature pack extended/naturePack_074.obj using Guid(2238623c1d34f084684cac8239bc5ac8) Importer(815301076,1909f56bfc062723c751e8b465ee728b)  -> (artifact id: '18db7e89c0f106c287e5a2f961ffad25') in 0.102576 seconds 
