Using pre-set license
Built from '2021.3/staging' branch; Version is '2021.3.11f1 (0a5ca18544bf) revision 679073'; Using compiler version '192829333'; Build Type 'Release'
OS: 'Windows 11  (10.0.22621) 64bit Core' Language: 'en' Physical Memory: 16061 MB
BatchMode: 1, IsHumanControllingUs: 0, StartBugReporterOnCrash: 0, Is64bit: 1, IsPro: 1

COMMAND LINE ARGUMENTS:
C:\Program Files\Unity\Hub\Editor\2021.3.11f1\Editor\Unity.exe
-adb2
-batchMode
-noUpm
-name
AssetImportWorker3
-projectPath
C:/Users/earth/Specialization/holbertonschool-unity/0x00-unity-assets_models_textures
-logFile
Logs/AssetImportWorker3.log
-srvPort
61284
Successfully changed project path to: C:/Users/earth/Specialization/holbertonschool-unity/0x00-unity-assets_models_textures
C:/Users/earth/Specialization/holbertonschool-unity/0x00-unity-assets_models_textures
[UnityMemory] Configuration Parameters - Can be set up in boot.config
    "memorysetup-bucket-allocator-granularity=16"
    "memorysetup-bucket-allocator-bucket-count=8"
    "memorysetup-bucket-allocator-block-size=33554432"
    "memorysetup-bucket-allocator-block-count=8"
    "memorysetup-main-allocator-block-size=16777216"
    "memorysetup-thread-allocator-block-size=16777216"
    "memorysetup-gfx-main-allocator-block-size=16777216"
    "memorysetup-gfx-thread-allocator-block-size=16777216"
    "memorysetup-cache-allocator-block-size=4194304"
    "memorysetup-typetree-allocator-block-size=2097152"
    "memorysetup-profiler-bucket-allocator-granularity=16"
    "memorysetup-profiler-bucket-allocator-bucket-count=8"
    "memorysetup-profiler-bucket-allocator-block-size=33554432"
    "memorysetup-profiler-bucket-allocator-block-count=8"
    "memorysetup-profiler-allocator-block-size=16777216"
    "memorysetup-profiler-editor-allocator-block-size=1048576"
    "memorysetup-temp-allocator-size-main=16777216"
    "memorysetup-job-temp-allocator-block-size=2097152"
    "memorysetup-job-temp-allocator-block-size-background=1048576"
    "memorysetup-job-temp-allocator-reduction-small-platforms=262144"
    "memorysetup-temp-allocator-size-background-worker=32768"
    "memorysetup-temp-allocator-size-job-worker=262144"
    "memorysetup-temp-allocator-size-preload-manager=33554432"
    "memorysetup-temp-allocator-size-nav-mesh-worker=65536"
    "memorysetup-temp-allocator-size-audio-worker=65536"
    "memorysetup-temp-allocator-size-cloud-worker=32768"
    "memorysetup-temp-allocator-size-gi-baking-worker=262144"
    "memorysetup-temp-allocator-size-gfx=262144"
Refreshing native plugins compatible for Editor in 107.74 ms, found 4 plugins.
Preloading 0 native plugins for Editor in 0.00 ms.
Initialize engine version: 2021.3.11f1 (0a5ca18544bf)
[Subsystems] Discovering subsystems at path C:/Program Files/Unity/Hub/Editor/2021.3.11f1/Editor/Data/Resources/UnitySubsystems
[Subsystems] Discovering subsystems at path C:/Users/earth/Specialization/holbertonschool-unity/0x00-unity-assets_models_textures/Assets
GfxDevice: creating device client; threaded=0; jobified=0
Direct3D:
    Version:  Direct3D 11.0 [level 11.1]
    Renderer: NVIDIA GeForce RTX 3060 Laptop GPU (ID=0x2520)
    Vendor:   NVIDIA
    VRAM:     6023 MB
    Driver:   30.0.15.1278
Initialize mono
Mono path[0] = 'C:/Program Files/Unity/Hub/Editor/2021.3.11f1/Editor/Data/Managed'
Mono path[1] = 'C:/Program Files/Unity/Hub/Editor/2021.3.11f1/Editor/Data/MonoBleedingEdge/lib/mono/unityjit-win32'
Mono config path = 'C:/Program Files/Unity/Hub/Editor/2021.3.11f1/Editor/Data/MonoBleedingEdge/etc'
Using monoOptions --debugger-agent=transport=dt_socket,embedding=1,server=y,suspend=n,address=127.0.0.1:56780
Begin MonoManager ReloadAssembly
Registering precompiled unity dll's ...
Register platform support module: C:/Program Files/Unity/Hub/Editor/2021.3.11f1/Editor/Data/PlaybackEngines/AndroidPlayer/UnityEditor.Android.Extensions.dll
Register platform support module: C:/Program Files/Unity/Hub/Editor/2021.3.11f1/Editor/Data/PlaybackEngines/iOSSupport/UnityEditor.iOS.Extensions.dll
Register platform support module: C:/Program Files/Unity/Hub/Editor/2021.3.11f1/Editor/Data/PlaybackEngines/WindowsStandaloneSupport/UnityEditor.WindowsStandalone.Extensions.dll
Register platform support module: C:/Program Files/Unity/Hub/Editor/2021.3.11f1/Editor/Data/PlaybackEngines/LinuxStandaloneSupport/UnityEditor.LinuxStandalone.Extensions.dll
Register platform support module: C:/Program Files/Unity/Hub/Editor/2021.3.11f1/Editor/Data/PlaybackEngines/MetroSupport/UnityEditor.UWP.Extensions.dll
Registered in 0.007433 seconds.
Native extension for UWP target not found
Native extension for LinuxStandalone target not found
Native extension for WindowsStandalone target not found
[usbmuxd] Start listen thread
[usbmuxd] Listen thread started
Native extension for iOS target not found
Native extension for Android target not found
Refreshing native plugins compatible for Editor in 115.09 ms, found 4 plugins.
Preloading 0 native plugins for Editor in 0.00 ms.
Mono: successfully reloaded assembly
- Completed reload, in  0.838 seconds
Domain Reload Profiling:
	ReloadAssembly (838ms)
		BeginReloadAssembly (90ms)
			ExecutionOrderSort (0ms)
			DisableScriptedObjects (0ms)
			BackupInstance (0ms)
			ReleaseScriptingObjects (0ms)
			CreateAndSetChildDomain (1ms)
		EndReloadAssembly (617ms)
			LoadAssemblies (88ms)
			RebuildTransferFunctionScriptingTraits (0ms)
			SetupTypeCache (129ms)
			ReleaseScriptCaches (0ms)
			RebuildScriptCaches (41ms)
			SetupLoadedEditorAssemblies (383ms)
				LogAssemblyErrors (0ms)
				InitializePlatformSupportModulesInManaged (86ms)
				SetLoadedEditorAssemblies (0ms)
				RefreshPlugins (115ms)
				BeforeProcessingInitializeOnLoad (2ms)
				ProcessInitializeOnLoadAttributes (119ms)
				ProcessInitializeOnLoadMethodAttributes (60ms)
				AfterProcessingInitializeOnLoad (0ms)
				EditorAssembliesLoaded (0ms)
			ExecutionOrderSort2 (0ms)
			AwakeInstancesAfterBackupRestoration (0ms)
Platform modules already initialized, skipping
Registering precompiled user dll's ...
Registered in 0.007533 seconds.
Begin MonoManager ReloadAssembly
Symbol file LoadedFromMemory doesn't match image C:\Users\earth\Specialization\holbertonschool-unity\0x00-unity-assets_models_textures\Library\PackageCache\com.unity.visualscripting@1.7.8\Editor\VisualScripting.Core\Dependencies\YamlDotNet\Unity.VisualScripting.YamlDotNet.dll
Symbol file LoadedFromMemory doesn't match image C:\Users\earth\Specialization\holbertonschool-unity\0x00-unity-assets_models_textures\Library\PackageCache\com.unity.visualscripting@1.7.8\Editor\VisualScripting.Core\Dependencies\DotNetZip\Unity.VisualScripting.IonicZip.dll
Native extension for UWP target not found
Native extension for LinuxStandalone target not found
Native extension for WindowsStandalone target not found
Native extension for iOS target not found
Native extension for Android target not found
Refreshing native plugins compatible for Editor in 1.15 ms, found 4 plugins.
Preloading 0 native plugins for Editor in 0.00 ms.
Mono: successfully reloaded assembly
- Completed reload, in  1.407 seconds
Domain Reload Profiling:
	ReloadAssembly (1408ms)
		BeginReloadAssembly (259ms)
			ExecutionOrderSort (0ms)
			DisableScriptedObjects (7ms)
			BackupInstance (0ms)
			ReleaseScriptingObjects (0ms)
			CreateAndSetChildDomain (145ms)
		EndReloadAssembly (1014ms)
			LoadAssemblies (105ms)
			RebuildTransferFunctionScriptingTraits (0ms)
			SetupTypeCache (293ms)
			ReleaseScriptCaches (1ms)
			RebuildScriptCaches (81ms)
			SetupLoadedEditorAssemblies (491ms)
				LogAssemblyErrors (0ms)
				InitializePlatformSupportModulesInManaged (33ms)
				SetLoadedEditorAssemblies (1ms)
				RefreshPlugins (1ms)
				BeforeProcessingInitializeOnLoad (120ms)
				ProcessInitializeOnLoadAttributes (294ms)
				ProcessInitializeOnLoadMethodAttributes (36ms)
				AfterProcessingInitializeOnLoad (6ms)
				EditorAssembliesLoaded (0ms)
			ExecutionOrderSort2 (0ms)
			AwakeInstancesAfterBackupRestoration (6ms)
Platform modules already initialized, skipping
========================================================================
Worker process is ready to serve import requests
Launched and connected shader compiler UnityShaderCompiler.exe after 0.04 seconds
Refreshing native plugins compatible for Editor in 1.13 ms, found 4 plugins.
Preloading 0 native plugins for Editor in 0.00 ms.
Unloading 3749 Unused Serialized files (Serialized files now loaded: 0)
Unloading 66 unused Assets / (2.0 MB). Loaded Objects now: 4183.
Memory consumption went from 140.4 MB to 138.4 MB.
Total: 4.368100 ms (FindLiveObjects: 0.359500 ms CreateObjectMapping: 0.167300 ms MarkObjects: 3.181700 ms  DeleteObjects: 0.657800 ms)

AssetImportParameters requested are different than current active one (requested -> active):
  custom:video-decoder-ogg-theora: a1e56fd34408186e4bbccfd4996cb3dc -> 
  custom:container-muxer-webm: aa71ff27fc2769a1b78a27578f13a17b -> 
  custom:container-demuxer-webm: 4f35f7cbe854078d1ac9338744f61a02 -> 
  custom:video-encoder-webm-vp8: eb34c28f22e8b96e1ab97ce403110664 -> 
  custom:video-codec-MediaFoundation-h265: 746d11721c4dcdbdad8f713fa42b33f4 -> 
  custom:audio-encoder-webm-vorbis: bf7c407c2cedff20999df2af8eb42d56 -> 
  custom:framework-win-MediaFoundation: 216162199b28c13a410421893ffa2e32 -> 
  custom:container-demuxer-ogg: 62fdf1f143b41e24485cea50d1cbac27 -> 
  custom:video-decoder-webm-vp8: 9c59270c3fd7afecdb556c50c9e8de78 -> 
  custom:audio-decoder-ogg-vorbis: bf7c407c2cedff20999df2af8eb42d56 -> 
========================================================================
Received Import Request.
  Time since last request: 13512.015428 seconds.
  path: Assets/Models/Models/Models/naturePack_087.obj
  artifactKey: Guid(1219826bb53f22a4dbc48ca2f7f31def) Importer(815301076,1909f56bfc062723c751e8b465ee728b)
Start importing Assets/Models/Models/Models/naturePack_087.obj using Guid(1219826bb53f22a4dbc48ca2f7f31def) Importer(815301076,1909f56bfc062723c751e8b465ee728b)  -> (artifact id: 'b0432590f2d5b54b0c61d5c79c0a7d00') in 0.187547 seconds 
========================================================================
Received Import Request.
  Time since last request: 0.000048 seconds.
  path: Assets/Models/Models/Models/naturePack_115.obj
  artifactKey: Guid(3537367272ea1084eb6bc5e291a736ad) Importer(815301076,1909f56bfc062723c751e8b465ee728b)
Start importing Assets/Models/Models/Models/naturePack_115.obj using Guid(3537367272ea1084eb6bc5e291a736ad) Importer(815301076,1909f56bfc062723c751e8b465ee728b)  -> (artifact id: '19f570a399201050237dc2d36dc94f65') in 0.073556 seconds 
========================================================================
Received Import Request.
  Time since last request: 0.000035 seconds.
  path: Assets/Models/Models/Models/naturePack_162.obj
  artifactKey: Guid(59f7728697ba0204697e1b56cafab91a) Importer(815301076,1909f56bfc062723c751e8b465ee728b)
Start importing Assets/Models/Models/Models/naturePack_162.obj using Guid(59f7728697ba0204697e1b56cafab91a) Importer(815301076,1909f56bfc062723c751e8b465ee728b)  -> (artifact id: 'ab38b06a7829880c53c51f71d6f80f95') in 0.062179 seconds 
========================================================================
Received Import Request.
  Time since last request: 0.000040 seconds.
  path: Assets/Models/Models/Models/naturePack_118.obj
  artifactKey: Guid(450ba7fdb4400be4991645135f4f59a8) Importer(815301076,1909f56bfc062723c751e8b465ee728b)
Start importing Assets/Models/Models/Models/naturePack_118.obj using Guid(450ba7fdb4400be4991645135f4f59a8) Importer(815301076,1909f56bfc062723c751e8b465ee728b)  -> (artifact id: '7427bf43508df30fd2c06f0e5b44468f') in 0.068262 seconds 
========================================================================
Received Import Request.
  Time since last request: 0.000059 seconds.
  path: Assets/Models/Models/Models/naturePack_067.obj
  artifactKey: Guid(1c1dde650e3207340a38e2febf5aa2ad) Importer(815301076,1909f56bfc062723c751e8b465ee728b)
Start importing Assets/Models/Models/Models/naturePack_067.obj using Guid(1c1dde650e3207340a38e2febf5aa2ad) Importer(815301076,1909f56bfc062723c751e8b465ee728b)  -> (artifact id: '775957d73e5aea2d7f1fcc25f40f0d0d') in 0.059170 seconds 
========================================================================
Received Import Request.
  Time since last request: 0.000034 seconds.
  path: Assets/Models/Models/Models/naturePack_124.obj
  artifactKey: Guid(e7cf50789afd3bd4bb44d137f0254f71) Importer(815301076,1909f56bfc062723c751e8b465ee728b)
Start importing Assets/Models/Models/Models/naturePack_124.obj using Guid(e7cf50789afd3bd4bb44d137f0254f71) Importer(815301076,1909f56bfc062723c751e8b465ee728b)  -> (artifact id: '8b125423c56c1bb628192725c452d252') in 0.049585 seconds 
========================================================================
Received Import Request.
  Time since last request: 0.000057 seconds.
  path: Assets/Models/Models/Models/naturePack_071.obj
  artifactKey: Guid(0b5a6cfe891bb7a43a841f15ca77ddb9) Importer(815301076,1909f56bfc062723c751e8b465ee728b)
Start importing Assets/Models/Models/Models/naturePack_071.obj using Guid(0b5a6cfe891bb7a43a841f15ca77ddb9) Importer(815301076,1909f56bfc062723c751e8b465ee728b)  -> (artifact id: 'bb1fdc74fe136f4e050279bc4f73122e') in 0.053034 seconds 
========================================================================
Received Import Request.
  Time since last request: 0.000028 seconds.
  path: Assets/Models/Models/Models/naturePack_078.obj
  artifactKey: Guid(73e1020fae8ea3744806e625072c1278) Importer(815301076,1909f56bfc062723c751e8b465ee728b)
Start importing Assets/Models/Models/Models/naturePack_078.obj using Guid(73e1020fae8ea3744806e625072c1278) Importer(815301076,1909f56bfc062723c751e8b465ee728b)  -> (artifact id: 'ae10416a8b6ca6f3988416635e58fe97') in 0.045212 seconds 
========================================================================
Received Import Request.
  Time since last request: 0.000043 seconds.
  path: Assets/Models/Models/Models/naturePack_049.obj
  artifactKey: Guid(a0e851b73116f2746b08eed17a6e1523) Importer(815301076,1909f56bfc062723c751e8b465ee728b)
Start importing Assets/Models/Models/Models/naturePack_049.obj using Guid(a0e851b73116f2746b08eed17a6e1523) Importer(815301076,1909f56bfc062723c751e8b465ee728b)  -> (artifact id: '9a36278f0eac7610a32d13b6947e619d') in 0.047882 seconds 
========================================================================
Received Import Request.
  Time since last request: 0.000059 seconds.
  path: Assets/Models/Models/Models/naturePack_132.obj
  artifactKey: Guid(56600edf249b3b4419f048b85dba9672) Importer(815301076,1909f56bfc062723c751e8b465ee728b)
Start importing Assets/Models/Models/Models/naturePack_132.obj using Guid(56600edf249b3b4419f048b85dba9672) Importer(815301076,1909f56bfc062723c751e8b465ee728b)  -> (artifact id: '56d1abe59613dfb674506fcc8b73baa6') in 0.050243 seconds 
========================================================================
Received Import Request.
  Time since last request: 0.000025 seconds.
  path: Assets/Models/Models/Models/naturePack_139.obj
  artifactKey: Guid(c37e774e5e2c1ba4d921d0da0cb3c6af) Importer(815301076,1909f56bfc062723c751e8b465ee728b)
Start importing Assets/Models/Models/Models/naturePack_139.obj using Guid(c37e774e5e2c1ba4d921d0da0cb3c6af) Importer(815301076,1909f56bfc062723c751e8b465ee728b)  -> (artifact id: '3c453ff2e539d3f9352c14754e3fdbaa') in 0.048407 seconds 
========================================================================
Received Import Request.
  Time since last request: 0.000029 seconds.
  path: Assets/Models/Models/Models/naturePack_126.obj
  artifactKey: Guid(7599c128e15842b4aae6ee31bbafda66) Importer(815301076,1909f56bfc062723c751e8b465ee728b)
Start importing Assets/Models/Models/Models/naturePack_126.obj using Guid(7599c128e15842b4aae6ee31bbafda66) Importer(815301076,1909f56bfc062723c751e8b465ee728b)  -> (artifact id: '24420e62ce88920d98ceb5c16d14328c') in 0.054234 seconds 
========================================================================
Received Import Request.
  Time since last request: 0.000030 seconds.
  path: Assets/Models/Models/Models/naturePack_095.obj
  artifactKey: Guid(192afa630944cb04783582116e824c2a) Importer(815301076,1909f56bfc062723c751e8b465ee728b)
Start importing Assets/Models/Models/Models/naturePack_095.obj using Guid(192afa630944cb04783582116e824c2a) Importer(815301076,1909f56bfc062723c751e8b465ee728b)  -> (artifact id: '76522c6971d31de7983c92724f46fbff') in 0.056831 seconds 
========================================================================
Received Import Request.
  Time since last request: 0.000049 seconds.
  path: Assets/Models/Models/Models/naturePack_156.obj
  artifactKey: Guid(913f5adf2fe7a15419533da33f59ace3) Importer(815301076,1909f56bfc062723c751e8b465ee728b)
Start importing Assets/Models/Models/Models/naturePack_156.obj using Guid(913f5adf2fe7a15419533da33f59ace3) Importer(815301076,1909f56bfc062723c751e8b465ee728b)  -> (artifact id: 'e2ecf88a995d5eed198737acbbe5fb26') in 0.043404 seconds 
========================================================================
Received Import Request.
  Time since last request: 0.000049 seconds.
  path: Assets/Models/Models/Models/naturePack_060.obj
  artifactKey: Guid(2d85287e04b84634880011c192e57073) Importer(815301076,1909f56bfc062723c751e8b465ee728b)
Start importing Assets/Models/Models/Models/naturePack_060.obj using Guid(2d85287e04b84634880011c192e57073) Importer(815301076,1909f56bfc062723c751e8b465ee728b)  -> (artifact id: '910700e247a78159b041f2600f4959ed') in 0.039433 seconds 
========================================================================
Received Import Request.
  Time since last request: 0.000038 seconds.
  path: Assets/Models/Models/Models/naturePack_073.obj
  artifactKey: Guid(3ca0815776ab2c8468c1612d2adfb468) Importer(815301076,1909f56bfc062723c751e8b465ee728b)
Start importing Assets/Models/Models/Models/naturePack_073.obj using Guid(3ca0815776ab2c8468c1612d2adfb468) Importer(815301076,1909f56bfc062723c751e8b465ee728b)  -> (artifact id: '64f51483767cb1381c940be9ba36d7cb') in 0.056190 seconds 
========================================================================
Received Import Request.
  Time since last request: 0.000031 seconds.
  path: Assets/Models/Models/Models/naturePack_065.obj
  artifactKey: Guid(9e0b01652596b304ab31a547c8206818) Importer(815301076,1909f56bfc062723c751e8b465ee728b)
Start importing Assets/Models/Models/Models/naturePack_065.obj using Guid(9e0b01652596b304ab31a547c8206818) Importer(815301076,1909f56bfc062723c751e8b465ee728b)  -> (artifact id: '4c295a2d8045d0e0721b3a2851f44c4b') in 0.049770 seconds 
========================================================================
Received Import Request.
  Time since last request: 0.000029 seconds.
  path: Assets/Models/Models/Models/naturePack_040.obj
  artifactKey: Guid(3eed8f3a757fe474f973e7b994ea4ba6) Importer(815301076,1909f56bfc062723c751e8b465ee728b)
Start importing Assets/Models/Models/Models/naturePack_040.obj using Guid(3eed8f3a757fe474f973e7b994ea4ba6) Importer(815301076,1909f56bfc062723c751e8b465ee728b)  -> (artifact id: 'dab9b11ed5410624c00103e632c2611f') in 0.089738 seconds 
========================================================================
Received Import Request.
  Time since last request: 0.000044 seconds.
  path: Assets/Models/Models/Models/naturePack_136.obj
  artifactKey: Guid(8e6d7f2c37cd2b84a99456bf7b838cb1) Importer(815301076,1909f56bfc062723c751e8b465ee728b)
Start importing Assets/Models/Models/Models/naturePack_136.obj using Guid(8e6d7f2c37cd2b84a99456bf7b838cb1) Importer(815301076,1909f56bfc062723c751e8b465ee728b)  -> (artifact id: 'de5f0e955431d774810b384bc9b80472') in 0.039614 seconds 
========================================================================
Received Import Request.
  Time since last request: 0.000029 seconds.
  path: Assets/Models/Models/Models/naturePack_072.obj
  artifactKey: Guid(79d14dc2b39561c44a12ec6db576101e) Importer(815301076,1909f56bfc062723c751e8b465ee728b)
Start importing Assets/Models/Models/Models/naturePack_072.obj using Guid(79d14dc2b39561c44a12ec6db576101e) Importer(815301076,1909f56bfc062723c751e8b465ee728b)  -> (artifact id: '7d1c51073f97602a66ce69c169fffa43') in 0.054192 seconds 
========================================================================
Received Import Request.
  Time since last request: 0.000053 seconds.
  path: Assets/Models/Models/Models/naturePack_104.obj
  artifactKey: Guid(0b06df2aed79cff448d7e089f172a3b9) Importer(815301076,1909f56bfc062723c751e8b465ee728b)
Start importing Assets/Models/Models/Models/naturePack_104.obj using Guid(0b06df2aed79cff448d7e089f172a3b9) Importer(815301076,1909f56bfc062723c751e8b465ee728b)  -> (artifact id: '09b2aff9d74a8b1f9e5ce55f7668ee3e') in 0.046458 seconds 
========================================================================
Received Import Request.
  Time since last request: 0.000026 seconds.
  path: Assets/Models/Models/Models/naturePack_092.obj
  artifactKey: Guid(75d53c8ef05cf4d4789b4329bd5a4dab) Importer(815301076,1909f56bfc062723c751e8b465ee728b)
Start importing Assets/Models/Models/Models/naturePack_092.obj using Guid(75d53c8ef05cf4d4789b4329bd5a4dab) Importer(815301076,1909f56bfc062723c751e8b465ee728b)  -> (artifact id: '51f0a665e43277a97689a00e813a4e2e') in 0.060086 seconds 
========================================================================
Received Import Request.
  Time since last request: 0.000043 seconds.
  path: Assets/Models/Models/Models/naturePack_069.obj
  artifactKey: Guid(a441a64662d130940b2cec8f6e44a15b) Importer(815301076,1909f56bfc062723c751e8b465ee728b)
Start importing Assets/Models/Models/Models/naturePack_069.obj using Guid(a441a64662d130940b2cec8f6e44a15b) Importer(815301076,1909f56bfc062723c751e8b465ee728b)  -> (artifact id: '3b847ae2a185e2c34ccca57909ab0b72') in 0.047814 seconds 
========================================================================
Received Import Request.
  Time since last request: 0.000042 seconds.
  path: Assets/Models/Models/Models/naturePack_091.obj
  artifactKey: Guid(c93d7006e41a48646ac6c0afd963964f) Importer(815301076,1909f56bfc062723c751e8b465ee728b)
Start importing Assets/Models/Models/Models/naturePack_091.obj using Guid(c93d7006e41a48646ac6c0afd963964f) Importer(815301076,1909f56bfc062723c751e8b465ee728b)  -> (artifact id: 'e5385eb7ab4bf60b8e95d75d5df4716b') in 0.055196 seconds 
========================================================================
Received Import Request.
  Time since last request: 0.000044 seconds.
  path: Assets/Models/Models/Models/naturePack_068.obj
  artifactKey: Guid(90414cd8f8e63014fa946f464c184dc5) Importer(815301076,1909f56bfc062723c751e8b465ee728b)
Start importing Assets/Models/Models/Models/naturePack_068.obj using Guid(90414cd8f8e63014fa946f464c184dc5) Importer(815301076,1909f56bfc062723c751e8b465ee728b)  -> (artifact id: 'cacebd9054a5e62418b9d082b5480aad') in 0.060234 seconds 
========================================================================
Received Import Request.
  Time since last request: 0.000026 seconds.
  path: Assets/Models/Models/Models/naturePack_114.obj
  artifactKey: Guid(e0c3e4efc2c84044ab18f4b62355f122) Importer(815301076,1909f56bfc062723c751e8b465ee728b)
Start importing Assets/Models/Models/Models/naturePack_114.obj using Guid(e0c3e4efc2c84044ab18f4b62355f122) Importer(815301076,1909f56bfc062723c751e8b465ee728b)  -> (artifact id: '2ded259bfc71570e5322602f135723fd') in 0.050510 seconds 
========================================================================
Received Import Request.
  Time since last request: 0.000040 seconds.
  path: Assets/Models/Models/Models/naturePack_063.obj
  artifactKey: Guid(e2ba34c7b9f2e7f4f947ad762ea7ad52) Importer(815301076,1909f56bfc062723c751e8b465ee728b)
Start importing Assets/Models/Models/Models/naturePack_063.obj using Guid(e2ba34c7b9f2e7f4f947ad762ea7ad52) Importer(815301076,1909f56bfc062723c751e8b465ee728b)  -> (artifact id: '891be44eeb3e6deee12b622d3742365b') in 0.053308 seconds 
========================================================================
Received Import Request.
  Time since last request: 0.000046 seconds.
  path: Assets/Models/Models/Models/naturePack_058.obj
  artifactKey: Guid(1c68053201d54514a9b463a2ebf79036) Importer(815301076,1909f56bfc062723c751e8b465ee728b)
Start importing Assets/Models/Models/Models/naturePack_058.obj using Guid(1c68053201d54514a9b463a2ebf79036) Importer(815301076,1909f56bfc062723c751e8b465ee728b)  -> (artifact id: 'd4303826d76f49be8cfc554ccabd50d3') in 0.054485 seconds 
========================================================================
Received Import Request.
  Time since last request: 0.000054 seconds.
  path: Assets/Models/Models/Models/naturePack_121.obj
  artifactKey: Guid(4934700d054c74a43b85eff1b2c30c42) Importer(815301076,1909f56bfc062723c751e8b465ee728b)
Start importing Assets/Models/Models/Models/naturePack_121.obj using Guid(4934700d054c74a43b85eff1b2c30c42) Importer(815301076,1909f56bfc062723c751e8b465ee728b)  -> (artifact id: 'e68fbdac3870d1cdd48adf70cca8ce9c') in 0.046314 seconds 
========================================================================
Received Import Request.
  Time since last request: 0.000047 seconds.
  path: Assets/Models/Models/Models/naturePack_096.obj
  artifactKey: Guid(fb44cb0b5836ac24d82515b1830794e7) Importer(815301076,1909f56bfc062723c751e8b465ee728b)
Start importing Assets/Models/Models/Models/naturePack_096.obj using Guid(fb44cb0b5836ac24d82515b1830794e7) Importer(815301076,1909f56bfc062723c751e8b465ee728b)  -> (artifact id: '014c5d9bc23e11a6a87113a72da22cbb') in 0.053837 seconds 
========================================================================
Received Import Request.
  Time since last request: 0.000029 seconds.
  path: Assets/Models/Models/Models/naturePack_113.obj
  artifactKey: Guid(f73374ed65f168c4d8ee35d1ce3a1a44) Importer(815301076,1909f56bfc062723c751e8b465ee728b)
Start importing Assets/Models/Models/Models/naturePack_113.obj using Guid(f73374ed65f168c4d8ee35d1ce3a1a44) Importer(815301076,1909f56bfc062723c751e8b465ee728b)  -> (artifact id: '91f2da0dfaa1b1cfb33a7d68fc932454') in 0.052370 seconds 
Editor requested this worker to shutdown with reason: Scaling down because of idle timeout
AssetImportWorker is now disconnected from the server
Process exiting
Exiting without the bug reporter. Application will terminate with return code 0