Using pre-set license
Built from '2021.3/staging' branch; Version is '2021.3.11f1 (0a5ca18544bf) revision 679073'; Using compiler version '192829333'; Build Type 'Release'
OS: 'Windows 11  (10.0.22621) 64bit Core' Language: 'en' Physical Memory: 16061 MB
BatchMode: 1, IsHumanControllingUs: 0, StartBugReporterOnCrash: 0, Is64bit: 1, IsPro: 1

COMMAND LINE ARGUMENTS:
C:\Program Files\Unity\Hub\Editor\2021.3.11f1\Editor\Unity.exe
-adb2
-batchMode
-noUpm
-name
AssetImportWorker5
-projectPath
C:/Users/earth/Specialization/holbertonschool-unity/0x00-unity-assets_models_textures
-logFile
Logs/AssetImportWorker5.log
-srvPort
62935
Successfully changed project path to: C:/Users/earth/Specialization/holbertonschool-unity/0x00-unity-assets_models_textures
C:/Users/earth/Specialization/holbertonschool-unity/0x00-unity-assets_models_textures
[UnityMemory] Configuration Parameters - Can be set up in boot.config
    "memorysetup-bucket-allocator-granularity=16"
    "memorysetup-bucket-allocator-bucket-count=8"
    "memorysetup-bucket-allocator-block-size=33554432"
    "memorysetup-bucket-allocator-block-count=8"
    "memorysetup-main-allocator-block-size=16777216"
    "memorysetup-thread-allocator-block-size=16777216"
    "memorysetup-gfx-main-allocator-block-size=16777216"
    "memorysetup-gfx-thread-allocator-block-size=16777216"
    "memorysetup-cache-allocator-block-size=4194304"
    "memorysetup-typetree-allocator-block-size=2097152"
    "memorysetup-profiler-bucket-allocator-granularity=16"
    "memorysetup-profiler-bucket-allocator-bucket-count=8"
    "memorysetup-profiler-bucket-allocator-block-size=33554432"
    "memorysetup-profiler-bucket-allocator-block-count=8"
    "memorysetup-profiler-allocator-block-size=16777216"
    "memorysetup-profiler-editor-allocator-block-size=1048576"
    "memorysetup-temp-allocator-size-main=16777216"
    "memorysetup-job-temp-allocator-block-size=2097152"
    "memorysetup-job-temp-allocator-block-size-background=1048576"
    "memorysetup-job-temp-allocator-reduction-small-platforms=262144"
    "memorysetup-temp-allocator-size-background-worker=32768"
    "memorysetup-temp-allocator-size-job-worker=262144"
    "memorysetup-temp-allocator-size-preload-manager=33554432"
    "memorysetup-temp-allocator-size-nav-mesh-worker=65536"
    "memorysetup-temp-allocator-size-audio-worker=65536"
    "memorysetup-temp-allocator-size-cloud-worker=32768"
    "memorysetup-temp-allocator-size-gi-baking-worker=262144"
    "memorysetup-temp-allocator-size-gfx=262144"
Refreshing native plugins compatible for Editor in 87.43 ms, found 4 plugins.
Preloading 0 native plugins for Editor in 0.00 ms.
Initialize engine version: 2021.3.11f1 (0a5ca18544bf)
[Subsystems] Discovering subsystems at path C:/Program Files/Unity/Hub/Editor/2021.3.11f1/Editor/Data/Resources/UnitySubsystems
[Subsystems] Discovering subsystems at path C:/Users/earth/Specialization/holbertonschool-unity/0x00-unity-assets_models_textures/Assets
GfxDevice: creating device client; threaded=0; jobified=0
Direct3D:
    Version:  Direct3D 11.0 [level 11.1]
    Renderer: NVIDIA GeForce RTX 3060 Laptop GPU (ID=0x2520)
    Vendor:   NVIDIA
    VRAM:     6023 MB
    Driver:   30.0.15.1278
Initialize mono
Mono path[0] = 'C:/Program Files/Unity/Hub/Editor/2021.3.11f1/Editor/Data/Managed'
Mono path[1] = 'C:/Program Files/Unity/Hub/Editor/2021.3.11f1/Editor/Data/MonoBleedingEdge/lib/mono/unityjit-win32'
Mono config path = 'C:/Program Files/Unity/Hub/Editor/2021.3.11f1/Editor/Data/MonoBleedingEdge/etc'
Using monoOptions --debugger-agent=transport=dt_socket,embedding=1,server=y,suspend=n,address=127.0.0.1:56960
Begin MonoManager ReloadAssembly
Registering precompiled unity dll's ...
Register platform support module: C:/Program Files/Unity/Hub/Editor/2021.3.11f1/Editor/Data/PlaybackEngines/AndroidPlayer/UnityEditor.Android.Extensions.dll
Register platform support module: C:/Program Files/Unity/Hub/Editor/2021.3.11f1/Editor/Data/PlaybackEngines/iOSSupport/UnityEditor.iOS.Extensions.dll
Register platform support module: C:/Program Files/Unity/Hub/Editor/2021.3.11f1/Editor/Data/PlaybackEngines/WindowsStandaloneSupport/UnityEditor.WindowsStandalone.Extensions.dll
Register platform support module: C:/Program Files/Unity/Hub/Editor/2021.3.11f1/Editor/Data/PlaybackEngines/LinuxStandaloneSupport/UnityEditor.LinuxStandalone.Extensions.dll
Register platform support module: C:/Program Files/Unity/Hub/Editor/2021.3.11f1/Editor/Data/PlaybackEngines/MetroSupport/UnityEditor.UWP.Extensions.dll
Registered in 0.005681 seconds.
Native extension for UWP target not found
Native extension for LinuxStandalone target not found
Native extension for WindowsStandalone target not found
[usbmuxd] Start listen thread
[usbmuxd] Listen thread started
Native extension for iOS target not found
Native extension for Android target not found
Refreshing native plugins compatible for Editor in 88.71 ms, found 4 plugins.
Preloading 0 native plugins for Editor in 0.00 ms.
Mono: successfully reloaded assembly
- Completed reload, in  0.812 seconds
Domain Reload Profiling:
	ReloadAssembly (812ms)
		BeginReloadAssembly (53ms)
			ExecutionOrderSort (0ms)
			DisableScriptedObjects (0ms)
			BackupInstance (0ms)
			ReleaseScriptingObjects (0ms)
			CreateAndSetChildDomain (1ms)
		EndReloadAssembly (580ms)
			LoadAssemblies (52ms)
			RebuildTransferFunctionScriptingTraits (0ms)
			SetupTypeCache (183ms)
			ReleaseScriptCaches (0ms)
			RebuildScriptCaches (31ms)
			SetupLoadedEditorAssemblies (329ms)
				LogAssemblyErrors (0ms)
				InitializePlatformSupportModulesInManaged (80ms)
				SetLoadedEditorAssemblies (0ms)
				RefreshPlugins (89ms)
				BeforeProcessingInitializeOnLoad (2ms)
				ProcessInitializeOnLoadAttributes (102ms)
				ProcessInitializeOnLoadMethodAttributes (56ms)
				AfterProcessingInitializeOnLoad (0ms)
				EditorAssembliesLoaded (0ms)
			ExecutionOrderSort2 (0ms)
			AwakeInstancesAfterBackupRestoration (0ms)
Platform modules already initialized, skipping
Registering precompiled user dll's ...
Registered in 0.004863 seconds.
Begin MonoManager ReloadAssembly
Symbol file LoadedFromMemory doesn't match image C:\Users\earth\Specialization\holbertonschool-unity\0x00-unity-assets_models_textures\Library\PackageCache\com.unity.visualscripting@1.7.8\Editor\VisualScripting.Core\Dependencies\YamlDotNet\Unity.VisualScripting.YamlDotNet.dll
Symbol file LoadedFromMemory doesn't match image C:\Users\earth\Specialization\holbertonschool-unity\0x00-unity-assets_models_textures\Library\PackageCache\com.unity.visualscripting@1.7.8\Editor\VisualScripting.Core\Dependencies\DotNetZip\Unity.VisualScripting.IonicZip.dll
Native extension for UWP target not found
Native extension for LinuxStandalone target not found
Native extension for WindowsStandalone target not found
Native extension for iOS target not found
Native extension for Android target not found
Refreshing native plugins compatible for Editor in 1.99 ms, found 4 plugins.
Preloading 0 native plugins for Editor in 0.00 ms.
Mono: successfully reloaded assembly
- Completed reload, in  1.299 seconds
Domain Reload Profiling:
	ReloadAssembly (1300ms)
		BeginReloadAssembly (254ms)
			ExecutionOrderSort (0ms)
			DisableScriptedObjects (6ms)
			BackupInstance (0ms)
			ReleaseScriptingObjects (0ms)
			CreateAndSetChildDomain (146ms)
		EndReloadAssembly (933ms)
			LoadAssemblies (87ms)
			RebuildTransferFunctionScriptingTraits (0ms)
			SetupTypeCache (275ms)
			ReleaseScriptCaches (2ms)
			RebuildScriptCaches (76ms)
			SetupLoadedEditorAssemblies (461ms)
				LogAssemblyErrors (0ms)
				InitializePlatformSupportModulesInManaged (28ms)
				SetLoadedEditorAssemblies (1ms)
				RefreshPlugins (2ms)
				BeforeProcessingInitializeOnLoad (82ms)
				ProcessInitializeOnLoadAttributes (315ms)
				ProcessInitializeOnLoadMethodAttributes (28ms)
				AfterProcessingInitializeOnLoad (4ms)
				EditorAssembliesLoaded (0ms)
			ExecutionOrderSort2 (0ms)
			AwakeInstancesAfterBackupRestoration (5ms)
Platform modules already initialized, skipping
========================================================================
Worker process is ready to serve import requests
Launched and connected shader compiler UnityShaderCompiler.exe after 0.07 seconds
Refreshing native plugins compatible for Editor in 0.78 ms, found 4 plugins.
Preloading 0 native plugins for Editor in 0.00 ms.
Unloading 3749 Unused Serialized files (Serialized files now loaded: 0)
Unloading 66 unused Assets / (2.0 MB). Loaded Objects now: 4183.
Memory consumption went from 140.4 MB to 138.4 MB.
Total: 3.801300 ms (FindLiveObjects: 0.307000 ms CreateObjectMapping: 0.166900 ms MarkObjects: 2.862600 ms  DeleteObjects: 0.463600 ms)

AssetImportParameters requested are different than current active one (requested -> active):
  custom:video-decoder-ogg-theora: a1e56fd34408186e4bbccfd4996cb3dc -> 
  custom:container-muxer-webm: aa71ff27fc2769a1b78a27578f13a17b -> 
  custom:container-demuxer-webm: 4f35f7cbe854078d1ac9338744f61a02 -> 
  custom:video-encoder-webm-vp8: eb34c28f22e8b96e1ab97ce403110664 -> 
  custom:video-codec-MediaFoundation-h265: 746d11721c4dcdbdad8f713fa42b33f4 -> 
  custom:audio-encoder-webm-vorbis: bf7c407c2cedff20999df2af8eb42d56 -> 
  custom:framework-win-MediaFoundation: 216162199b28c13a410421893ffa2e32 -> 
  custom:container-demuxer-ogg: 62fdf1f143b41e24485cea50d1cbac27 -> 
  custom:video-decoder-webm-vp8: 9c59270c3fd7afecdb556c50c9e8de78 -> 
  custom:audio-decoder-ogg-vorbis: bf7c407c2cedff20999df2af8eb42d56 -> 
========================================================================
Received Import Request.
  Time since last request: 1538.403876 seconds.
  path: Assets/Nature pack extended/Materials/Green_leafs.mat
  artifactKey: Guid(6bc8d7d8e3a30024db3c59b715842c75) Importer(815301076,1909f56bfc062723c751e8b465ee728b)
Start importing Assets/Nature pack extended/Materials/Green_leafs.mat using Guid(6bc8d7d8e3a30024db3c59b715842c75) Importer(815301076,1909f56bfc062723c751e8b465ee728b)  -> (artifact id: '147c0b6242935e32f958de980e5961cb') in 0.130679 seconds 
========================================================================
Received Import Request.
  Time since last request: 179.062219 seconds.
  path: Assets/Models/Models/naturePack_002.obj
  artifactKey: Guid(1240054b3c559524b9ebe0dab81d748d) Importer(815301076,1909f56bfc062723c751e8b465ee728b)
Start importing Assets/Models/Models/naturePack_002.obj using Guid(1240054b3c559524b9ebe0dab81d748d) Importer(815301076,1909f56bfc062723c751e8b465ee728b)  -> (artifact id: 'b510c813831061e5e31eae491498623d') in 0.084902 seconds 
========================================================================
Received Import Request.
  Time since last request: 0.000026 seconds.
  path: Assets/Models/Models/naturePack_015.obj
  artifactKey: Guid(8f6d79bf2968fb946bcc5955a4ce197b) Importer(815301076,1909f56bfc062723c751e8b465ee728b)
Start importing Assets/Models/Models/naturePack_015.obj using Guid(8f6d79bf2968fb946bcc5955a4ce197b) Importer(815301076,1909f56bfc062723c751e8b465ee728b)  -> (artifact id: 'ef1bcaca91041c51d14cfe600fdc2da8') in 0.065409 seconds 
========================================================================
Received Import Request.
  Time since last request: 0.000038 seconds.
  path: Assets/Models/Models/naturePack_030.obj
  artifactKey: Guid(4dd65baf6c5f69a408109768d7a4e280) Importer(815301076,1909f56bfc062723c751e8b465ee728b)
Start importing Assets/Models/Models/naturePack_030.obj using Guid(4dd65baf6c5f69a408109768d7a4e280) Importer(815301076,1909f56bfc062723c751e8b465ee728b)  -> (artifact id: 'dc65e63d93e3526a765c72a4f6bf8cdc') in 0.050425 seconds 
========================================================================
Received Import Request.
  Time since last request: 0.000018 seconds.
  path: Assets/Models/Models/naturePack_028.obj
  artifactKey: Guid(6226c32c8cd8ea14b85016a1efe8b6be) Importer(815301076,1909f56bfc062723c751e8b465ee728b)
Start importing Assets/Models/Models/naturePack_028.obj using Guid(6226c32c8cd8ea14b85016a1efe8b6be) Importer(815301076,1909f56bfc062723c751e8b465ee728b)  -> (artifact id: '3f9d9c9820193e5b5d9fe66b2965d234') in 0.053592 seconds 
========================================================================
Received Import Request.
  Time since last request: 0.000024 seconds.
  path: Assets/Models/Models/naturePack_026.obj
  artifactKey: Guid(80869e7287da8254d82789e85440073c) Importer(815301076,1909f56bfc062723c751e8b465ee728b)
Start importing Assets/Models/Models/naturePack_026.obj using Guid(80869e7287da8254d82789e85440073c) Importer(815301076,1909f56bfc062723c751e8b465ee728b)  -> (artifact id: '67bda934a553f14475f23062ccccdf2f') in 0.040332 seconds 
========================================================================
Received Import Request.
  Time since last request: 0.000023 seconds.
  path: Assets/Models/Models/naturePack_006.obj
  artifactKey: Guid(e5679e9538705fe4abaa29d03ecd1674) Importer(815301076,1909f56bfc062723c751e8b465ee728b)
Start importing Assets/Models/Models/naturePack_006.obj using Guid(e5679e9538705fe4abaa29d03ecd1674) Importer(815301076,1909f56bfc062723c751e8b465ee728b)  -> (artifact id: 'b2c0f7d1fe7d8ad4d2e1248d599bba81') in 0.037205 seconds 
========================================================================
Received Import Request.
  Time since last request: 0.000029 seconds.
  path: Assets/Models/Models/naturePack_025.obj
  artifactKey: Guid(e72c5bf2456b8824eb706b52984a4496) Importer(815301076,1909f56bfc062723c751e8b465ee728b)
Start importing Assets/Models/Models/naturePack_025.obj using Guid(e72c5bf2456b8824eb706b52984a4496) Importer(815301076,1909f56bfc062723c751e8b465ee728b)  -> (artifact id: '7b1cb49a3c1cdfe5221067821f626145') in 0.033489 seconds 
========================================================================
Received Import Request.
  Time since last request: 0.000047 seconds.
  path: Assets/Models/Models/naturePack_022.obj
  artifactKey: Guid(13746e2f56a207d4db7cc6722ff10585) Importer(815301076,1909f56bfc062723c751e8b465ee728b)
Start importing Assets/Models/Models/naturePack_022.obj using Guid(13746e2f56a207d4db7cc6722ff10585) Importer(815301076,1909f56bfc062723c751e8b465ee728b)  -> (artifact id: '7854ff35ba048dada07402240c0fb993') in 0.039603 seconds 
========================================================================
Received Import Request.
  Time since last request: 0.000019 seconds.
  path: Assets/Models/Models/naturePack_017.obj
  artifactKey: Guid(6ce2a3af46583ab429d4c1ff751c1294) Importer(815301076,1909f56bfc062723c751e8b465ee728b)
Start importing Assets/Models/Models/naturePack_017.obj using Guid(6ce2a3af46583ab429d4c1ff751c1294) Importer(815301076,1909f56bfc062723c751e8b465ee728b)  -> (artifact id: '32d3e17df55c231f870d628a73286d0a') in 0.036023 seconds 
========================================================================
Received Import Request.
  Time since last request: 0.000063 seconds.
  path: Assets/Models/Models/naturePack_008.obj
  artifactKey: Guid(a7c3b9fe0b7548a458fcb1ffc85b1c08) Importer(815301076,1909f56bfc062723c751e8b465ee728b)
Start importing Assets/Models/Models/naturePack_008.obj using Guid(a7c3b9fe0b7548a458fcb1ffc85b1c08) Importer(815301076,1909f56bfc062723c751e8b465ee728b)  -> (artifact id: 'fd0456ab386e451ebde088b3e145be3d') in 0.036247 seconds 
========================================================================
Received Import Request.
  Time since last request: 0.000021 seconds.
  path: Assets/Models/Models/naturePack_035.obj
  artifactKey: Guid(177f5c5c9490a1e4da1f9596c0223de9) Importer(815301076,1909f56bfc062723c751e8b465ee728b)
Start importing Assets/Models/Models/naturePack_035.obj using Guid(177f5c5c9490a1e4da1f9596c0223de9) Importer(815301076,1909f56bfc062723c751e8b465ee728b)  -> (artifact id: '0d78cdcffbde431b5baa75f841b58927') in 0.033722 seconds 
========================================================================
Received Import Request.
  Time since last request: 0.000017 seconds.
  path: Assets/Models/Models/naturePack_024.obj
  artifactKey: Guid(8c1372e45e7d3fd4bac131055841d6f1) Importer(815301076,1909f56bfc062723c751e8b465ee728b)
Start importing Assets/Models/Models/naturePack_024.obj using Guid(8c1372e45e7d3fd4bac131055841d6f1) Importer(815301076,1909f56bfc062723c751e8b465ee728b)  -> (artifact id: 'd69d3f0349519e72592322fb87c05d87') in 0.031862 seconds 
========================================================================
Received Import Request.
  Time since last request: 0.000026 seconds.
  path: Assets/Models/Models/naturePack_011.obj
  artifactKey: Guid(65bc62fffc3c4bf459e0f92b59834c7c) Importer(815301076,1909f56bfc062723c751e8b465ee728b)
Start importing Assets/Models/Models/naturePack_011.obj using Guid(65bc62fffc3c4bf459e0f92b59834c7c) Importer(815301076,1909f56bfc062723c751e8b465ee728b)  -> (artifact id: '436dae35934e6a99d06af086c6ad20e8') in 0.039939 seconds 
========================================================================
Received Import Request.
  Time since last request: 0.000031 seconds.
  path: Assets/Models/Models/naturePack_031.obj
  artifactKey: Guid(7d16abf8365dbb34a8486a3d1c3688d7) Importer(815301076,1909f56bfc062723c751e8b465ee728b)
Start importing Assets/Models/Models/naturePack_031.obj using Guid(7d16abf8365dbb34a8486a3d1c3688d7) Importer(815301076,1909f56bfc062723c751e8b465ee728b)  -> (artifact id: 'bbcbd8a901584d1ebdb5c8636bd11bb2') in 0.034740 seconds 
========================================================================
Received Import Request.
  Time since last request: 0.000022 seconds.
  path: Assets/Models/Models/naturePack_032.obj
  artifactKey: Guid(8d54260d6840d5849897014819e50a2d) Importer(815301076,1909f56bfc062723c751e8b465ee728b)
Start importing Assets/Models/Models/naturePack_032.obj using Guid(8d54260d6840d5849897014819e50a2d) Importer(815301076,1909f56bfc062723c751e8b465ee728b)  -> (artifact id: '1ae9f3556c3015dac1a99abaa3c1c467') in 0.033099 seconds 
========================================================================
Received Import Request.
  Time since last request: 0.000025 seconds.
  path: Assets/Models/Models/naturePack_013.obj
  artifactKey: Guid(b8ee714b21efc9540949133a3b5e2534) Importer(815301076,1909f56bfc062723c751e8b465ee728b)
Start importing Assets/Models/Models/naturePack_013.obj using Guid(b8ee714b21efc9540949133a3b5e2534) Importer(815301076,1909f56bfc062723c751e8b465ee728b)  -> (artifact id: '79ead40d256a2b85148f335e141d570e') in 0.043528 seconds 
========================================================================
Received Import Request.
  Time since last request: 0.000032 seconds.
  path: Assets/Models/Models/naturePack_010.obj
  artifactKey: Guid(f0818019a723be940bdef34884d06c39) Importer(815301076,1909f56bfc062723c751e8b465ee728b)
Start importing Assets/Models/Models/naturePack_010.obj using Guid(f0818019a723be940bdef34884d06c39) Importer(815301076,1909f56bfc062723c751e8b465ee728b)  -> (artifact id: 'a22c3ab82b8b5cdd36f354f09be447c6') in 0.041570 seconds 
========================================================================
Received Import Request.
  Time since last request: 3.253267 seconds.
  path: Assets/Models/Models/Models/naturePack_003.obj
  artifactKey: Guid(42b17da29f460aa48800177dc4324ec0) Importer(815301076,1909f56bfc062723c751e8b465ee728b)
Start importing Assets/Models/Models/Models/naturePack_003.obj using Guid(42b17da29f460aa48800177dc4324ec0) Importer(815301076,1909f56bfc062723c751e8b465ee728b)  -> (artifact id: '98ff4567864e303a969cbd18adb28b86') in 0.038927 seconds 
========================================================================
Received Import Request.
  Time since last request: 0.000019 seconds.
  path: Assets/Models/Models/Models/naturePack_034.obj
  artifactKey: Guid(0bc41846fb257bf46bebf1d48aa189b8) Importer(815301076,1909f56bfc062723c751e8b465ee728b)
Start importing Assets/Models/Models/Models/naturePack_034.obj using Guid(0bc41846fb257bf46bebf1d48aa189b8) Importer(815301076,1909f56bfc062723c751e8b465ee728b)  -> (artifact id: '661696dc812416fa1085fe42cf5d1b5a') in 0.039423 seconds 
========================================================================
Received Import Request.
  Time since last request: 0.000032 seconds.
  path: Assets/Models/Models/Models/naturePack_013.obj
  artifactKey: Guid(15728d45fda3a37449818f124703b448) Importer(815301076,1909f56bfc062723c751e8b465ee728b)
Start importing Assets/Models/Models/Models/naturePack_013.obj using Guid(15728d45fda3a37449818f124703b448) Importer(815301076,1909f56bfc062723c751e8b465ee728b)  -> (artifact id: 'bd8510cbf0d77bc4639879753dd2fcdf') in 0.060793 seconds 
========================================================================
Received Import Request.
  Time since last request: 0.000025 seconds.
  path: Assets/Models/Models/Models/naturePack_019.obj
  artifactKey: Guid(dfa057619c518224798d4c7096ef0b9b) Importer(815301076,1909f56bfc062723c751e8b465ee728b)
Start importing Assets/Models/Models/Models/naturePack_019.obj using Guid(dfa057619c518224798d4c7096ef0b9b) Importer(815301076,1909f56bfc062723c751e8b465ee728b)  -> (artifact id: '81707a4ef07dc87129d3b1927a4c37e3') in 0.070713 seconds 
========================================================================
Received Import Request.
  Time since last request: 0.000041 seconds.
  path: Assets/Models/Models/Models/naturePack_011.obj
  artifactKey: Guid(5fdc41a6a72b3204f824989383e836b5) Importer(815301076,1909f56bfc062723c751e8b465ee728b)
Start importing Assets/Models/Models/Models/naturePack_011.obj using Guid(5fdc41a6a72b3204f824989383e836b5) Importer(815301076,1909f56bfc062723c751e8b465ee728b)  -> (artifact id: 'd8b22b2f9fa9917f5ee66a80ca79834c') in 0.038982 seconds 
========================================================================
Received Import Request.
  Time since last request: 0.000023 seconds.
  path: Assets/Models/Models/Models/naturePack_033.obj
  artifactKey: Guid(af2f38d262791e049a6461edfce94246) Importer(815301076,1909f56bfc062723c751e8b465ee728b)
Start importing Assets/Models/Models/Models/naturePack_033.obj using Guid(af2f38d262791e049a6461edfce94246) Importer(815301076,1909f56bfc062723c751e8b465ee728b)  -> (artifact id: '628a76efc67de116dbde3b161910026c') in 0.034376 seconds 
========================================================================
Received Import Request.
  Time since last request: 0.000031 seconds.
  path: Assets/Models/Models/Models/naturePack_037.obj
  artifactKey: Guid(2bfdb4c5285675b4799a36ece63545f8) Importer(815301076,1909f56bfc062723c751e8b465ee728b)
Start importing Assets/Models/Models/Models/naturePack_037.obj using Guid(2bfdb4c5285675b4799a36ece63545f8) Importer(815301076,1909f56bfc062723c751e8b465ee728b)  -> (artifact id: '9e46fbc5823197895c3dc1cb06defbad') in 0.045289 seconds 
========================================================================
Received Import Request.
  Time since last request: 0.000052 seconds.
  path: Assets/Models/Models/Models/naturePack_018.obj
  artifactKey: Guid(6e8e825f8c472ec4197008fb5b584883) Importer(815301076,1909f56bfc062723c751e8b465ee728b)
Start importing Assets/Models/Models/Models/naturePack_018.obj using Guid(6e8e825f8c472ec4197008fb5b584883) Importer(815301076,1909f56bfc062723c751e8b465ee728b)  -> (artifact id: 'b244fa62ff5d68038dc0b86f21eaf3e4') in 0.036319 seconds 
========================================================================
Received Import Request.
  Time since last request: 0.000029 seconds.
  path: Assets/Models/Models/Models/naturePack_008.obj
  artifactKey: Guid(f8cf57bb99a627f4da22191a246a3949) Importer(815301076,1909f56bfc062723c751e8b465ee728b)
Start importing Assets/Models/Models/Models/naturePack_008.obj using Guid(f8cf57bb99a627f4da22191a246a3949) Importer(815301076,1909f56bfc062723c751e8b465ee728b)  -> (artifact id: '95ae02c0adedab63b31dcd83dcb45701') in 0.040277 seconds 
========================================================================
Received Import Request.
  Time since last request: 0.000043 seconds.
  path: Assets/Models/Models/Models/naturePack_021.obj
  artifactKey: Guid(850179830c7b960478eba47f1b755047) Importer(815301076,1909f56bfc062723c751e8b465ee728b)
Start importing Assets/Models/Models/Models/naturePack_021.obj using Guid(850179830c7b960478eba47f1b755047) Importer(815301076,1909f56bfc062723c751e8b465ee728b)  -> (artifact id: '232ff5d90e05f3f904a0de8f6975fb9a') in 0.037401 seconds 
========================================================================
Received Import Request.
  Time since last request: 8.590595 seconds.
  path: Assets/Models/Models/naturePack_038.obj
  artifactKey: Guid(39872b50f2d545a43bbf513508dedc26) Importer(815301076,1909f56bfc062723c751e8b465ee728b)
Start importing Assets/Models/Models/naturePack_038.obj using Guid(39872b50f2d545a43bbf513508dedc26) Importer(815301076,1909f56bfc062723c751e8b465ee728b)  -> (artifact id: 'b4c49a1eb4bf1a6b28a8aec67a3cca80') in 0.084221 seconds 
========================================================================
Received Import Request.
  Time since last request: 0.000039 seconds.
  path: Assets/Models/Models/naturePack_059.obj
  artifactKey: Guid(998fbd9931a3ed44ca3d6ad1889fc302) Importer(815301076,1909f56bfc062723c751e8b465ee728b)
Start importing Assets/Models/Models/naturePack_059.obj using Guid(998fbd9931a3ed44ca3d6ad1889fc302) Importer(815301076,1909f56bfc062723c751e8b465ee728b)  -> (artifact id: '5228b821501a0b912c47da33de8670be') in 0.053438 seconds 
========================================================================
Received Import Request.
  Time since last request: 0.000051 seconds.
  path: Assets/Models/Models/naturePack_052.obj
  artifactKey: Guid(603655e4d1ff7234ea6b3d6b65e73c45) Importer(815301076,1909f56bfc062723c751e8b465ee728b)
Start importing Assets/Models/Models/naturePack_052.obj using Guid(603655e4d1ff7234ea6b3d6b65e73c45) Importer(815301076,1909f56bfc062723c751e8b465ee728b)  -> (artifact id: 'aeadbd89933caf3d4332f0ba5add6c5f') in 0.049379 seconds 
========================================================================
Received Import Request.
  Time since last request: 0.000034 seconds.
  path: Assets/Models/Models/naturePack_043.obj
  artifactKey: Guid(31f0d1c3925b77243a22102f3686a819) Importer(815301076,1909f56bfc062723c751e8b465ee728b)
Start importing Assets/Models/Models/naturePack_043.obj using Guid(31f0d1c3925b77243a22102f3686a819) Importer(815301076,1909f56bfc062723c751e8b465ee728b)  -> (artifact id: '4dbe8c7fc25491b2edeb6a75d38736df') in 0.047073 seconds 
========================================================================
Received Import Request.
  Time since last request: 0.000031 seconds.
  path: Assets/Models/Models/naturePack_055.obj
  artifactKey: Guid(1a1a9d7b411eb0145a0b28c6a718b615) Importer(815301076,1909f56bfc062723c751e8b465ee728b)
Start importing Assets/Models/Models/naturePack_055.obj using Guid(1a1a9d7b411eb0145a0b28c6a718b615) Importer(815301076,1909f56bfc062723c751e8b465ee728b)  -> (artifact id: 'a31015d309cc2b418c4a8388acbb4dbe') in 0.052860 seconds 
========================================================================
Received Import Request.
  Time since last request: 0.000032 seconds.
  path: Assets/Models/Models/naturePack_044.obj
  artifactKey: Guid(06c0e0d02a5b23a47b5235317488e26f) Importer(815301076,1909f56bfc062723c751e8b465ee728b)
Start importing Assets/Models/Models/naturePack_044.obj using Guid(06c0e0d02a5b23a47b5235317488e26f) Importer(815301076,1909f56bfc062723c751e8b465ee728b)  -> (artifact id: '38813a1e88f966acffbefb01300ef595') in 0.035861 seconds 
========================================================================
Received Import Request.
  Time since last request: 0.000037 seconds.
  path: Assets/Models/Models/naturePack_064.obj
  artifactKey: Guid(e480fdaf3ef1f9547ad0f7afb1f6948c) Importer(815301076,1909f56bfc062723c751e8b465ee728b)
Start importing Assets/Models/Models/naturePack_064.obj using Guid(e480fdaf3ef1f9547ad0f7afb1f6948c) Importer(815301076,1909f56bfc062723c751e8b465ee728b)  -> (artifact id: 'e32cea3f8214f404b59ac21deaa94c53') in 0.044516 seconds 
========================================================================
Received Import Request.
  Time since last request: 0.000034 seconds.
  path: Assets/Models/Models/naturePack_073.obj
  artifactKey: Guid(8a56c047ba669184cb43eec13b34279c) Importer(815301076,1909f56bfc062723c751e8b465ee728b)
Start importing Assets/Models/Models/naturePack_073.obj using Guid(8a56c047ba669184cb43eec13b34279c) Importer(815301076,1909f56bfc062723c751e8b465ee728b)  -> (artifact id: '39836499f45bbd2146b7dffaf1245311') in 0.048783 seconds 
========================================================================
Received Import Request.
  Time since last request: 0.000036 seconds.
  path: Assets/Models/Models/naturePack_086.obj
  artifactKey: Guid(2a83f2d9f002ac34489b5dc1ea8f5fb7) Importer(815301076,1909f56bfc062723c751e8b465ee728b)
Start importing Assets/Models/Models/naturePack_086.obj using Guid(2a83f2d9f002ac34489b5dc1ea8f5fb7) Importer(815301076,1909f56bfc062723c751e8b465ee728b)  -> (artifact id: 'b2dff71b80d7e72c50edf00b9ea73859') in 0.042369 seconds 
========================================================================
Received Import Request.
  Time since last request: 0.000026 seconds.
  path: Assets/Models/Models/naturePack_089.obj
  artifactKey: Guid(7c897b68edb00c94eb2c508b49666644) Importer(815301076,1909f56bfc062723c751e8b465ee728b)
Start importing Assets/Models/Models/naturePack_089.obj using Guid(7c897b68edb00c94eb2c508b49666644) Importer(815301076,1909f56bfc062723c751e8b465ee728b)  -> (artifact id: '60523304fc6cdce4f8192d820cb71378') in 0.039331 seconds 
========================================================================
Received Import Request.
  Time since last request: 0.000031 seconds.
  path: Assets/Models/Models/naturePack_094.obj
  artifactKey: Guid(27d293f42724bc34b8f3b6ee0d406dcf) Importer(815301076,1909f56bfc062723c751e8b465ee728b)
Start importing Assets/Models/Models/naturePack_094.obj using Guid(27d293f42724bc34b8f3b6ee0d406dcf) Importer(815301076,1909f56bfc062723c751e8b465ee728b)  -> (artifact id: '5fe0273872734be1753afbb7eb713939') in 0.044831 seconds 
========================================================================
Received Import Request.
  Time since last request: 0.000046 seconds.
  path: Assets/Models/Models/naturePack_082.obj
  artifactKey: Guid(a9dc27aa705d5fd45897c29d7f8abd1b) Importer(815301076,1909f56bfc062723c751e8b465ee728b)
Start importing Assets/Models/Models/naturePack_082.obj using Guid(a9dc27aa705d5fd45897c29d7f8abd1b) Importer(815301076,1909f56bfc062723c751e8b465ee728b)  -> (artifact id: 'daaaa1f9afb55f04e085d33355b60df1') in 0.045867 seconds 
========================================================================
Received Import Request.
  Time since last request: 0.000040 seconds.
  path: Assets/Models/Models/naturePack_095.obj
  artifactKey: Guid(0da1a85607628e74286056ca216c7d18) Importer(815301076,1909f56bfc062723c751e8b465ee728b)
Start importing Assets/Models/Models/naturePack_095.obj using Guid(0da1a85607628e74286056ca216c7d18) Importer(815301076,1909f56bfc062723c751e8b465ee728b)  -> (artifact id: '6c4bdc251949ea30bdb85fd6da99e75b') in 0.050010 seconds 
========================================================================
Received Import Request.
  Time since last request: 0.000027 seconds.
  path: Assets/Models/Models/naturePack_066.obj
  artifactKey: Guid(09bc8a788065e1b46bef92798dd49f49) Importer(815301076,1909f56bfc062723c751e8b465ee728b)
Start importing Assets/Models/Models/naturePack_066.obj using Guid(09bc8a788065e1b46bef92798dd49f49) Importer(815301076,1909f56bfc062723c751e8b465ee728b)  -> (artifact id: '4c956be74f64ca4f07aefddd4ae91279') in 0.049093 seconds 
========================================================================
Received Import Request.
  Time since last request: 0.000032 seconds.
  path: Assets/Models/Models/naturePack_106.obj
  artifactKey: Guid(dc0db157c6c8e2848b366712e7bc73b5) Importer(815301076,1909f56bfc062723c751e8b465ee728b)
Start importing Assets/Models/Models/naturePack_106.obj using Guid(dc0db157c6c8e2848b366712e7bc73b5) Importer(815301076,1909f56bfc062723c751e8b465ee728b)  -> (artifact id: 'ae94dddc1e66964dd536bf9c78891023') in 0.035853 seconds 
========================================================================
Received Import Request.
  Time since last request: 0.000032 seconds.
  path: Assets/Models/Models/naturePack_131.obj
  artifactKey: Guid(ea16d55839acbf34bb1ea55ab929eb6b) Importer(815301076,1909f56bfc062723c751e8b465ee728b)
Start importing Assets/Models/Models/naturePack_131.obj using Guid(ea16d55839acbf34bb1ea55ab929eb6b) Importer(815301076,1909f56bfc062723c751e8b465ee728b)  -> (artifact id: '8617314934d109bd0aba5c38bd12e129') in 0.039863 seconds 
========================================================================
Received Import Request.
  Time since last request: 0.000023 seconds.
  path: Assets/Models/Models/naturePack_129.obj
  artifactKey: Guid(d9160ba4e055379478db80ca0a56580b) Importer(815301076,1909f56bfc062723c751e8b465ee728b)
Start importing Assets/Models/Models/naturePack_129.obj using Guid(d9160ba4e055379478db80ca0a56580b) Importer(815301076,1909f56bfc062723c751e8b465ee728b)  -> (artifact id: '4bb811857b996356709d1a56ef19f715') in 0.045247 seconds 
========================================================================
Received Import Request.
  Time since last request: 0.000043 seconds.
  path: Assets/Models/Models/naturePack_118.obj
  artifactKey: Guid(331cf713e59ba8b46b2d6bb7881477c0) Importer(815301076,1909f56bfc062723c751e8b465ee728b)
Start importing Assets/Models/Models/naturePack_118.obj using Guid(331cf713e59ba8b46b2d6bb7881477c0) Importer(815301076,1909f56bfc062723c751e8b465ee728b)  -> (artifact id: 'd0442cb96e33d33b6fb6c215707ca95b') in 0.044521 seconds 
========================================================================
Received Import Request.
  Time since last request: 0.000025 seconds.
  path: Assets/Models/Models/naturePack_107.obj
  artifactKey: Guid(c4f706fb8ae00094c80a28e4e823e082) Importer(815301076,1909f56bfc062723c751e8b465ee728b)
Start importing Assets/Models/Models/naturePack_107.obj using Guid(c4f706fb8ae00094c80a28e4e823e082) Importer(815301076,1909f56bfc062723c751e8b465ee728b)  -> (artifact id: '96de2b852bc85adbe61c27911e4c37ba') in 0.043539 seconds 
========================================================================
Received Import Request.
  Time since last request: 0.000044 seconds.
  path: Assets/Models/Models/naturePack_114.obj
  artifactKey: Guid(c12b1097c78c7684485be1c061b3e0b8) Importer(815301076,1909f56bfc062723c751e8b465ee728b)
Start importing Assets/Models/Models/naturePack_114.obj using Guid(c12b1097c78c7684485be1c061b3e0b8) Importer(815301076,1909f56bfc062723c751e8b465ee728b)  -> (artifact id: '11d76cc582f62c75a98e609b87720130') in 0.043437 seconds 
========================================================================
Received Import Request.
  Time since last request: 0.000039 seconds.
  path: Assets/Models/Models/naturePack_111.obj
  artifactKey: Guid(2e9bba9051e83af4791468403f17d86d) Importer(815301076,1909f56bfc062723c751e8b465ee728b)
Start importing Assets/Models/Models/naturePack_111.obj using Guid(2e9bba9051e83af4791468403f17d86d) Importer(815301076,1909f56bfc062723c751e8b465ee728b)  -> (artifact id: '961b56c6fe421b9bdf9fe438cc030532') in 0.041565 seconds 
========================================================================
Received Import Request.
  Time since last request: 0.000029 seconds.
  path: Assets/Models/Models/naturePack_136.obj
  artifactKey: Guid(3b9a519cadd60fc45adb557c80d95469) Importer(815301076,1909f56bfc062723c751e8b465ee728b)
Start importing Assets/Models/Models/naturePack_136.obj using Guid(3b9a519cadd60fc45adb557c80d95469) Importer(815301076,1909f56bfc062723c751e8b465ee728b)  -> (artifact id: 'f150d8e0d4a91dd556b90c02d46a3d8b') in 0.038308 seconds 
========================================================================
Received Import Request.
  Time since last request: 0.000029 seconds.
  path: Assets/Models/Models/naturePack_143.obj
  artifactKey: Guid(145fa2af32324ac4689fd02ab8e2a70e) Importer(815301076,1909f56bfc062723c751e8b465ee728b)
Start importing Assets/Models/Models/naturePack_143.obj using Guid(145fa2af32324ac4689fd02ab8e2a70e) Importer(815301076,1909f56bfc062723c751e8b465ee728b)  -> (artifact id: '6d530bc91000aa25c0c357bc2a4aff78') in 0.041826 seconds 
========================================================================
Received Import Request.
  Time since last request: 0.000043 seconds.
  path: Assets/Models/Models/naturePack_154.obj
  artifactKey: Guid(b23a5cfb549222449803fadc429b44dd) Importer(815301076,1909f56bfc062723c751e8b465ee728b)
Start importing Assets/Models/Models/naturePack_154.obj using Guid(b23a5cfb549222449803fadc429b44dd) Importer(815301076,1909f56bfc062723c751e8b465ee728b)  -> (artifact id: '612cd04c2e865b75ffe91f18e8572847') in 0.037063 seconds 
========================================================================
Received Import Request.
  Time since last request: 0.000033 seconds.
  path: Assets/Models/Models/naturePack_155.obj
  artifactKey: Guid(2288b4c7c98850c47be92e1183d9dd91) Importer(815301076,1909f56bfc062723c751e8b465ee728b)
Start importing Assets/Models/Models/naturePack_155.obj using Guid(2288b4c7c98850c47be92e1183d9dd91) Importer(815301076,1909f56bfc062723c751e8b465ee728b)  -> (artifact id: '689afacdc79f438ca6da17d2e9d3f532') in 0.036443 seconds 
========================================================================
Received Import Request.
  Time since last request: 0.000028 seconds.
  path: Assets/Models/Models/naturePack_145.obj
  artifactKey: Guid(3e500e64690254c459c98fed118fa26b) Importer(815301076,1909f56bfc062723c751e8b465ee728b)
Start importing Assets/Models/Models/naturePack_145.obj using Guid(3e500e64690254c459c98fed118fa26b) Importer(815301076,1909f56bfc062723c751e8b465ee728b)  -> (artifact id: '9cd4a81a24692b44987c9dbe1dede5e8') in 0.041631 seconds 
========================================================================
Received Import Request.
  Time since last request: 0.000092 seconds.
  path: Assets/Models/Models/naturePack_158.obj
  artifactKey: Guid(e483f2a2396ff3845a54aad4e4e346b9) Importer(815301076,1909f56bfc062723c751e8b465ee728b)
Start importing Assets/Models/Models/naturePack_158.obj using Guid(e483f2a2396ff3845a54aad4e4e346b9) Importer(815301076,1909f56bfc062723c751e8b465ee728b)  -> (artifact id: 'ea1c67453fbf0bf4fcf30d1dd005d85b') in 0.038501 seconds 
========================================================================
Received Import Request.
  Time since last request: 0.000081 seconds.
  path: Assets/Models/Models/naturePack_156.obj
  artifactKey: Guid(324711b9dddf49749b117d8dad2797dc) Importer(815301076,1909f56bfc062723c751e8b465ee728b)
Start importing Assets/Models/Models/naturePack_156.obj using Guid(324711b9dddf49749b117d8dad2797dc) Importer(815301076,1909f56bfc062723c751e8b465ee728b)  -> (artifact id: 'e2ee3ff629c9d36c16f633e2892e7c93') in 0.036666 seconds 
========================================================================
Received Import Request.
  Time since last request: 0.000063 seconds.
  path: Assets/Models/Models/naturePack_170.obj
  artifactKey: Guid(5e14f38896f653f4aa6e82c2920183a0) Importer(815301076,1909f56bfc062723c751e8b465ee728b)
Start importing Assets/Models/Models/naturePack_170.obj using Guid(5e14f38896f653f4aa6e82c2920183a0) Importer(815301076,1909f56bfc062723c751e8b465ee728b)  -> (artifact id: '1ad33a0a4bc4e4aa90c0eeb6ee55d79a') in 0.046758 seconds 
========================================================================
Received Import Request.
  Time since last request: 0.000028 seconds.
  path: Assets/Models/Models/naturePack_173.obj
  artifactKey: Guid(d95e4978a7c3e964997d085d48d027f2) Importer(815301076,1909f56bfc062723c751e8b465ee728b)
Start importing Assets/Models/Models/naturePack_173.obj using Guid(d95e4978a7c3e964997d085d48d027f2) Importer(815301076,1909f56bfc062723c751e8b465ee728b)  -> (artifact id: 'f6ed05fbb5b9755bc6c463c5bb341da6') in 0.036737 seconds 
========================================================================
Received Import Request.
  Time since last request: 0.000024 seconds.
  path: Assets/Models/Models/naturePack_flat_013.obj
  artifactKey: Guid(1a0e5888b0e840944a139a30c1cc3bf3) Importer(815301076,1909f56bfc062723c751e8b465ee728b)
Start importing Assets/Models/Models/naturePack_flat_013.obj using Guid(1a0e5888b0e840944a139a30c1cc3bf3) Importer(815301076,1909f56bfc062723c751e8b465ee728b)  -> (artifact id: '2a769f063101dd4d6dc13e5c808cb662') in 0.034896 seconds 
========================================================================
Received Import Request.
  Time since last request: 0.000027 seconds.
  path: Assets/Models/Models/Preview.png
  artifactKey: Guid(805825d712f067a42bb5ac93c9e54489) Importer(815301076,1909f56bfc062723c751e8b465ee728b)
Start importing Assets/Models/Models/Preview.png using Guid(805825d712f067a42bb5ac93c9e54489) Importer(815301076,1909f56bfc062723c751e8b465ee728b)  -> (artifact id: '379f92753b792b378e7647411f6a938d') in 0.020354 seconds 
========================================================================
Received Import Request.
  Time since last request: 0.000058 seconds.
  path: Assets/Models/Models/naturePack_flat_003.obj
  artifactKey: Guid(d3b4fd85abb77e749aedf97791d9a309) Importer(815301076,1909f56bfc062723c751e8b465ee728b)
Start importing Assets/Models/Models/naturePack_flat_003.obj using Guid(d3b4fd85abb77e749aedf97791d9a309) Importer(815301076,1909f56bfc062723c751e8b465ee728b)  -> (artifact id: 'd29ca4e5c8b611bf1bedee5ca14b6cfc') in 0.039675 seconds 
========================================================================
Received Import Request.
  Time since last request: 0.000027 seconds.
  path: Assets/Models/Models/naturePack_flat_006.obj
  artifactKey: Guid(42c54a54a2cea3e45844b6bfc7cc7fad) Importer(815301076,1909f56bfc062723c751e8b465ee728b)
Start importing Assets/Models/Models/naturePack_flat_006.obj using Guid(42c54a54a2cea3e45844b6bfc7cc7fad) Importer(815301076,1909f56bfc062723c751e8b465ee728b)  -> (artifact id: 'd23c62fd65ecac4eeaab720b9e3446ee') in 0.091004 seconds 
========================================================================
Received Import Request.
  Time since last request: 0.000029 seconds.
  path: Assets/Models/Models/naturePack_flat_008.obj
  artifactKey: Guid(2ab5f57046c86a54c99c3a94d3d94612) Importer(815301076,1909f56bfc062723c751e8b465ee728b)
Start importing Assets/Models/Models/naturePack_flat_008.obj using Guid(2ab5f57046c86a54c99c3a94d3d94612) Importer(815301076,1909f56bfc062723c751e8b465ee728b)  -> (artifact id: '2969278057dc5e1b182031de4e5fd6c2') in 0.087548 seconds 
========================================================================
Received Import Request.
  Time since last request: 0.000032 seconds.
  path: Assets/Models/Models/naturePack_080.obj
  artifactKey: Guid(13c5579fe99c1f647a972f28b0f3090a) Importer(815301076,1909f56bfc062723c751e8b465ee728b)
Start importing Assets/Models/Models/naturePack_080.obj using Guid(13c5579fe99c1f647a972f28b0f3090a) Importer(815301076,1909f56bfc062723c751e8b465ee728b)  -> (artifact id: 'd338701818560ead6b4a56f3e13c1bad') in 0.039351 seconds 
========================================================================
Received Import Request.
  Time since last request: 0.000031 seconds.
  path: Assets/Models/Models/naturePack_144.obj
  artifactKey: Guid(d84f73f9f3e4bb045889cb4e68132c62) Importer(815301076,1909f56bfc062723c751e8b465ee728b)
Start importing Assets/Models/Models/naturePack_144.obj using Guid(d84f73f9f3e4bb045889cb4e68132c62) Importer(815301076,1909f56bfc062723c751e8b465ee728b)  -> (artifact id: 'df7b71a31364f86a2673398b96abf329') in 0.045255 seconds 
========================================================================
Received Import Request.
  Time since last request: 0.000062 seconds.
  path: Assets/Models/Models/naturePack_133.obj
  artifactKey: Guid(40a9690b046fa6c45819ed04c2d3b30d) Importer(815301076,1909f56bfc062723c751e8b465ee728b)
Start importing Assets/Models/Models/naturePack_133.obj using Guid(40a9690b046fa6c45819ed04c2d3b30d) Importer(815301076,1909f56bfc062723c751e8b465ee728b)  -> (artifact id: '9f52f6cfb44ecfaf3324ae69dd32eed4') in 0.043671 seconds 
========================================================================
Received Import Request.
  Time since last request: 0.000049 seconds.
  path: Assets/Models/Models/naturePack_092.obj
  artifactKey: Guid(07bf530a3190ad54dbead99bdad65fb4) Importer(815301076,1909f56bfc062723c751e8b465ee728b)
Start importing Assets/Models/Models/naturePack_092.obj using Guid(07bf530a3190ad54dbead99bdad65fb4) Importer(815301076,1909f56bfc062723c751e8b465ee728b)  -> (artifact id: 'abb37df8a7cb5181387b24a0bccd3a36') in 0.051673 seconds 
========================================================================
Received Import Request.
  Time since last request: 0.000024 seconds.
  path: Assets/Models/Models/naturePack_147.obj
  artifactKey: Guid(a82fa773b38243149ab7a7d6ac6dacfa) Importer(815301076,1909f56bfc062723c751e8b465ee728b)
Start importing Assets/Models/Models/naturePack_147.obj using Guid(a82fa773b38243149ab7a7d6ac6dacfa) Importer(815301076,1909f56bfc062723c751e8b465ee728b)  -> (artifact id: '63203661426272f414ff239596fad7d5') in 0.048740 seconds 
========================================================================
Received Prepare
Registering precompiled user dll's ...
Registered in 0.004378 seconds.
Begin MonoManager ReloadAssembly
Symbol file LoadedFromMemory doesn't match image C:\Users\earth\Specialization\holbertonschool-unity\0x00-unity-assets_models_textures\Library\PackageCache\com.unity.visualscripting@1.7.8\Editor\VisualScripting.Core\Dependencies\YamlDotNet\Unity.VisualScripting.YamlDotNet.dll
Symbol file LoadedFromMemory doesn't match image C:\Users\earth\Specialization\holbertonschool-unity\0x00-unity-assets_models_textures\Library\PackageCache\com.unity.visualscripting@1.7.8\Editor\VisualScripting.Core\Dependencies\DotNetZip\Unity.VisualScripting.IonicZip.dll
Native extension for UWP target not found
Native extension for LinuxStandalone target not found
Native extension for WindowsStandalone target not found
Native extension for iOS target not found
Native extension for Android target not found
Refreshing native plugins compatible for Editor in 1.30 ms, found 4 plugins.
Preloading 0 native plugins for Editor in 0.00 ms.
Mono: successfully reloaded assembly
- Completed reload, in  0.968 seconds
Domain Reload Profiling:
	ReloadAssembly (968ms)
		BeginReloadAssembly (118ms)
			ExecutionOrderSort (0ms)
			DisableScriptedObjects (3ms)
			BackupInstance (0ms)
			ReleaseScriptingObjects (0ms)
			CreateAndSetChildDomain (40ms)
		EndReloadAssembly (749ms)
			LoadAssemblies (68ms)
			RebuildTransferFunctionScriptingTraits (0ms)
			SetupTypeCache (237ms)
			ReleaseScriptCaches (3ms)
			RebuildScriptCaches (54ms)
			SetupLoadedEditorAssemblies (349ms)
				LogAssemblyErrors (0ms)
				InitializePlatformSupportModulesInManaged (32ms)
				SetLoadedEditorAssemblies (1ms)
				RefreshPlugins (1ms)
				BeforeProcessingInitializeOnLoad (61ms)
				ProcessInitializeOnLoadAttributes (221ms)
				ProcessInitializeOnLoadMethodAttributes (26ms)
				AfterProcessingInitializeOnLoad (6ms)
				EditorAssembliesLoaded (0ms)
			ExecutionOrderSort2 (0ms)
			AwakeInstancesAfterBackupRestoration (6ms)
Platform modules already initialized, skipping
Refreshing native plugins compatible for Editor in 3.73 ms, found 4 plugins.
Preloading 0 native plugins for Editor in 0.00 ms.
Unloading 3710 Unused Serialized files (Serialized files now loaded: 0)
Unloading 47 unused Assets / (2.0 MB). Loaded Objects now: 4244.
Memory consumption went from 141.9 MB to 139.9 MB.
Total: 3.771900 ms (FindLiveObjects: 0.374300 ms CreateObjectMapping: 0.125600 ms MarkObjects: 2.685100 ms  DeleteObjects: 0.586100 ms)

AssetImportParameters requested are different than current active one (requested -> active):
  custom:video-decoder-ogg-theora: a1e56fd34408186e4bbccfd4996cb3dc -> 
  custom:container-muxer-webm: aa71ff27fc2769a1b78a27578f13a17b -> 
  custom:container-demuxer-webm: 4f35f7cbe854078d1ac9338744f61a02 -> 
  custom:video-encoder-webm-vp8: eb34c28f22e8b96e1ab97ce403110664 -> 
  custom:video-codec-MediaFoundation-h265: 746d11721c4dcdbdad8f713fa42b33f4 -> 
  custom:audio-encoder-webm-vorbis: bf7c407c2cedff20999df2af8eb42d56 -> 
  custom:framework-win-MediaFoundation: 216162199b28c13a410421893ffa2e32 -> 
  custom:container-demuxer-ogg: 62fdf1f143b41e24485cea50d1cbac27 -> 
  custom:video-decoder-webm-vp8: 9c59270c3fd7afecdb556c50c9e8de78 -> 
  custom:audio-decoder-ogg-vorbis: bf7c407c2cedff20999df2af8eb42d56 -> 
Editor requested this worker to shutdown with reason: Scaling down because of idle timeout
AssetImportWorker is now disconnected from the server
Process exiting
Exiting without the bug reporter. Application will terminate with return code 0