Using pre-set license
Built from '2021.3/staging' branch; Version is '2021.3.11f1 (0a5ca18544bf) revision 679073'; Using compiler version '192829333'; Build Type 'Release'
OS: 'Windows 11  (10.0.22621) 64bit Core' Language: 'en' Physical Memory: 16061 MB
BatchMode: 1, IsHumanControllingUs: 0, StartBugReporterOnCrash: 0, Is64bit: 1, IsPro: 1

COMMAND LINE ARGUMENTS:
C:\Program Files\Unity\Hub\Editor\2021.3.11f1\Editor\Unity.exe
-adb2
-batchMode
-noUpm
-name
AssetImportWorker7
-projectPath
C:/Users/earth/Specialization/holbertonschool-unity/0x00-unity-assets_models_textures
-logFile
Logs/AssetImportWorker7.log
-srvPort
62935
Successfully changed project path to: C:/Users/earth/Specialization/holbertonschool-unity/0x00-unity-assets_models_textures
C:/Users/earth/Specialization/holbertonschool-unity/0x00-unity-assets_models_textures
[UnityMemory] Configuration Parameters - Can be set up in boot.config
    "memorysetup-bucket-allocator-granularity=16"
    "memorysetup-bucket-allocator-bucket-count=8"
    "memorysetup-bucket-allocator-block-size=33554432"
    "memorysetup-bucket-allocator-block-count=8"
    "memorysetup-main-allocator-block-size=16777216"
    "memorysetup-thread-allocator-block-size=16777216"
    "memorysetup-gfx-main-allocator-block-size=16777216"
    "memorysetup-gfx-thread-allocator-block-size=16777216"
    "memorysetup-cache-allocator-block-size=4194304"
    "memorysetup-typetree-allocator-block-size=2097152"
    "memorysetup-profiler-bucket-allocator-granularity=16"
    "memorysetup-profiler-bucket-allocator-bucket-count=8"
    "memorysetup-profiler-bucket-allocator-block-size=33554432"
    "memorysetup-profiler-bucket-allocator-block-count=8"
    "memorysetup-profiler-allocator-block-size=16777216"
    "memorysetup-profiler-editor-allocator-block-size=1048576"
    "memorysetup-temp-allocator-size-main=16777216"
    "memorysetup-job-temp-allocator-block-size=2097152"
    "memorysetup-job-temp-allocator-block-size-background=1048576"
    "memorysetup-job-temp-allocator-reduction-small-platforms=262144"
    "memorysetup-temp-allocator-size-background-worker=32768"
    "memorysetup-temp-allocator-size-job-worker=262144"
    "memorysetup-temp-allocator-size-preload-manager=33554432"
    "memorysetup-temp-allocator-size-nav-mesh-worker=65536"
    "memorysetup-temp-allocator-size-audio-worker=65536"
    "memorysetup-temp-allocator-size-cloud-worker=32768"
    "memorysetup-temp-allocator-size-gi-baking-worker=262144"
    "memorysetup-temp-allocator-size-gfx=262144"
Refreshing native plugins compatible for Editor in 81.98 ms, found 4 plugins.
Preloading 0 native plugins for Editor in 0.00 ms.
Initialize engine version: 2021.3.11f1 (0a5ca18544bf)
[Subsystems] Discovering subsystems at path C:/Program Files/Unity/Hub/Editor/2021.3.11f1/Editor/Data/Resources/UnitySubsystems
[Subsystems] Discovering subsystems at path C:/Users/earth/Specialization/holbertonschool-unity/0x00-unity-assets_models_textures/Assets
GfxDevice: creating device client; threaded=0; jobified=0
Direct3D:
    Version:  Direct3D 11.0 [level 11.1]
    Renderer: NVIDIA GeForce RTX 3060 Laptop GPU (ID=0x2520)
    Vendor:   NVIDIA
    VRAM:     6023 MB
    Driver:   30.0.15.1278
Initialize mono
Mono path[0] = 'C:/Program Files/Unity/Hub/Editor/2021.3.11f1/Editor/Data/Managed'
Mono path[1] = 'C:/Program Files/Unity/Hub/Editor/2021.3.11f1/Editor/Data/MonoBleedingEdge/lib/mono/unityjit-win32'
Mono config path = 'C:/Program Files/Unity/Hub/Editor/2021.3.11f1/Editor/Data/MonoBleedingEdge/etc'
Using monoOptions --debugger-agent=transport=dt_socket,embedding=1,server=y,suspend=n,address=127.0.0.1:56536
Begin MonoManager ReloadAssembly
Registering precompiled unity dll's ...
Register platform support module: C:/Program Files/Unity/Hub/Editor/2021.3.11f1/Editor/Data/PlaybackEngines/AndroidPlayer/UnityEditor.Android.Extensions.dll
Register platform support module: C:/Program Files/Unity/Hub/Editor/2021.3.11f1/Editor/Data/PlaybackEngines/iOSSupport/UnityEditor.iOS.Extensions.dll
Register platform support module: C:/Program Files/Unity/Hub/Editor/2021.3.11f1/Editor/Data/PlaybackEngines/WindowsStandaloneSupport/UnityEditor.WindowsStandalone.Extensions.dll
Register platform support module: C:/Program Files/Unity/Hub/Editor/2021.3.11f1/Editor/Data/PlaybackEngines/LinuxStandaloneSupport/UnityEditor.LinuxStandalone.Extensions.dll
Register platform support module: C:/Program Files/Unity/Hub/Editor/2021.3.11f1/Editor/Data/PlaybackEngines/MetroSupport/UnityEditor.UWP.Extensions.dll
Registered in 0.005675 seconds.
Native extension for UWP target not found
Native extension for LinuxStandalone target not found
Native extension for WindowsStandalone target not found
[usbmuxd] Start listen thread
[usbmuxd] Listen thread started
Native extension for iOS target not found
Native extension for Android target not found
Refreshing native plugins compatible for Editor in 71.67 ms, found 4 plugins.
Preloading 0 native plugins for Editor in 0.00 ms.
Mono: successfully reloaded assembly
- Completed reload, in  0.607 seconds
Domain Reload Profiling:
	ReloadAssembly (608ms)
		BeginReloadAssembly (63ms)
			ExecutionOrderSort (0ms)
			DisableScriptedObjects (0ms)
			BackupInstance (0ms)
			ReleaseScriptingObjects (0ms)
			CreateAndSetChildDomain (1ms)
		EndReloadAssembly (446ms)
			LoadAssemblies (63ms)
			RebuildTransferFunctionScriptingTraits (0ms)
			SetupTypeCache (130ms)
			ReleaseScriptCaches (0ms)
			RebuildScriptCaches (28ms)
			SetupLoadedEditorAssemblies (237ms)
				LogAssemblyErrors (0ms)
				InitializePlatformSupportModulesInManaged (55ms)
				SetLoadedEditorAssemblies (0ms)
				RefreshPlugins (72ms)
				BeforeProcessingInitializeOnLoad (1ms)
				ProcessInitializeOnLoadAttributes (69ms)
				ProcessInitializeOnLoadMethodAttributes (41ms)
				AfterProcessingInitializeOnLoad (0ms)
				EditorAssembliesLoaded (0ms)
			ExecutionOrderSort2 (0ms)
			AwakeInstancesAfterBackupRestoration (0ms)
Platform modules already initialized, skipping
Registering precompiled user dll's ...
Registered in 0.004079 seconds.
Begin MonoManager ReloadAssembly
Symbol file LoadedFromMemory doesn't match image C:\Users\earth\Specialization\holbertonschool-unity\0x00-unity-assets_models_textures\Library\PackageCache\com.unity.visualscripting@1.7.8\Editor\VisualScripting.Core\Dependencies\YamlDotNet\Unity.VisualScripting.YamlDotNet.dll
Symbol file LoadedFromMemory doesn't match image C:\Users\earth\Specialization\holbertonschool-unity\0x00-unity-assets_models_textures\Library\PackageCache\com.unity.visualscripting@1.7.8\Editor\VisualScripting.Core\Dependencies\DotNetZip\Unity.VisualScripting.IonicZip.dll
Native extension for UWP target not found
Native extension for LinuxStandalone target not found
Native extension for WindowsStandalone target not found
Native extension for iOS target not found
Native extension for Android target not found
Refreshing native plugins compatible for Editor in 0.79 ms, found 4 plugins.
Preloading 0 native plugins for Editor in 0.00 ms.
Mono: successfully reloaded assembly
- Completed reload, in  0.852 seconds
Domain Reload Profiling:
	ReloadAssembly (852ms)
		BeginReloadAssembly (191ms)
			ExecutionOrderSort (0ms)
			DisableScriptedObjects (4ms)
			BackupInstance (0ms)
			ReleaseScriptingObjects (0ms)
			CreateAndSetChildDomain (128ms)
		EndReloadAssembly (582ms)
			LoadAssemblies (59ms)
			RebuildTransferFunctionScriptingTraits (0ms)
			SetupTypeCache (167ms)
			ReleaseScriptCaches (1ms)
			RebuildScriptCaches (46ms)
			SetupLoadedEditorAssemblies (277ms)
				LogAssemblyErrors (0ms)
				InitializePlatformSupportModulesInManaged (18ms)
				SetLoadedEditorAssemblies (0ms)
				RefreshPlugins (1ms)
				BeforeProcessingInitializeOnLoad (59ms)
				ProcessInitializeOnLoadAttributes (176ms)
				ProcessInitializeOnLoadMethodAttributes (19ms)
				AfterProcessingInitializeOnLoad (4ms)
				EditorAssembliesLoaded (0ms)
			ExecutionOrderSort2 (0ms)
			AwakeInstancesAfterBackupRestoration (4ms)
Platform modules already initialized, skipping
========================================================================
Worker process is ready to serve import requests
Launched and connected shader compiler UnityShaderCompiler.exe after 0.03 seconds
Refreshing native plugins compatible for Editor in 0.82 ms, found 4 plugins.
Preloading 0 native plugins for Editor in 0.00 ms.
Unloading 3749 Unused Serialized files (Serialized files now loaded: 0)
Unloading 66 unused Assets / (2.0 MB). Loaded Objects now: 4183.
Memory consumption went from 140.4 MB to 138.4 MB.
Total: 3.888300 ms (FindLiveObjects: 0.301300 ms CreateObjectMapping: 0.093000 ms MarkObjects: 2.933100 ms  DeleteObjects: 0.560100 ms)

AssetImportParameters requested are different than current active one (requested -> active):
  custom:video-decoder-ogg-theora: a1e56fd34408186e4bbccfd4996cb3dc -> 
  custom:container-muxer-webm: aa71ff27fc2769a1b78a27578f13a17b -> 
  custom:container-demuxer-webm: 4f35f7cbe854078d1ac9338744f61a02 -> 
  custom:video-encoder-webm-vp8: eb34c28f22e8b96e1ab97ce403110664 -> 
  custom:video-codec-MediaFoundation-h265: 746d11721c4dcdbdad8f713fa42b33f4 -> 
  custom:audio-encoder-webm-vorbis: bf7c407c2cedff20999df2af8eb42d56 -> 
  custom:framework-win-MediaFoundation: 216162199b28c13a410421893ffa2e32 -> 
  custom:container-demuxer-ogg: 62fdf1f143b41e24485cea50d1cbac27 -> 
  custom:video-decoder-webm-vp8: 9c59270c3fd7afecdb556c50c9e8de78 -> 
  custom:audio-decoder-ogg-vorbis: bf7c407c2cedff20999df2af8eb42d56 -> 
========================================================================
Received Import Request.
  Time since last request: 1721.691679 seconds.
  path: Assets/Models/Models/Models/naturePack_004.obj
  artifactKey: Guid(c8db06ffc71f6424eadaf00903be8f39) Importer(815301076,1909f56bfc062723c751e8b465ee728b)
Start importing Assets/Models/Models/Models/naturePack_004.obj using Guid(c8db06ffc71f6424eadaf00903be8f39) Importer(815301076,1909f56bfc062723c751e8b465ee728b)  -> (artifact id: 'a46f6ca1f169320e76d3e5de185cdf7e') in 0.158152 seconds 
========================================================================
Received Import Request.
  Time since last request: 0.000023 seconds.
  path: Assets/Models/Models/Models/naturePack_026.obj
  artifactKey: Guid(907cf35b233eac647a950747ca07f1df) Importer(815301076,1909f56bfc062723c751e8b465ee728b)
Start importing Assets/Models/Models/Models/naturePack_026.obj using Guid(907cf35b233eac647a950747ca07f1df) Importer(815301076,1909f56bfc062723c751e8b465ee728b)  -> (artifact id: '9d48e2529aa1d0ba158b0fcf0f9600b6') in 0.062498 seconds 
========================================================================
Received Import Request.
  Time since last request: 0.000046 seconds.
  path: Assets/Models/Models/Models/naturePack_012.obj
  artifactKey: Guid(838d77fb62d428d489c62ad2d845211b) Importer(815301076,1909f56bfc062723c751e8b465ee728b)
Start importing Assets/Models/Models/Models/naturePack_012.obj using Guid(838d77fb62d428d489c62ad2d845211b) Importer(815301076,1909f56bfc062723c751e8b465ee728b)  -> (artifact id: '9c29186eab27e159376bd02a96e71f4d') in 0.039040 seconds 
========================================================================
Received Import Request.
  Time since last request: 0.000044 seconds.
  path: Assets/Models/Models/Models/naturePack_015.obj
  artifactKey: Guid(71411b22a19f7c348bfb77acf172916f) Importer(815301076,1909f56bfc062723c751e8b465ee728b)
Start importing Assets/Models/Models/Models/naturePack_015.obj using Guid(71411b22a19f7c348bfb77acf172916f) Importer(815301076,1909f56bfc062723c751e8b465ee728b)  -> (artifact id: '4af5df2482a0c369a1888895d41c099b') in 0.041577 seconds 
========================================================================
Received Import Request.
  Time since last request: 0.000024 seconds.
  path: Assets/Models/Models/Models/naturePack_009.obj
  artifactKey: Guid(2f0b1310ea1bcc6438aa1b92019d0f01) Importer(815301076,1909f56bfc062723c751e8b465ee728b)
Start importing Assets/Models/Models/Models/naturePack_009.obj using Guid(2f0b1310ea1bcc6438aa1b92019d0f01) Importer(815301076,1909f56bfc062723c751e8b465ee728b)  -> (artifact id: '116d563b76794f1d4330ab7852af6b67') in 0.038777 seconds 
========================================================================
Received Import Request.
  Time since last request: 0.000039 seconds.
  path: Assets/Models/Models/Models/naturePack_023.obj
  artifactKey: Guid(1b75a8ff7b0a1cc419093f2a1ad88539) Importer(815301076,1909f56bfc062723c751e8b465ee728b)
Start importing Assets/Models/Models/Models/naturePack_023.obj using Guid(1b75a8ff7b0a1cc419093f2a1ad88539) Importer(815301076,1909f56bfc062723c751e8b465ee728b)  -> (artifact id: 'a5052ce2241930ca8de49764147c976c') in 0.032371 seconds 
========================================================================
Received Import Request.
  Time since last request: 0.000022 seconds.
  path: Assets/Models/Models/Models/naturePack_039.obj
  artifactKey: Guid(3b1ed9e9a73f0ca4c979333e48acddb0) Importer(815301076,1909f56bfc062723c751e8b465ee728b)
Start importing Assets/Models/Models/Models/naturePack_039.obj using Guid(3b1ed9e9a73f0ca4c979333e48acddb0) Importer(815301076,1909f56bfc062723c751e8b465ee728b)  -> (artifact id: '187b4befde02768ebdba062ddcfc96bc') in 0.033229 seconds 
========================================================================
Received Import Request.
  Time since last request: 0.000025 seconds.
  path: Assets/Models/Models/Models/naturePack_028.obj
  artifactKey: Guid(88c8f4830795a2c458449b365bff50c8) Importer(815301076,1909f56bfc062723c751e8b465ee728b)
Start importing Assets/Models/Models/Models/naturePack_028.obj using Guid(88c8f4830795a2c458449b365bff50c8) Importer(815301076,1909f56bfc062723c751e8b465ee728b)  -> (artifact id: '27cdbdda8fe6fba0647e517a4082f452') in 0.034078 seconds 
========================================================================
Received Import Request.
  Time since last request: 0.000029 seconds.
  path: Assets/Models/Models/Models/naturePack_024.obj
  artifactKey: Guid(d4aa967fb4f4e644797de48af21fc93c) Importer(815301076,1909f56bfc062723c751e8b465ee728b)
Start importing Assets/Models/Models/Models/naturePack_024.obj using Guid(d4aa967fb4f4e644797de48af21fc93c) Importer(815301076,1909f56bfc062723c751e8b465ee728b)  -> (artifact id: 'dc5d9b12082371ebfadd85498d3fb939') in 0.030128 seconds 
========================================================================
Received Import Request.
  Time since last request: 8.576288 seconds.
  path: Assets/Models/Models/naturePack_039.obj
  artifactKey: Guid(591f334be7e966a4985e446d967ba5e8) Importer(815301076,1909f56bfc062723c751e8b465ee728b)
Start importing Assets/Models/Models/naturePack_039.obj using Guid(591f334be7e966a4985e446d967ba5e8) Importer(815301076,1909f56bfc062723c751e8b465ee728b)  -> (artifact id: '69556a9be5cf0da92a36e049477ab5a0') in 0.069173 seconds 
========================================================================
Received Import Request.
  Time since last request: 0.000030 seconds.
  path: Assets/Models/Models/naturePack_045.obj
  artifactKey: Guid(65559d4ae69b7a9418983ff0b52d080c) Importer(815301076,1909f56bfc062723c751e8b465ee728b)
Start importing Assets/Models/Models/naturePack_045.obj using Guid(65559d4ae69b7a9418983ff0b52d080c) Importer(815301076,1909f56bfc062723c751e8b465ee728b)  -> (artifact id: 'b7c9e1c5eaf0b64b1e171537a5edf052') in 0.050554 seconds 
========================================================================
Received Import Request.
  Time since last request: 0.000022 seconds.
  path: Assets/Models/Models/naturePack_050.obj
  artifactKey: Guid(4584f80b9110d36459074083f7f8b14b) Importer(815301076,1909f56bfc062723c751e8b465ee728b)
Start importing Assets/Models/Models/naturePack_050.obj using Guid(4584f80b9110d36459074083f7f8b14b) Importer(815301076,1909f56bfc062723c751e8b465ee728b)  -> (artifact id: 'df90ddcdadca92f1f7869be23a24810a') in 0.066624 seconds 
========================================================================
Received Import Request.
  Time since last request: 0.000036 seconds.
  path: Assets/Models/Models/naturePack_041.obj
  artifactKey: Guid(ccb48c742ce437049a4d38a419a17a6c) Importer(815301076,1909f56bfc062723c751e8b465ee728b)
Start importing Assets/Models/Models/naturePack_041.obj using Guid(ccb48c742ce437049a4d38a419a17a6c) Importer(815301076,1909f56bfc062723c751e8b465ee728b)  -> (artifact id: '31686bba1969780e0ed96ff233bd45bf') in 0.162617 seconds 
========================================================================
Received Import Request.
  Time since last request: 0.000090 seconds.
  path: Assets/Models/Models/naturePack_065.obj
  artifactKey: Guid(1d1c0eed9ec9c314ba6cb9c6959d2937) Importer(815301076,1909f56bfc062723c751e8b465ee728b)
Start importing Assets/Models/Models/naturePack_065.obj using Guid(1d1c0eed9ec9c314ba6cb9c6959d2937) Importer(815301076,1909f56bfc062723c751e8b465ee728b)  -> (artifact id: 'd037b85672bd0aa9091111ff177cad5c') in 0.036998 seconds 
========================================================================
Received Import Request.
  Time since last request: 0.000049 seconds.
  path: Assets/Models/Models/naturePack_074.obj
  artifactKey: Guid(2a0a641c666630f47a8f736a179b1d48) Importer(815301076,1909f56bfc062723c751e8b465ee728b)
Start importing Assets/Models/Models/naturePack_074.obj using Guid(2a0a641c666630f47a8f736a179b1d48) Importer(815301076,1909f56bfc062723c751e8b465ee728b)  -> (artifact id: '6a327d375433f2ca918d484d2ee30483') in 0.045217 seconds 
========================================================================
Received Import Request.
  Time since last request: 0.000027 seconds.
  path: Assets/Models/Models/naturePack_072.obj
  artifactKey: Guid(a5058557fedc90f45a50b7dbf096afd9) Importer(815301076,1909f56bfc062723c751e8b465ee728b)
Start importing Assets/Models/Models/naturePack_072.obj using Guid(a5058557fedc90f45a50b7dbf096afd9) Importer(815301076,1909f56bfc062723c751e8b465ee728b)  -> (artifact id: '7f4ef0390bc0ed202ccc7afdbeb5ad66') in 0.041604 seconds 
========================================================================
Received Import Request.
  Time since last request: 0.000030 seconds.
  path: Assets/Models/Models/naturePack_075.obj
  artifactKey: Guid(7716d67d3a35ddb4e948ccabec924e08) Importer(815301076,1909f56bfc062723c751e8b465ee728b)
Start importing Assets/Models/Models/naturePack_075.obj using Guid(7716d67d3a35ddb4e948ccabec924e08) Importer(815301076,1909f56bfc062723c751e8b465ee728b)  -> (artifact id: 'fd50792ed1f75cd89221d93d0237bc11') in 0.045858 seconds 
========================================================================
Received Import Request.
  Time since last request: 0.000030 seconds.
  path: Assets/Models/Models/naturePack_100.obj
  artifactKey: Guid(cdee2c8af22390b409d99d0f6867c641) Importer(815301076,1909f56bfc062723c751e8b465ee728b)
Start importing Assets/Models/Models/naturePack_100.obj using Guid(cdee2c8af22390b409d99d0f6867c641) Importer(815301076,1909f56bfc062723c751e8b465ee728b)  -> (artifact id: '26b64d3294684a310ee70ba8552cd667') in 0.044583 seconds 
========================================================================
Received Import Request.
  Time since last request: 0.000040 seconds.
  path: Assets/Models/Models/naturePack_067.obj
  artifactKey: Guid(4b4a70bfcc657e84cbe0507a3a76d518) Importer(815301076,1909f56bfc062723c751e8b465ee728b)
Start importing Assets/Models/Models/naturePack_067.obj using Guid(4b4a70bfcc657e84cbe0507a3a76d518) Importer(815301076,1909f56bfc062723c751e8b465ee728b)  -> (artifact id: 'f19fb95eec83b955eac6e98530b8faf5') in 0.044794 seconds 
========================================================================
Received Import Request.
  Time since last request: 0.000034 seconds.
  path: Assets/Models/Models/naturePack_097.obj
  artifactKey: Guid(63d1c8267e7d05c4bbc6f50b487c872b) Importer(815301076,1909f56bfc062723c751e8b465ee728b)
Start importing Assets/Models/Models/naturePack_097.obj using Guid(63d1c8267e7d05c4bbc6f50b487c872b) Importer(815301076,1909f56bfc062723c751e8b465ee728b)  -> (artifact id: '079b843f9b7b58307a60e6e7b7def118') in 0.040233 seconds 
========================================================================
Received Import Request.
  Time since last request: 0.000024 seconds.
  path: Assets/Models/Models/naturePack_088.obj
  artifactKey: Guid(60ab065d173b09942bb33403ddc67566) Importer(815301076,1909f56bfc062723c751e8b465ee728b)
Start importing Assets/Models/Models/naturePack_088.obj using Guid(60ab065d173b09942bb33403ddc67566) Importer(815301076,1909f56bfc062723c751e8b465ee728b)  -> (artifact id: '25fee0c85bf3bf45ab1a22672f404117') in 0.040138 seconds 
========================================================================
Received Import Request.
  Time since last request: 0.000037 seconds.
  path: Assets/Models/Models/naturePack_103.obj
  artifactKey: Guid(9820b34cf1cfd09408ef67217879390b) Importer(815301076,1909f56bfc062723c751e8b465ee728b)
Start importing Assets/Models/Models/naturePack_103.obj using Guid(9820b34cf1cfd09408ef67217879390b) Importer(815301076,1909f56bfc062723c751e8b465ee728b)  -> (artifact id: '4c9f099195974688eb86e5e8404d63eb') in 0.036995 seconds 
========================================================================
Received Import Request.
  Time since last request: 0.000031 seconds.
  path: Assets/Models/Models/naturePack_108.obj
  artifactKey: Guid(5f39793992491d848b27773d65a69a6e) Importer(815301076,1909f56bfc062723c751e8b465ee728b)
Start importing Assets/Models/Models/naturePack_108.obj using Guid(5f39793992491d848b27773d65a69a6e) Importer(815301076,1909f56bfc062723c751e8b465ee728b)  -> (artifact id: 'd178c68aba3a9b80153c270eb3f0dbcd') in 0.042261 seconds 
========================================================================
Received Import Request.
  Time since last request: 0.000046 seconds.
  path: Assets/Models/Models/naturePack_123.obj
  artifactKey: Guid(8ca6a274a35d018479f64ba875725fd2) Importer(815301076,1909f56bfc062723c751e8b465ee728b)
Start importing Assets/Models/Models/naturePack_123.obj using Guid(8ca6a274a35d018479f64ba875725fd2) Importer(815301076,1909f56bfc062723c751e8b465ee728b)  -> (artifact id: '1c483dda9330bf90e37bb18ca974e8df') in 0.036903 seconds 
========================================================================
Received Import Request.
  Time since last request: 0.000035 seconds.
  path: Assets/Models/Models/naturePack_091.obj
  artifactKey: Guid(3493d0df1d150f34aa2be15e049e4f25) Importer(815301076,1909f56bfc062723c751e8b465ee728b)
Start importing Assets/Models/Models/naturePack_091.obj using Guid(3493d0df1d150f34aa2be15e049e4f25) Importer(815301076,1909f56bfc062723c751e8b465ee728b)  -> (artifact id: '50746b55f3536f4cfe32f8c3c4af2ac8') in 0.048299 seconds 
========================================================================
Received Import Request.
  Time since last request: 0.000056 seconds.
  path: Assets/Models/Models/naturePack_127.obj
  artifactKey: Guid(3163d83e3101d5246b752cd73fc56316) Importer(815301076,1909f56bfc062723c751e8b465ee728b)
Start importing Assets/Models/Models/naturePack_127.obj using Guid(3163d83e3101d5246b752cd73fc56316) Importer(815301076,1909f56bfc062723c751e8b465ee728b)  -> (artifact id: '313b437dd96f396144cab2b7c67a0939') in 0.045058 seconds 
========================================================================
Received Import Request.
  Time since last request: 0.000030 seconds.
  path: Assets/Models/Models/naturePack_119.obj
  artifactKey: Guid(972e24b1fc8c66946bebdda60bb9d691) Importer(815301076,1909f56bfc062723c751e8b465ee728b)
Start importing Assets/Models/Models/naturePack_119.obj using Guid(972e24b1fc8c66946bebdda60bb9d691) Importer(815301076,1909f56bfc062723c751e8b465ee728b)  -> (artifact id: 'a6e04aac4b5633a2092342dc0b17d77a') in 0.045641 seconds 
========================================================================
Received Import Request.
  Time since last request: 0.000025 seconds.
  path: Assets/Models/Models/naturePack_122.obj
  artifactKey: Guid(1393ef38a39a65b4b869c20a8c64ce68) Importer(815301076,1909f56bfc062723c751e8b465ee728b)
Start importing Assets/Models/Models/naturePack_122.obj using Guid(1393ef38a39a65b4b869c20a8c64ce68) Importer(815301076,1909f56bfc062723c751e8b465ee728b)  -> (artifact id: '00d32a200f3686be252c480f21b7d460') in 0.036072 seconds 
========================================================================
Received Import Request.
  Time since last request: 0.000028 seconds.
  path: Assets/Models/Models/naturePack_137.obj
  artifactKey: Guid(6e36fffd18c6cec44be1c05d284b1d52) Importer(815301076,1909f56bfc062723c751e8b465ee728b)
Start importing Assets/Models/Models/naturePack_137.obj using Guid(6e36fffd18c6cec44be1c05d284b1d52) Importer(815301076,1909f56bfc062723c751e8b465ee728b)  -> (artifact id: '91d08ed39a34fa32c70d176cbc704116') in 0.037165 seconds 
========================================================================
Received Import Request.
  Time since last request: 0.000053 seconds.
  path: Assets/Models/Models/naturePack_152.obj
  artifactKey: Guid(6734e0484763f6844a75c196f9904e88) Importer(815301076,1909f56bfc062723c751e8b465ee728b)
Start importing Assets/Models/Models/naturePack_152.obj using Guid(6734e0484763f6844a75c196f9904e88) Importer(815301076,1909f56bfc062723c751e8b465ee728b)  -> (artifact id: 'd8c6d3fccee6367834081a6379e1ec7d') in 0.035759 seconds 
========================================================================
Received Import Request.
  Time since last request: 0.000024 seconds.
  path: Assets/Models/Models/naturePack_160.obj
  artifactKey: Guid(9bbb3923aaa5b5a4d8395b424e9c86af) Importer(815301076,1909f56bfc062723c751e8b465ee728b)
Start importing Assets/Models/Models/naturePack_160.obj using Guid(9bbb3923aaa5b5a4d8395b424e9c86af) Importer(815301076,1909f56bfc062723c751e8b465ee728b)  -> (artifact id: '1611e36c90719fa5aa1d38cbd1555880') in 0.045961 seconds 
========================================================================
Received Import Request.
  Time since last request: 0.000034 seconds.
  path: Assets/Models/Models/naturePack_161.obj
  artifactKey: Guid(7347ee6fd226cfa4495e06e71a967b99) Importer(815301076,1909f56bfc062723c751e8b465ee728b)
Start importing Assets/Models/Models/naturePack_161.obj using Guid(7347ee6fd226cfa4495e06e71a967b99) Importer(815301076,1909f56bfc062723c751e8b465ee728b)  -> (artifact id: '29bc436e3afcfc9ed962bfaa20c828c4') in 0.040279 seconds 
========================================================================
Received Import Request.
  Time since last request: 0.000040 seconds.
  path: Assets/Models/Models/naturePack_164.obj
  artifactKey: Guid(0d1024ff0decf6b469aac9e835383510) Importer(815301076,1909f56bfc062723c751e8b465ee728b)
Start importing Assets/Models/Models/naturePack_164.obj using Guid(0d1024ff0decf6b469aac9e835383510) Importer(815301076,1909f56bfc062723c751e8b465ee728b)  -> (artifact id: '45fb03c560ffece192fb0e0d4617fa88') in 0.045819 seconds 
========================================================================
Received Import Request.
  Time since last request: 0.000026 seconds.
  path: Assets/Models/Models/naturePack_142.obj
  artifactKey: Guid(e8402415e6bbeea4096741f7c35cb6c7) Importer(815301076,1909f56bfc062723c751e8b465ee728b)
Start importing Assets/Models/Models/naturePack_142.obj using Guid(e8402415e6bbeea4096741f7c35cb6c7) Importer(815301076,1909f56bfc062723c751e8b465ee728b)  -> (artifact id: '8bbf1ead3fbdfddf663508ad83e8f825') in 0.040861 seconds 
========================================================================
Received Import Request.
  Time since last request: 0.000029 seconds.
  path: Assets/Models/Models/naturePack_157.obj
  artifactKey: Guid(ea56894a6eb6e574783c41085b92b9e0) Importer(815301076,1909f56bfc062723c751e8b465ee728b)
Start importing Assets/Models/Models/naturePack_157.obj using Guid(ea56894a6eb6e574783c41085b92b9e0) Importer(815301076,1909f56bfc062723c751e8b465ee728b)  -> (artifact id: '30c2f502e687534fd0af3c873b188ac9') in 0.036384 seconds 
========================================================================
Received Import Request.
  Time since last request: 0.000031 seconds.
  path: Assets/Models/Models/naturePack_166.obj
  artifactKey: Guid(b29fd7e691cb1d9499b06b5a0edc0b42) Importer(815301076,1909f56bfc062723c751e8b465ee728b)
Start importing Assets/Models/Models/naturePack_166.obj using Guid(b29fd7e691cb1d9499b06b5a0edc0b42) Importer(815301076,1909f56bfc062723c751e8b465ee728b)  -> (artifact id: '2559833c13ebaa669a65e2ee82865334') in 0.050893 seconds 
========================================================================
Received Import Request.
  Time since last request: 0.000041 seconds.
  path: Assets/Models/Models/naturePack_175.obj
  artifactKey: Guid(dfd14931ed0c9684d982dee8a4db789e) Importer(815301076,1909f56bfc062723c751e8b465ee728b)
Start importing Assets/Models/Models/naturePack_175.obj using Guid(dfd14931ed0c9684d982dee8a4db789e) Importer(815301076,1909f56bfc062723c751e8b465ee728b)  -> (artifact id: '974c39f2b11180a7b56f477d23c30c92') in 0.043398 seconds 
========================================================================
Received Import Request.
  Time since last request: 0.000037 seconds.
  path: Assets/Models/Models/naturePack_flat_004.obj
  artifactKey: Guid(7725ac67e87f16d4a93ba70b77102600) Importer(815301076,1909f56bfc062723c751e8b465ee728b)
Start importing Assets/Models/Models/naturePack_flat_004.obj using Guid(7725ac67e87f16d4a93ba70b77102600) Importer(815301076,1909f56bfc062723c751e8b465ee728b)  -> (artifact id: '298cfa90b24a21e7a17138e52bef38c8') in 0.042530 seconds 
========================================================================
Received Import Request.
  Time since last request: 0.000037 seconds.
  path: Assets/Models/Models/Sample.png
  artifactKey: Guid(8530e4500bcdf8041ba201ad087bcbf0) Importer(815301076,1909f56bfc062723c751e8b465ee728b)
Start importing Assets/Models/Models/Sample.png using Guid(8530e4500bcdf8041ba201ad087bcbf0) Importer(815301076,1909f56bfc062723c751e8b465ee728b)  -> (artifact id: '3296908441fddf1079c684ce42c591e7') in 0.025441 seconds 
========================================================================
Received Import Request.
  Time since last request: 0.000038 seconds.
  path: Assets/Models/Models/naturePack_flat_002.obj
  artifactKey: Guid(90f5fd8322bb8054089312e4ea7069cf) Importer(815301076,1909f56bfc062723c751e8b465ee728b)
Start importing Assets/Models/Models/naturePack_flat_002.obj using Guid(90f5fd8322bb8054089312e4ea7069cf) Importer(815301076,1909f56bfc062723c751e8b465ee728b)  -> (artifact id: 'de462097acaf0e18490ec2e61498cee5') in 0.047765 seconds 
========================================================================
Received Import Request.
  Time since last request: 0.000029 seconds.
  path: Assets/Models/Models/naturePack_174.obj
  artifactKey: Guid(93653c40e639ee542baef2131297a557) Importer(815301076,1909f56bfc062723c751e8b465ee728b)
Start importing Assets/Models/Models/naturePack_174.obj using Guid(93653c40e639ee542baef2131297a557) Importer(815301076,1909f56bfc062723c751e8b465ee728b)  -> (artifact id: '4cf66f85ddefd856d640f72d8b950249') in 0.040996 seconds 
========================================================================
Received Import Request.
  Time since last request: 0.000026 seconds.
  path: Assets/Models/Models/Preview_KenneyNL.png
  artifactKey: Guid(16f26c955ad6b0140bd5ab543f99f3ca) Importer(815301076,1909f56bfc062723c751e8b465ee728b)
Start importing Assets/Models/Models/Preview_KenneyNL.png using Guid(16f26c955ad6b0140bd5ab543f99f3ca) Importer(815301076,1909f56bfc062723c751e8b465ee728b)  -> (artifact id: '2632ef2b5f5d5160f25f0b7ab2a22231') in 0.013832 seconds 
========================================================================
Received Import Request.
  Time since last request: 0.000039 seconds.
  path: Assets/Models/Models/naturePack_167.obj
  artifactKey: Guid(50c1f4be8f0816d48ad2740130ce49d4) Importer(815301076,1909f56bfc062723c751e8b465ee728b)
Start importing Assets/Models/Models/naturePack_167.obj using Guid(50c1f4be8f0816d48ad2740130ce49d4) Importer(815301076,1909f56bfc062723c751e8b465ee728b)  -> (artifact id: '251c41e07121bb32cdd3446e69f6139b') in 0.050680 seconds 
========================================================================
Received Import Request.
  Time since last request: 0.000040 seconds.
  path: Assets/Models/Models/naturePack_112.obj
  artifactKey: Guid(6da44de3c9c4ef84bb89ff0203b845a8) Importer(815301076,1909f56bfc062723c751e8b465ee728b)
Start importing Assets/Models/Models/naturePack_112.obj using Guid(6da44de3c9c4ef84bb89ff0203b845a8) Importer(815301076,1909f56bfc062723c751e8b465ee728b)  -> (artifact id: '725055aa1964c86bac5abd448f5c7189') in 0.042727 seconds 
========================================================================
Received Import Request.
  Time since last request: 0.000055 seconds.
  path: Assets/Models/Models/naturePack_165.obj
  artifactKey: Guid(3c7917d975d466945955e1e3b02c3d59) Importer(815301076,1909f56bfc062723c751e8b465ee728b)
Start importing Assets/Models/Models/naturePack_165.obj using Guid(3c7917d975d466945955e1e3b02c3d59) Importer(815301076,1909f56bfc062723c751e8b465ee728b)  -> (artifact id: 'a2729c972b75754921d643ada0f489e6') in 0.043918 seconds 
========================================================================
Received Import Request.
  Time since last request: 0.000032 seconds.
  path: Assets/Models/Models/naturePack_098.obj
  artifactKey: Guid(901da6d39459fe549a6859cc6a617418) Importer(815301076,1909f56bfc062723c751e8b465ee728b)
Start importing Assets/Models/Models/naturePack_098.obj using Guid(901da6d39459fe549a6859cc6a617418) Importer(815301076,1909f56bfc062723c751e8b465ee728b)  -> (artifact id: '139deed39c2fcdc52446fdf9350c1e53') in 0.039235 seconds 
========================================================================
Received Import Request.
  Time since last request: 0.000026 seconds.
  path: Assets/Models/Models/naturePack_062.obj
  artifactKey: Guid(4ec2dcf70e0bf244697655fd5bbe3859) Importer(815301076,1909f56bfc062723c751e8b465ee728b)
Start importing Assets/Models/Models/naturePack_062.obj using Guid(4ec2dcf70e0bf244697655fd5bbe3859) Importer(815301076,1909f56bfc062723c751e8b465ee728b)  -> (artifact id: '37da3d98ea336627653f3440d3cdfe20') in 0.055371 seconds 
========================================================================
Received Import Request.
  Time since last request: 0.000035 seconds.
  path: Assets/Models/Models/naturePack_132.obj
  artifactKey: Guid(93be2134a8ee84245af4357f1041c6de) Importer(815301076,1909f56bfc062723c751e8b465ee728b)
Start importing Assets/Models/Models/naturePack_132.obj using Guid(93be2134a8ee84245af4357f1041c6de) Importer(815301076,1909f56bfc062723c751e8b465ee728b)  -> (artifact id: '3e4387b9b32102f91a9a94c000c79d49') in 0.046371 seconds 
========================================================================
Received Import Request.
  Time since last request: 0.000063 seconds.
  path: Assets/Models/Models/naturePack_096.obj
  artifactKey: Guid(025c32217b1619f408f598c80eea5f93) Importer(815301076,1909f56bfc062723c751e8b465ee728b)
Start importing Assets/Models/Models/naturePack_096.obj using Guid(025c32217b1619f408f598c80eea5f93) Importer(815301076,1909f56bfc062723c751e8b465ee728b)  -> (artifact id: '401feaf58bbb420738bb23352e54a5aa') in 0.038404 seconds 
========================================================================
Received Prepare
Registering precompiled user dll's ...
Registered in 0.004048 seconds.
Begin MonoManager ReloadAssembly
Symbol file LoadedFromMemory doesn't match image C:\Users\earth\Specialization\holbertonschool-unity\0x00-unity-assets_models_textures\Library\PackageCache\com.unity.visualscripting@1.7.8\Editor\VisualScripting.Core\Dependencies\YamlDotNet\Unity.VisualScripting.YamlDotNet.dll
Symbol file LoadedFromMemory doesn't match image C:\Users\earth\Specialization\holbertonschool-unity\0x00-unity-assets_models_textures\Library\PackageCache\com.unity.visualscripting@1.7.8\Editor\VisualScripting.Core\Dependencies\DotNetZip\Unity.VisualScripting.IonicZip.dll
Native extension for UWP target not found
Native extension for LinuxStandalone target not found
Native extension for WindowsStandalone target not found
Native extension for iOS target not found
Native extension for Android target not found
Refreshing native plugins compatible for Editor in 1.51 ms, found 4 plugins.
Preloading 0 native plugins for Editor in 0.00 ms.
Mono: successfully reloaded assembly
- Completed reload, in  0.971 seconds
Domain Reload Profiling:
	ReloadAssembly (971ms)
		BeginReloadAssembly (118ms)
			ExecutionOrderSort (0ms)
			DisableScriptedObjects (3ms)
			BackupInstance (0ms)
			ReleaseScriptingObjects (0ms)
			CreateAndSetChildDomain (44ms)
		EndReloadAssembly (763ms)
			LoadAssemblies (66ms)
			RebuildTransferFunctionScriptingTraits (0ms)
			SetupTypeCache (237ms)
			ReleaseScriptCaches (2ms)
			RebuildScriptCaches (54ms)
			SetupLoadedEditorAssemblies (356ms)
				LogAssemblyErrors (0ms)
				InitializePlatformSupportModulesInManaged (35ms)
				SetLoadedEditorAssemblies (0ms)
				RefreshPlugins (2ms)
				BeforeProcessingInitializeOnLoad (60ms)
				ProcessInitializeOnLoadAttributes (223ms)
				ProcessInitializeOnLoadMethodAttributes (31ms)
				AfterProcessingInitializeOnLoad (6ms)
				EditorAssembliesLoaded (0ms)
			ExecutionOrderSort2 (0ms)
			AwakeInstancesAfterBackupRestoration (6ms)
Platform modules already initialized, skipping
Refreshing native plugins compatible for Editor in 2.82 ms, found 4 plugins.
Preloading 0 native plugins for Editor in 0.00 ms.
Unloading 3710 Unused Serialized files (Serialized files now loaded: 0)
Unloading 47 unused Assets / (2.0 MB). Loaded Objects now: 4244.
Memory consumption went from 141.8 MB to 139.9 MB.
Total: 4.576200 ms (FindLiveObjects: 0.397800 ms CreateObjectMapping: 0.137000 ms MarkObjects: 3.369000 ms  DeleteObjects: 0.671000 ms)

AssetImportParameters requested are different than current active one (requested -> active):
  custom:video-decoder-ogg-theora: a1e56fd34408186e4bbccfd4996cb3dc -> 
  custom:container-muxer-webm: aa71ff27fc2769a1b78a27578f13a17b -> 
  custom:container-demuxer-webm: 4f35f7cbe854078d1ac9338744f61a02 -> 
  custom:video-encoder-webm-vp8: eb34c28f22e8b96e1ab97ce403110664 -> 
  custom:video-codec-MediaFoundation-h265: 746d11721c4dcdbdad8f713fa42b33f4 -> 
  custom:audio-encoder-webm-vorbis: bf7c407c2cedff20999df2af8eb42d56 -> 
  custom:framework-win-MediaFoundation: 216162199b28c13a410421893ffa2e32 -> 
  custom:container-demuxer-ogg: 62fdf1f143b41e24485cea50d1cbac27 -> 
  custom:video-decoder-webm-vp8: 9c59270c3fd7afecdb556c50c9e8de78 -> 
  custom:audio-decoder-ogg-vorbis: bf7c407c2cedff20999df2af8eb42d56 -> 
