Using pre-set license
Built from '2021.3/staging' branch; Version is '2021.3.11f1 (0a5ca18544bf) revision 679073'; Using compiler version '192829333'; Build Type 'Release'
OS: 'Windows 11  (10.0.22621) 64bit Core' Language: 'en' Physical Memory: 16061 MB
BatchMode: 1, IsHumanControllingUs: 0, StartBugReporterOnCrash: 0, Is64bit: 1, IsPro: 1

COMMAND LINE ARGUMENTS:
C:\Program Files\Unity\Hub\Editor\2021.3.11f1\Editor\Unity.exe
-adb2
-batchMode
-noUpm
-name
AssetImportWorker4
-projectPath
C:/Users/earth/Specialization/holbertonschool-unity/0x00-unity-assets_models_textures
-logFile
Logs/AssetImportWorker4.log
-srvPort
62935
Successfully changed project path to: C:/Users/earth/Specialization/holbertonschool-unity/0x00-unity-assets_models_textures
C:/Users/earth/Specialization/holbertonschool-unity/0x00-unity-assets_models_textures
[UnityMemory] Configuration Parameters - Can be set up in boot.config
    "memorysetup-bucket-allocator-granularity=16"
    "memorysetup-bucket-allocator-bucket-count=8"
    "memorysetup-bucket-allocator-block-size=33554432"
    "memorysetup-bucket-allocator-block-count=8"
    "memorysetup-main-allocator-block-size=16777216"
    "memorysetup-thread-allocator-block-size=16777216"
    "memorysetup-gfx-main-allocator-block-size=16777216"
    "memorysetup-gfx-thread-allocator-block-size=16777216"
    "memorysetup-cache-allocator-block-size=4194304"
    "memorysetup-typetree-allocator-block-size=2097152"
    "memorysetup-profiler-bucket-allocator-granularity=16"
    "memorysetup-profiler-bucket-allocator-bucket-count=8"
    "memorysetup-profiler-bucket-allocator-block-size=33554432"
    "memorysetup-profiler-bucket-allocator-block-count=8"
    "memorysetup-profiler-allocator-block-size=16777216"
    "memorysetup-profiler-editor-allocator-block-size=1048576"
    "memorysetup-temp-allocator-size-main=16777216"
    "memorysetup-job-temp-allocator-block-size=2097152"
    "memorysetup-job-temp-allocator-block-size-background=1048576"
    "memorysetup-job-temp-allocator-reduction-small-platforms=262144"
    "memorysetup-temp-allocator-size-background-worker=32768"
    "memorysetup-temp-allocator-size-job-worker=262144"
    "memorysetup-temp-allocator-size-preload-manager=33554432"
    "memorysetup-temp-allocator-size-nav-mesh-worker=65536"
    "memorysetup-temp-allocator-size-audio-worker=65536"
    "memorysetup-temp-allocator-size-cloud-worker=32768"
    "memorysetup-temp-allocator-size-gi-baking-worker=262144"
    "memorysetup-temp-allocator-size-gfx=262144"
Refreshing native plugins compatible for Editor in 87.61 ms, found 4 plugins.
Preloading 0 native plugins for Editor in 0.00 ms.
Initialize engine version: 2021.3.11f1 (0a5ca18544bf)
[Subsystems] Discovering subsystems at path C:/Program Files/Unity/Hub/Editor/2021.3.11f1/Editor/Data/Resources/UnitySubsystems
[Subsystems] Discovering subsystems at path C:/Users/earth/Specialization/holbertonschool-unity/0x00-unity-assets_models_textures/Assets
GfxDevice: creating device client; threaded=0; jobified=0
Direct3D:
    Version:  Direct3D 11.0 [level 11.1]
    Renderer: NVIDIA GeForce RTX 3060 Laptop GPU (ID=0x2520)
    Vendor:   NVIDIA
    VRAM:     6023 MB
    Driver:   30.0.15.1278
Initialize mono
Mono path[0] = 'C:/Program Files/Unity/Hub/Editor/2021.3.11f1/Editor/Data/Managed'
Mono path[1] = 'C:/Program Files/Unity/Hub/Editor/2021.3.11f1/Editor/Data/MonoBleedingEdge/lib/mono/unityjit-win32'
Mono config path = 'C:/Program Files/Unity/Hub/Editor/2021.3.11f1/Editor/Data/MonoBleedingEdge/etc'
Using monoOptions --debugger-agent=transport=dt_socket,embedding=1,server=y,suspend=n,address=127.0.0.1:56652
Begin MonoManager ReloadAssembly
Registering precompiled unity dll's ...
Register platform support module: C:/Program Files/Unity/Hub/Editor/2021.3.11f1/Editor/Data/PlaybackEngines/AndroidPlayer/UnityEditor.Android.Extensions.dll
Register platform support module: C:/Program Files/Unity/Hub/Editor/2021.3.11f1/Editor/Data/PlaybackEngines/iOSSupport/UnityEditor.iOS.Extensions.dll
Register platform support module: C:/Program Files/Unity/Hub/Editor/2021.3.11f1/Editor/Data/PlaybackEngines/WindowsStandaloneSupport/UnityEditor.WindowsStandalone.Extensions.dll
Register platform support module: C:/Program Files/Unity/Hub/Editor/2021.3.11f1/Editor/Data/PlaybackEngines/LinuxStandaloneSupport/UnityEditor.LinuxStandalone.Extensions.dll
Register platform support module: C:/Program Files/Unity/Hub/Editor/2021.3.11f1/Editor/Data/PlaybackEngines/MetroSupport/UnityEditor.UWP.Extensions.dll
Registered in 0.005914 seconds.
Native extension for UWP target not found
Native extension for LinuxStandalone target not found
Native extension for WindowsStandalone target not found
[usbmuxd] Start listen thread
[usbmuxd] Listen thread started
Native extension for iOS target not found
Native extension for Android target not found
Refreshing native plugins compatible for Editor in 92.00 ms, found 4 plugins.
Preloading 0 native plugins for Editor in 0.00 ms.
Mono: successfully reloaded assembly
- Completed reload, in  0.812 seconds
Domain Reload Profiling:
	ReloadAssembly (813ms)
		BeginReloadAssembly (53ms)
			ExecutionOrderSort (0ms)
			DisableScriptedObjects (0ms)
			BackupInstance (0ms)
			ReleaseScriptingObjects (0ms)
			CreateAndSetChildDomain (1ms)
		EndReloadAssembly (581ms)
			LoadAssemblies (52ms)
			RebuildTransferFunctionScriptingTraits (0ms)
			SetupTypeCache (185ms)
			ReleaseScriptCaches (0ms)
			RebuildScriptCaches (24ms)
			SetupLoadedEditorAssemblies (334ms)
				LogAssemblyErrors (0ms)
				InitializePlatformSupportModulesInManaged (86ms)
				SetLoadedEditorAssemblies (0ms)
				RefreshPlugins (92ms)
				BeforeProcessingInitializeOnLoad (1ms)
				ProcessInitializeOnLoadAttributes (102ms)
				ProcessInitializeOnLoadMethodAttributes (53ms)
				AfterProcessingInitializeOnLoad (0ms)
				EditorAssembliesLoaded (0ms)
			ExecutionOrderSort2 (0ms)
			AwakeInstancesAfterBackupRestoration (0ms)
Platform modules already initialized, skipping
Registering precompiled user dll's ...
Registered in 0.004638 seconds.
Begin MonoManager ReloadAssembly
Symbol file LoadedFromMemory doesn't match image C:\Users\earth\Specialization\holbertonschool-unity\0x00-unity-assets_models_textures\Library\PackageCache\com.unity.visualscripting@1.7.8\Editor\VisualScripting.Core\Dependencies\YamlDotNet\Unity.VisualScripting.YamlDotNet.dll
Symbol file LoadedFromMemory doesn't match image C:\Users\earth\Specialization\holbertonschool-unity\0x00-unity-assets_models_textures\Library\PackageCache\com.unity.visualscripting@1.7.8\Editor\VisualScripting.Core\Dependencies\DotNetZip\Unity.VisualScripting.IonicZip.dll
Native extension for UWP target not found
Native extension for LinuxStandalone target not found
Native extension for WindowsStandalone target not found
Native extension for iOS target not found
Native extension for Android target not found
Refreshing native plugins compatible for Editor in 1.05 ms, found 4 plugins.
Preloading 0 native plugins for Editor in 0.00 ms.
Mono: successfully reloaded assembly
- Completed reload, in  1.294 seconds
Domain Reload Profiling:
	ReloadAssembly (1295ms)
		BeginReloadAssembly (240ms)
			ExecutionOrderSort (0ms)
			DisableScriptedObjects (7ms)
			BackupInstance (0ms)
			ReleaseScriptingObjects (0ms)
			CreateAndSetChildDomain (139ms)
		EndReloadAssembly (938ms)
			LoadAssemblies (93ms)
			RebuildTransferFunctionScriptingTraits (0ms)
			SetupTypeCache (271ms)
			ReleaseScriptCaches (1ms)
			RebuildScriptCaches (75ms)
			SetupLoadedEditorAssemblies (469ms)
				LogAssemblyErrors (0ms)
				InitializePlatformSupportModulesInManaged (27ms)
				SetLoadedEditorAssemblies (0ms)
				RefreshPlugins (1ms)
				BeforeProcessingInitializeOnLoad (88ms)
				ProcessInitializeOnLoadAttributes (319ms)
				ProcessInitializeOnLoadMethodAttributes (30ms)
				AfterProcessingInitializeOnLoad (4ms)
				EditorAssembliesLoaded (0ms)
			ExecutionOrderSort2 (0ms)
			AwakeInstancesAfterBackupRestoration (5ms)
Platform modules already initialized, skipping
========================================================================
Worker process is ready to serve import requests
Launched and connected shader compiler UnityShaderCompiler.exe after 0.06 seconds
Refreshing native plugins compatible for Editor in 0.88 ms, found 4 plugins.
Preloading 0 native plugins for Editor in 0.00 ms.
Unloading 3749 Unused Serialized files (Serialized files now loaded: 0)
Unloading 66 unused Assets / (2.0 MB). Loaded Objects now: 4183.
Memory consumption went from 140.4 MB to 138.4 MB.
Total: 3.853800 ms (FindLiveObjects: 0.343400 ms CreateObjectMapping: 0.111500 ms MarkObjects: 2.873000 ms  DeleteObjects: 0.524100 ms)

AssetImportParameters requested are different than current active one (requested -> active):
  custom:video-decoder-ogg-theora: a1e56fd34408186e4bbccfd4996cb3dc -> 
  custom:container-muxer-webm: aa71ff27fc2769a1b78a27578f13a17b -> 
  custom:container-demuxer-webm: 4f35f7cbe854078d1ac9338744f61a02 -> 
  custom:video-encoder-webm-vp8: eb34c28f22e8b96e1ab97ce403110664 -> 
  custom:video-codec-MediaFoundation-h265: 746d11721c4dcdbdad8f713fa42b33f4 -> 
  custom:audio-encoder-webm-vorbis: bf7c407c2cedff20999df2af8eb42d56 -> 
  custom:framework-win-MediaFoundation: 216162199b28c13a410421893ffa2e32 -> 
  custom:container-demuxer-ogg: 62fdf1f143b41e24485cea50d1cbac27 -> 
  custom:video-decoder-webm-vp8: 9c59270c3fd7afecdb556c50c9e8de78 -> 
  custom:audio-decoder-ogg-vorbis: bf7c407c2cedff20999df2af8eb42d56 -> 
========================================================================
Received Import Request.
  Time since last request: 1525.370880 seconds.
  path: Assets/TextMesh Pro/Documentation
  artifactKey: Guid(8e7e8f5a82a3a134e91c54efd2274ea9) Importer(815301076,1909f56bfc062723c751e8b465ee728b)
Start importing Assets/TextMesh Pro/Documentation using Guid(8e7e8f5a82a3a134e91c54efd2274ea9) Importer(815301076,1909f56bfc062723c751e8b465ee728b)  -> (artifact id: 'dc497803c0650e980b81bcf651e18b86') in 0.012452 seconds 
========================================================================
Received Import Request.
  Time since last request: 12.974392 seconds.
  path: Assets/Nature pack extended/Materials
  artifactKey: Guid(140084f8f9943bd47a5dc9ba9f465d8a) Importer(815301076,1909f56bfc062723c751e8b465ee728b)
Start importing Assets/Nature pack extended/Materials using Guid(140084f8f9943bd47a5dc9ba9f465d8a) Importer(815301076,1909f56bfc062723c751e8b465ee728b)  -> (artifact id: '8104fb50db7e8b2459e52b36ba9bd013') in 0.004646 seconds 
========================================================================
Received Import Request.
  Time since last request: 0.029065 seconds.
  path: Assets/Nature pack extended/Materials/BackColor.mat
  artifactKey: Guid(7856d6190e1f6fb41bdf253412cc704f) Importer(815301076,1909f56bfc062723c751e8b465ee728b)
Start importing Assets/Nature pack extended/Materials/BackColor.mat using Guid(7856d6190e1f6fb41bdf253412cc704f) Importer(815301076,1909f56bfc062723c751e8b465ee728b)  -> (artifact id: 'bb4e27a0d5ad17572078abdcd996e08f') in 0.124537 seconds 
========================================================================
Received Import Request.
  Time since last request: 136.801581 seconds.
  path: Assets/Prefabs/WinFlag.prefab
  artifactKey: Guid(0e3c478e610262b4db86b8b17c948d48) Importer(815301076,1909f56bfc062723c751e8b465ee728b)
Start importing Assets/Prefabs/WinFlag.prefab using Guid(0e3c478e610262b4db86b8b17c948d48) Importer(815301076,1909f56bfc062723c751e8b465ee728b)  -> (artifact id: '392f652e31848ae8de1b553bf541ca4a') in 0.029729 seconds 
========================================================================
Received Import Request.
  Time since last request: 27.752364 seconds.
  path: Assets/Materials/Source/naturePack_extended.skp
  artifactKey: Guid(e718be64d178e7b44b8278fbd097646f) Importer(815301076,1909f56bfc062723c751e8b465ee728b)
Start importing Assets/Materials/Source/naturePack_extended.skp using Guid(e718be64d178e7b44b8278fbd097646f) Importer(815301076,1909f56bfc062723c751e8b465ee728b)  -> (artifact id: '20495295baeb6c505e0c78067d68df23') in 1.190900 seconds 
========================================================================
Received Import Request.
  Time since last request: 7.450329 seconds.
  path: Assets/TextMesh Pro/Resources/TMP Settings.asset
  artifactKey: Guid(3f5b5dff67a942289a9defa416b206f3) Importer(815301076,1909f56bfc062723c751e8b465ee728b)
Start importing Assets/TextMesh Pro/Resources/TMP Settings.asset using Guid(3f5b5dff67a942289a9defa416b206f3) Importer(815301076,1909f56bfc062723c751e8b465ee728b)  -> (artifact id: '7d39d3b365ae06f4a5d582e5614ba55e') in 0.062478 seconds 
========================================================================
Received Import Request.
  Time since last request: 5.765176 seconds.
  path: Assets/Models/Models/naturePack_001.obj
  artifactKey: Guid(71f6124001cd4d042aac524a663f23f7) Importer(815301076,1909f56bfc062723c751e8b465ee728b)
Start importing Assets/Models/Models/naturePack_001.obj using Guid(71f6124001cd4d042aac524a663f23f7) Importer(815301076,1909f56bfc062723c751e8b465ee728b)  -> (artifact id: 'd0cf0cd3f93639dcfb124e746c49344d') in 0.048147 seconds 
========================================================================
Received Import Request.
  Time since last request: 0.000031 seconds.
  path: Assets/Models/Models/naturePack_033.obj
  artifactKey: Guid(25ca0923acc870a4eb4d40b21dca34a1) Importer(815301076,1909f56bfc062723c751e8b465ee728b)
Start importing Assets/Models/Models/naturePack_033.obj using Guid(25ca0923acc870a4eb4d40b21dca34a1) Importer(815301076,1909f56bfc062723c751e8b465ee728b)  -> (artifact id: '970909d8ea013f07f7ae5970fc2a7bdf') in 0.038915 seconds 
========================================================================
Received Import Request.
  Time since last request: 0.000020 seconds.
  path: Assets/Models/Models/naturePack_016.obj
  artifactKey: Guid(2b2b9ae8fc61e9c47bdaab08d7ce3165) Importer(815301076,1909f56bfc062723c751e8b465ee728b)
Start importing Assets/Models/Models/naturePack_016.obj using Guid(2b2b9ae8fc61e9c47bdaab08d7ce3165) Importer(815301076,1909f56bfc062723c751e8b465ee728b)  -> (artifact id: 'f253337cc518d6b17b38fcb62b99c0eb') in 0.050883 seconds 
========================================================================
Received Import Request.
  Time since last request: 0.000021 seconds.
  path: Assets/Models/Models/naturePack_018.obj
  artifactKey: Guid(c2ca2c1b4ea58054184b416fc630f0ab) Importer(815301076,1909f56bfc062723c751e8b465ee728b)
Start importing Assets/Models/Models/naturePack_018.obj using Guid(c2ca2c1b4ea58054184b416fc630f0ab) Importer(815301076,1909f56bfc062723c751e8b465ee728b)  -> (artifact id: 'deee0257786c89eebd35ce7d6d4a30eb') in 0.057515 seconds 
========================================================================
Received Import Request.
  Time since last request: 0.000020 seconds.
  path: Assets/Models/Models/naturePack_023.obj
  artifactKey: Guid(5c37f07530eb2c4498c87dbe6fdf472c) Importer(815301076,1909f56bfc062723c751e8b465ee728b)
Start importing Assets/Models/Models/naturePack_023.obj using Guid(5c37f07530eb2c4498c87dbe6fdf472c) Importer(815301076,1909f56bfc062723c751e8b465ee728b)  -> (artifact id: 'cb98ca3df7cf75214b9d2814b82503c1') in 0.039737 seconds 
========================================================================
Received Import Request.
  Time since last request: 0.000033 seconds.
  path: Assets/Models/Models/naturePack_029.obj
  artifactKey: Guid(6bb785c35ce61b14ebc779350121ea23) Importer(815301076,1909f56bfc062723c751e8b465ee728b)
Start importing Assets/Models/Models/naturePack_029.obj using Guid(6bb785c35ce61b14ebc779350121ea23) Importer(815301076,1909f56bfc062723c751e8b465ee728b)  -> (artifact id: 'f4c9d481d4d7d29cd84583afa94e0741') in 0.055520 seconds 
========================================================================
Received Import Request.
  Time since last request: 0.000023 seconds.
  path: Assets/Models/Models/naturePack_027.obj
  artifactKey: Guid(5c5656aee3b833e428f29bb9fbcef159) Importer(815301076,1909f56bfc062723c751e8b465ee728b)
Start importing Assets/Models/Models/naturePack_027.obj using Guid(5c5656aee3b833e428f29bb9fbcef159) Importer(815301076,1909f56bfc062723c751e8b465ee728b)  -> (artifact id: '14e4d15095d001b02fc43770800f7f79') in 0.030819 seconds 
========================================================================
Received Import Request.
  Time since last request: 0.000027 seconds.
  path: Assets/Models/Models/naturePack_014.obj
  artifactKey: Guid(f3090ef2a02db674cbd0c8beed793d33) Importer(815301076,1909f56bfc062723c751e8b465ee728b)
Start importing Assets/Models/Models/naturePack_014.obj using Guid(f3090ef2a02db674cbd0c8beed793d33) Importer(815301076,1909f56bfc062723c751e8b465ee728b)  -> (artifact id: '6a86d13eb6e580619756a1c0efdf1961') in 0.036191 seconds 
========================================================================
Received Import Request.
  Time since last request: 0.000049 seconds.
  path: Assets/Models/Models/naturePack_009.obj
  artifactKey: Guid(38f5ae4a76c35934aa71985c782945d5) Importer(815301076,1909f56bfc062723c751e8b465ee728b)
Start importing Assets/Models/Models/naturePack_009.obj using Guid(38f5ae4a76c35934aa71985c782945d5) Importer(815301076,1909f56bfc062723c751e8b465ee728b)  -> (artifact id: '772761ac9f0b6374daa0223841e40250') in 0.041615 seconds 
========================================================================
Received Import Request.
  Time since last request: 0.000017 seconds.
  path: Assets/Models/Models/naturePack_019.obj
  artifactKey: Guid(7e2b0e68b41798a44b8faefb543c393a) Importer(815301076,1909f56bfc062723c751e8b465ee728b)
Start importing Assets/Models/Models/naturePack_019.obj using Guid(7e2b0e68b41798a44b8faefb543c393a) Importer(815301076,1909f56bfc062723c751e8b465ee728b)  -> (artifact id: 'a609fe9a38e0cd0566f4e524f2d04995') in 0.036495 seconds 
========================================================================
Received Import Request.
  Time since last request: 0.000048 seconds.
  path: Assets/Models/Models/naturePack_021.obj
  artifactKey: Guid(807d813489d8bc840a50827c8559eed6) Importer(815301076,1909f56bfc062723c751e8b465ee728b)
Start importing Assets/Models/Models/naturePack_021.obj using Guid(807d813489d8bc840a50827c8559eed6) Importer(815301076,1909f56bfc062723c751e8b465ee728b)  -> (artifact id: '7dec20bc3621f94e35061241d124fd3a') in 0.032374 seconds 
========================================================================
Received Import Request.
  Time since last request: 0.000028 seconds.
  path: Assets/Models/Models/naturePack_012.obj
  artifactKey: Guid(8ae4f3664cb938f4e970f028e88d71fb) Importer(815301076,1909f56bfc062723c751e8b465ee728b)
Start importing Assets/Models/Models/naturePack_012.obj using Guid(8ae4f3664cb938f4e970f028e88d71fb) Importer(815301076,1909f56bfc062723c751e8b465ee728b)  -> (artifact id: 'b784b3bec86d3cb323a6974ba95b4411') in 0.035674 seconds 
========================================================================
Received Import Request.
  Time since last request: 0.000024 seconds.
  path: Assets/Models/Models/naturePack_003.obj
  artifactKey: Guid(522cafa6e356f94409638e67aad511b4) Importer(815301076,1909f56bfc062723c751e8b465ee728b)
Start importing Assets/Models/Models/naturePack_003.obj using Guid(522cafa6e356f94409638e67aad511b4) Importer(815301076,1909f56bfc062723c751e8b465ee728b)  -> (artifact id: 'b948cb92a7d58b96669ae3fcdcd9edaf') in 0.038380 seconds 
========================================================================
Received Import Request.
  Time since last request: 0.000023 seconds.
  path: Assets/Models/Models/naturePack_020.obj
  artifactKey: Guid(651943ccd14fb7344bd1c976057d0024) Importer(815301076,1909f56bfc062723c751e8b465ee728b)
Start importing Assets/Models/Models/naturePack_020.obj using Guid(651943ccd14fb7344bd1c976057d0024) Importer(815301076,1909f56bfc062723c751e8b465ee728b)  -> (artifact id: 'a275eedf6aa2dbfc9d6562e3ea7860e4') in 0.037248 seconds 
========================================================================
Received Import Request.
  Time since last request: 0.000022 seconds.
  path: Assets/Models/Models/naturePack_034.obj
  artifactKey: Guid(b9527d75a7b5d1441a62daf7509a7ea3) Importer(815301076,1909f56bfc062723c751e8b465ee728b)
Start importing Assets/Models/Models/naturePack_034.obj using Guid(b9527d75a7b5d1441a62daf7509a7ea3) Importer(815301076,1909f56bfc062723c751e8b465ee728b)  -> (artifact id: '0a26d62dcdef3bf8783bbb7e401c58be') in 0.043806 seconds 
========================================================================
Received Import Request.
  Time since last request: 0.000038 seconds.
  path: Assets/Models/Models/naturePack_004.obj
  artifactKey: Guid(921b17eb1e8397b4486a817af957af87) Importer(815301076,1909f56bfc062723c751e8b465ee728b)
Start importing Assets/Models/Models/naturePack_004.obj using Guid(921b17eb1e8397b4486a817af957af87) Importer(815301076,1909f56bfc062723c751e8b465ee728b)  -> (artifact id: '5eabf5b7d86b15e32a212c6f95141148') in 0.042053 seconds 
========================================================================
Received Import Request.
  Time since last request: 0.000025 seconds.
  path: Assets/Models/Models/naturePack_007.obj
  artifactKey: Guid(95d7f6538735e42479db00d9d1d17eda) Importer(815301076,1909f56bfc062723c751e8b465ee728b)
Start importing Assets/Models/Models/naturePack_007.obj using Guid(95d7f6538735e42479db00d9d1d17eda) Importer(815301076,1909f56bfc062723c751e8b465ee728b)  -> (artifact id: '2a7fc192116d20f296d8979364e51dfb') in 0.042990 seconds 
========================================================================
Received Import Request.
  Time since last request: 0.000061 seconds.
  path: Assets/Models/Models/naturePack_005.obj
  artifactKey: Guid(b7d9b87f3ec2e45438e08285dda5345c) Importer(815301076,1909f56bfc062723c751e8b465ee728b)
Start importing Assets/Models/Models/naturePack_005.obj using Guid(b7d9b87f3ec2e45438e08285dda5345c) Importer(815301076,1909f56bfc062723c751e8b465ee728b)  -> (artifact id: 'f9add680e7dc471377e3ada4fe78f18e') in 0.037871 seconds 
========================================================================
Received Import Request.
  Time since last request: 2.506158 seconds.
  path: Assets/Models/Models/Models
  artifactKey: Guid(a7d6cbbeae8e20c4c952a16dafe5e830) Importer(815301076,1909f56bfc062723c751e8b465ee728b)
Start importing Assets/Models/Models/Models using Guid(a7d6cbbeae8e20c4c952a16dafe5e830) Importer(815301076,1909f56bfc062723c751e8b465ee728b)  -> (artifact id: '7e320348fb9cdadc74bd78fc40e3b4ae') in 0.002405 seconds 
========================================================================
Received Import Request.
  Time since last request: 0.719182 seconds.
  path: Assets/Models/Models/Models/naturePack_001.obj
  artifactKey: Guid(2a50bfa20e7eae3418839ad65492ac9d) Importer(815301076,1909f56bfc062723c751e8b465ee728b)
Start importing Assets/Models/Models/Models/naturePack_001.obj using Guid(2a50bfa20e7eae3418839ad65492ac9d) Importer(815301076,1909f56bfc062723c751e8b465ee728b)  -> (artifact id: '49ac6fe0fdf981398ad7c88d574201ee') in 0.039981 seconds 
========================================================================
Received Import Request.
  Time since last request: 0.000022 seconds.
  path: Assets/Models/Models/Models/naturePack_038.obj
  artifactKey: Guid(033096627114e9345a6989f593d124de) Importer(815301076,1909f56bfc062723c751e8b465ee728b)
Start importing Assets/Models/Models/Models/naturePack_038.obj using Guid(033096627114e9345a6989f593d124de) Importer(815301076,1909f56bfc062723c751e8b465ee728b)  -> (artifact id: 'd18265855d4e14f091a646eef134f627') in 0.042536 seconds 
========================================================================
Received Import Request.
  Time since last request: 0.000030 seconds.
  path: Assets/Models/Models/Models/naturePack_032.obj
  artifactKey: Guid(abc260679dc321641aa6189bec8a0d44) Importer(815301076,1909f56bfc062723c751e8b465ee728b)
Start importing Assets/Models/Models/Models/naturePack_032.obj using Guid(abc260679dc321641aa6189bec8a0d44) Importer(815301076,1909f56bfc062723c751e8b465ee728b)  -> (artifact id: 'd3f5d14fc9e0874878056c845b5c77b5') in 0.051278 seconds 
========================================================================
Received Import Request.
  Time since last request: 0.000022 seconds.
  path: Assets/Models/Models/Models/naturePack_025.obj
  artifactKey: Guid(e75ae50213788b44ba3f86610cb1e2b4) Importer(815301076,1909f56bfc062723c751e8b465ee728b)
Start importing Assets/Models/Models/Models/naturePack_025.obj using Guid(e75ae50213788b44ba3f86610cb1e2b4) Importer(815301076,1909f56bfc062723c751e8b465ee728b)  -> (artifact id: '8cd0c696e25fad354f0cd459e8fab9b9') in 0.049689 seconds 
========================================================================
Received Import Request.
  Time since last request: 0.000032 seconds.
  path: Assets/Models/Models/Models/naturePack_022.obj
  artifactKey: Guid(be480dcfab7002a49b81a5a8a82be206) Importer(815301076,1909f56bfc062723c751e8b465ee728b)
Start importing Assets/Models/Models/Models/naturePack_022.obj using Guid(be480dcfab7002a49b81a5a8a82be206) Importer(815301076,1909f56bfc062723c751e8b465ee728b)  -> (artifact id: '0622402b5a52750bbb15c2425b6be375') in 0.039646 seconds 
========================================================================
Received Import Request.
  Time since last request: 0.000043 seconds.
  path: Assets/Models/Models/Models/naturePack_027.obj
  artifactKey: Guid(f679bead579084443842ebd18cb1a624) Importer(815301076,1909f56bfc062723c751e8b465ee728b)
Start importing Assets/Models/Models/Models/naturePack_027.obj using Guid(f679bead579084443842ebd18cb1a624) Importer(815301076,1909f56bfc062723c751e8b465ee728b)  -> (artifact id: 'a3461a212331dfe6b932bb2f86f54f30') in 0.031752 seconds 
========================================================================
Received Import Request.
  Time since last request: 0.000029 seconds.
  path: Assets/Models/Models/Models/naturePack_035.obj
  artifactKey: Guid(519bc69ad2e24644d9d2cd75ca4f891b) Importer(815301076,1909f56bfc062723c751e8b465ee728b)
Start importing Assets/Models/Models/Models/naturePack_035.obj using Guid(519bc69ad2e24644d9d2cd75ca4f891b) Importer(815301076,1909f56bfc062723c751e8b465ee728b)  -> (artifact id: '78d90a24bf2c74f19a62205bd7a01bb9') in 0.037044 seconds 
========================================================================
Received Import Request.
  Time since last request: 0.000038 seconds.
  path: Assets/Models/Models/Models/naturePack_030.obj
  artifactKey: Guid(229e197158639734dacba199a393c690) Importer(815301076,1909f56bfc062723c751e8b465ee728b)
Start importing Assets/Models/Models/Models/naturePack_030.obj using Guid(229e197158639734dacba199a393c690) Importer(815301076,1909f56bfc062723c751e8b465ee728b)  -> (artifact id: '50a7bbaab4b1e868d4daff74ac51782a') in 0.029911 seconds 
========================================================================
Received Import Request.
  Time since last request: 0.000046 seconds.
  path: Assets/Models/Models/Models/naturePack_029.obj
  artifactKey: Guid(3c0fdae1e5fc9d640b6b0b559cdd2474) Importer(815301076,1909f56bfc062723c751e8b465ee728b)
Start importing Assets/Models/Models/Models/naturePack_029.obj using Guid(3c0fdae1e5fc9d640b6b0b559cdd2474) Importer(815301076,1909f56bfc062723c751e8b465ee728b)  -> (artifact id: 'f4a6fd4ba5a71cd5c4b1075c0103c31c') in 0.029638 seconds 
========================================================================
Received Import Request.
  Time since last request: 0.000029 seconds.
  path: Assets/Models/Models/Models/naturePack_016.obj
  artifactKey: Guid(82a53bc2b1a51dd4680547e76ac2603e) Importer(815301076,1909f56bfc062723c751e8b465ee728b)
Start importing Assets/Models/Models/Models/naturePack_016.obj using Guid(82a53bc2b1a51dd4680547e76ac2603e) Importer(815301076,1909f56bfc062723c751e8b465ee728b)  -> (artifact id: '8031a6354eb97becffb7a050e6deface') in 0.041280 seconds 
========================================================================
Received Import Request.
  Time since last request: 0.000034 seconds.
  path: Assets/Models/Models/Models/naturePack_020.obj
  artifactKey: Guid(68b2b3a93e2454940af49ae2c463a10c) Importer(815301076,1909f56bfc062723c751e8b465ee728b)
Start importing Assets/Models/Models/Models/naturePack_020.obj using Guid(68b2b3a93e2454940af49ae2c463a10c) Importer(815301076,1909f56bfc062723c751e8b465ee728b)  -> (artifact id: '56d5153776210393f4063c04d25f65d5') in 0.037088 seconds 
========================================================================
Received Import Request.
  Time since last request: 4.298430 seconds.
  path: Assets/Models/Models/Source/naturePack_extended.skp
  artifactKey: Guid(1454e41fbaaca874c9c1ea8bcc872cba) Importer(815301076,1909f56bfc062723c751e8b465ee728b)
Start importing Assets/Models/Models/Source/naturePack_extended.skp using Guid(1454e41fbaaca874c9c1ea8bcc872cba) Importer(815301076,1909f56bfc062723c751e8b465ee728b)  -> (artifact id: '60a89c2015733af8ad470cbf5fb0b3dc') in 1.179535 seconds 
========================================================================
Received Import Request.
  Time since last request: 3.106547 seconds.
  path: Assets/Models/Models/naturePack_036.obj
  artifactKey: Guid(2843ac1622829694d893e95b69782af1) Importer(815301076,1909f56bfc062723c751e8b465ee728b)
Start importing Assets/Models/Models/naturePack_036.obj using Guid(2843ac1622829694d893e95b69782af1) Importer(815301076,1909f56bfc062723c751e8b465ee728b)  -> (artifact id: '33c2f7492393223f5c8faa180369d3b6') in 0.077064 seconds 
========================================================================
Received Import Request.
  Time since last request: 0.000030 seconds.
  path: Assets/Models/Models/naturePack_053.obj
  artifactKey: Guid(70cd1687aa59e334e8b556a96c10117b) Importer(815301076,1909f56bfc062723c751e8b465ee728b)
Start importing Assets/Models/Models/naturePack_053.obj using Guid(70cd1687aa59e334e8b556a96c10117b) Importer(815301076,1909f56bfc062723c751e8b465ee728b)  -> (artifact id: '28f80a08ba1dadc5fe4852525f2b1a20') in 0.051512 seconds 
========================================================================
Received Import Request.
  Time since last request: 0.000020 seconds.
  path: Assets/Models/Models/naturePack_054.obj
  artifactKey: Guid(e9afa86ae88b7374cb345b9505b52d4d) Importer(815301076,1909f56bfc062723c751e8b465ee728b)
Start importing Assets/Models/Models/naturePack_054.obj using Guid(e9afa86ae88b7374cb345b9505b52d4d) Importer(815301076,1909f56bfc062723c751e8b465ee728b)  -> (artifact id: '381a3c06f6170bee71f6cb0314bf303c') in 0.045370 seconds 
========================================================================
Received Import Request.
  Time since last request: 0.000029 seconds.
  path: Assets/Models/Models/naturePack_048.obj
  artifactKey: Guid(9a68d3124de7f5a429e8005da9a9815a) Importer(815301076,1909f56bfc062723c751e8b465ee728b)
Start importing Assets/Models/Models/naturePack_048.obj using Guid(9a68d3124de7f5a429e8005da9a9815a) Importer(815301076,1909f56bfc062723c751e8b465ee728b)  -> (artifact id: '270d5fe826e524d639a188db79cc1d0b') in 0.054907 seconds 
========================================================================
Received Import Request.
  Time since last request: 0.000040 seconds.
  path: Assets/Models/Models/naturePack_040.obj
  artifactKey: Guid(a8edae601abe41e45a444c1ea2db6a5a) Importer(815301076,1909f56bfc062723c751e8b465ee728b)
Start importing Assets/Models/Models/naturePack_040.obj using Guid(a8edae601abe41e45a444c1ea2db6a5a) Importer(815301076,1909f56bfc062723c751e8b465ee728b)  -> (artifact id: 'a1337a31a744fed0700fedaa864c541a') in 0.099727 seconds 
========================================================================
Received Import Request.
  Time since last request: 0.000022 seconds.
  path: Assets/Models/Models/naturePack_047.obj
  artifactKey: Guid(9eb9b483bdd519b4985f4a18ee6f2f0b) Importer(815301076,1909f56bfc062723c751e8b465ee728b)
Start importing Assets/Models/Models/naturePack_047.obj using Guid(9eb9b483bdd519b4985f4a18ee6f2f0b) Importer(815301076,1909f56bfc062723c751e8b465ee728b)  -> (artifact id: 'c8315196efda6417a2c7a412c290f77d') in 0.037655 seconds 
========================================================================
Received Import Request.
  Time since last request: 0.000036 seconds.
  path: Assets/Models/Models/naturePack_071.obj
  artifactKey: Guid(5b43fdbab2f23674e869a41a9318ca5e) Importer(815301076,1909f56bfc062723c751e8b465ee728b)
Start importing Assets/Models/Models/naturePack_071.obj using Guid(5b43fdbab2f23674e869a41a9318ca5e) Importer(815301076,1909f56bfc062723c751e8b465ee728b)  -> (artifact id: '21a6b79d6b977b62ae88efeda1feb54d') in 0.047647 seconds 
========================================================================
Received Import Request.
  Time since last request: 0.000055 seconds.
  path: Assets/Models/Models/naturePack_085.obj
  artifactKey: Guid(8d3ab1457ed5dd4489e370fa1a743f48) Importer(815301076,1909f56bfc062723c751e8b465ee728b)
Start importing Assets/Models/Models/naturePack_085.obj using Guid(8d3ab1457ed5dd4489e370fa1a743f48) Importer(815301076,1909f56bfc062723c751e8b465ee728b)  -> (artifact id: 'f52d1c403219bcb9bde4d1ebe3028567') in 0.043155 seconds 
========================================================================
Received Import Request.
  Time since last request: 0.000027 seconds.
  path: Assets/Models/Models/naturePack_077.obj
  artifactKey: Guid(18242b4dd022bd847a51a7e9f87e7aea) Importer(815301076,1909f56bfc062723c751e8b465ee728b)
Start importing Assets/Models/Models/naturePack_077.obj using Guid(18242b4dd022bd847a51a7e9f87e7aea) Importer(815301076,1909f56bfc062723c751e8b465ee728b)  -> (artifact id: '5c3352358d28bc4342690388d0a42703') in 0.038424 seconds 
========================================================================
Received Import Request.
  Time since last request: 0.000050 seconds.
  path: Assets/Models/Models/naturePack_084.obj
  artifactKey: Guid(68a13d2443efec04fae2b922aeb7811e) Importer(815301076,1909f56bfc062723c751e8b465ee728b)
Start importing Assets/Models/Models/naturePack_084.obj using Guid(68a13d2443efec04fae2b922aeb7811e) Importer(815301076,1909f56bfc062723c751e8b465ee728b)  -> (artifact id: '8cd12cee72e52da9eb4791bc301cc5f6') in 0.044362 seconds 
========================================================================
Received Import Request.
  Time since last request: 0.000026 seconds.
  path: Assets/Models/Models/naturePack_083.obj
  artifactKey: Guid(836a3c6d1ced6a440abd096f16ce69fc) Importer(815301076,1909f56bfc062723c751e8b465ee728b)
Start importing Assets/Models/Models/naturePack_083.obj using Guid(836a3c6d1ced6a440abd096f16ce69fc) Importer(815301076,1909f56bfc062723c751e8b465ee728b)  -> (artifact id: 'f87d130cc9a432a133ee96d07fae561e') in 0.046702 seconds 
========================================================================
Received Import Request.
  Time since last request: 0.000036 seconds.
  path: Assets/Models/Models/naturePack_087.obj
  artifactKey: Guid(2b8a1c26d8e7d7448926526770a5476e) Importer(815301076,1909f56bfc062723c751e8b465ee728b)
Start importing Assets/Models/Models/naturePack_087.obj using Guid(2b8a1c26d8e7d7448926526770a5476e) Importer(815301076,1909f56bfc062723c751e8b465ee728b)  -> (artifact id: 'dcc70a03671726c65be2acc1a9d3279b') in 0.040533 seconds 
========================================================================
Received Import Request.
  Time since last request: 0.000064 seconds.
  path: Assets/Models/Models/naturePack_093.obj
  artifactKey: Guid(da8702384a6a5c4478decb64468648fc) Importer(815301076,1909f56bfc062723c751e8b465ee728b)
Start importing Assets/Models/Models/naturePack_093.obj using Guid(da8702384a6a5c4478decb64468648fc) Importer(815301076,1909f56bfc062723c751e8b465ee728b)  -> (artifact id: 'ad45bfea3464b8e3bbce61bf3d69cfe3') in 0.048595 seconds 
========================================================================
Received Import Request.
  Time since last request: 0.000041 seconds.
  path: Assets/Models/Models/naturePack_102.obj
  artifactKey: Guid(2b2a2d6e288af2143a998b2be447534f) Importer(815301076,1909f56bfc062723c751e8b465ee728b)
Start importing Assets/Models/Models/naturePack_102.obj using Guid(2b2a2d6e288af2143a998b2be447534f) Importer(815301076,1909f56bfc062723c751e8b465ee728b)  -> (artifact id: '3f1ea74b59099cb4aae96c61130a08d5') in 0.036283 seconds 
========================================================================
Received Import Request.
  Time since last request: 0.000026 seconds.
  path: Assets/Models/Models/naturePack_126.obj
  artifactKey: Guid(7c41eead529902c4da6a93134be4fab0) Importer(815301076,1909f56bfc062723c751e8b465ee728b)
Start importing Assets/Models/Models/naturePack_126.obj using Guid(7c41eead529902c4da6a93134be4fab0) Importer(815301076,1909f56bfc062723c751e8b465ee728b)  -> (artifact id: '03a4c3f85f3dbc997fb960daa3ebd099') in 0.043812 seconds 
========================================================================
Received Import Request.
  Time since last request: 0.000095 seconds.
  path: Assets/Models/Models/naturePack_128.obj
  artifactKey: Guid(5b07a0d145eaba849aa413636c56beb5) Importer(815301076,1909f56bfc062723c751e8b465ee728b)
Start importing Assets/Models/Models/naturePack_128.obj using Guid(5b07a0d145eaba849aa413636c56beb5) Importer(815301076,1909f56bfc062723c751e8b465ee728b)  -> (artifact id: 'd64b0a588dfa5bac6128ada4bd416a93') in 0.039316 seconds 
========================================================================
Received Import Request.
  Time since last request: 0.000047 seconds.
  path: Assets/Models/Models/naturePack_104.obj
  artifactKey: Guid(e529c41f1fb9dde4ab54e9343d192221) Importer(815301076,1909f56bfc062723c751e8b465ee728b)
Start importing Assets/Models/Models/naturePack_104.obj using Guid(e529c41f1fb9dde4ab54e9343d192221) Importer(815301076,1909f56bfc062723c751e8b465ee728b)  -> (artifact id: '9213e35204682233c2278672ed3c7eb4') in 0.035853 seconds 
========================================================================
Received Import Request.
  Time since last request: 0.000031 seconds.
  path: Assets/Models/Models/naturePack_099.obj
  artifactKey: Guid(0957a8be4cc87ec448c54c38141718e2) Importer(815301076,1909f56bfc062723c751e8b465ee728b)
Start importing Assets/Models/Models/naturePack_099.obj using Guid(0957a8be4cc87ec448c54c38141718e2) Importer(815301076,1909f56bfc062723c751e8b465ee728b)  -> (artifact id: '669b36ad2bbd35de954b901df67b3492') in 0.044346 seconds 
========================================================================
Received Import Request.
  Time since last request: 0.000058 seconds.
  path: Assets/Models/Models/naturePack_115.obj
  artifactKey: Guid(01f07a8cc92ed0044b329f7ecdb50d6b) Importer(815301076,1909f56bfc062723c751e8b465ee728b)
Start importing Assets/Models/Models/naturePack_115.obj using Guid(01f07a8cc92ed0044b329f7ecdb50d6b) Importer(815301076,1909f56bfc062723c751e8b465ee728b)  -> (artifact id: 'b5053c515c5eeb83668005b682e77747') in 0.042057 seconds 
========================================================================
Received Import Request.
  Time since last request: 0.000025 seconds.
  path: Assets/Models/Models/naturePack_125.obj
  artifactKey: Guid(9de33d3ddbda94c4bbd17b16a0580959) Importer(815301076,1909f56bfc062723c751e8b465ee728b)
Start importing Assets/Models/Models/naturePack_125.obj using Guid(9de33d3ddbda94c4bbd17b16a0580959) Importer(815301076,1909f56bfc062723c751e8b465ee728b)  -> (artifact id: '8f71af6293d71a5211c485ec31ebf7b5') in 0.054071 seconds 
========================================================================
Received Import Request.
  Time since last request: 0.000041 seconds.
  path: Assets/Models/Models/naturePack_139.obj
  artifactKey: Guid(b8b732efa9720be48a3d73fc90bb3bc8) Importer(815301076,1909f56bfc062723c751e8b465ee728b)
Start importing Assets/Models/Models/naturePack_139.obj using Guid(b8b732efa9720be48a3d73fc90bb3bc8) Importer(815301076,1909f56bfc062723c751e8b465ee728b)  -> (artifact id: '94eca6ef7bbf8be2b206e268acab8d6e') in 0.045095 seconds 
========================================================================
Received Import Request.
  Time since last request: 0.000057 seconds.
  path: Assets/Models/Models/naturePack_146.obj
  artifactKey: Guid(4afc33f4562e57045902f9ea96964432) Importer(815301076,1909f56bfc062723c751e8b465ee728b)
Start importing Assets/Models/Models/naturePack_146.obj using Guid(4afc33f4562e57045902f9ea96964432) Importer(815301076,1909f56bfc062723c751e8b465ee728b)  -> (artifact id: '9bb8c70f503fe4eaa7d2a77c4ce0fd47') in 0.046018 seconds 
========================================================================
Received Import Request.
  Time since last request: 0.000062 seconds.
  path: Assets/Models/Models/naturePack_148.obj
  artifactKey: Guid(10daddead8ef3bb42bcf9d735a0c757d) Importer(815301076,1909f56bfc062723c751e8b465ee728b)
Start importing Assets/Models/Models/naturePack_148.obj using Guid(10daddead8ef3bb42bcf9d735a0c757d) Importer(815301076,1909f56bfc062723c751e8b465ee728b)  -> (artifact id: '1f11421062571cabc24329b3ed04425c') in 0.044109 seconds 
========================================================================
Received Import Request.
  Time since last request: 0.000033 seconds.
  path: Assets/Models/Models/naturePack_162.obj
  artifactKey: Guid(162a3a19b7a5899419a0df4230f9f029) Importer(815301076,1909f56bfc062723c751e8b465ee728b)
Start importing Assets/Models/Models/naturePack_162.obj using Guid(162a3a19b7a5899419a0df4230f9f029) Importer(815301076,1909f56bfc062723c751e8b465ee728b)  -> (artifact id: '9d0bd0849e0a5bbe24f9f26ec85a7d56') in 0.038191 seconds 
========================================================================
Received Import Request.
  Time since last request: 0.000025 seconds.
  path: Assets/Models/Models/naturePack_149.obj
  artifactKey: Guid(4ae2b22e22f28ed48becc40bf182b948) Importer(815301076,1909f56bfc062723c751e8b465ee728b)
Start importing Assets/Models/Models/naturePack_149.obj using Guid(4ae2b22e22f28ed48becc40bf182b948) Importer(815301076,1909f56bfc062723c751e8b465ee728b)  -> (artifact id: '6d7fdda3932de8ed0874929cef57a97c') in 0.041263 seconds 
========================================================================
Received Import Request.
  Time since last request: 0.000022 seconds.
  path: Assets/Models/Models/naturePack_153.obj
  artifactKey: Guid(ffef807643f577145991729b2d1c4b4f) Importer(815301076,1909f56bfc062723c751e8b465ee728b)
Start importing Assets/Models/Models/naturePack_153.obj using Guid(ffef807643f577145991729b2d1c4b4f) Importer(815301076,1909f56bfc062723c751e8b465ee728b)  -> (artifact id: 'f2891457c68df38bc7738cc3e724368e') in 0.034864 seconds 
========================================================================
Received Import Request.
  Time since last request: 0.000022 seconds.
  path: Assets/Models/Models/naturePack_101.obj
  artifactKey: Guid(bb00cb346ff22a640aaba16a446bc347) Importer(815301076,1909f56bfc062723c751e8b465ee728b)
Start importing Assets/Models/Models/naturePack_101.obj using Guid(bb00cb346ff22a640aaba16a446bc347) Importer(815301076,1909f56bfc062723c751e8b465ee728b)  -> (artifact id: '18866aea1ce7e0f42cec8c5a3384e0eb') in 0.043776 seconds 
========================================================================
Received Import Request.
  Time since last request: 0.000036 seconds.
  path: Assets/Models/Models/naturePack_171.obj
  artifactKey: Guid(b86844a450ddbdd4b94185b28047c059) Importer(815301076,1909f56bfc062723c751e8b465ee728b)
Start importing Assets/Models/Models/naturePack_171.obj using Guid(b86844a450ddbdd4b94185b28047c059) Importer(815301076,1909f56bfc062723c751e8b465ee728b)  -> (artifact id: '7156b6f333177e05391e0d1f1b40cd06') in 0.039355 seconds 
========================================================================
Received Import Request.
  Time since last request: 0.000027 seconds.
  path: Assets/Models/Models/naturePack_flat_001.obj
  artifactKey: Guid(76273abea282b564bb4cbd4a4e5ef5f4) Importer(815301076,1909f56bfc062723c751e8b465ee728b)
Start importing Assets/Models/Models/naturePack_flat_001.obj using Guid(76273abea282b564bb4cbd4a4e5ef5f4) Importer(815301076,1909f56bfc062723c751e8b465ee728b)  -> (artifact id: '7fd7f374e044fbd948e5804c5ca8f698') in 0.039731 seconds 
========================================================================
Received Import Request.
  Time since last request: 0.000029 seconds.
  path: Assets/Models/Models/naturePack_flat_012.obj
  artifactKey: Guid(e015230f67d5a6844820ab4f0a59b82c) Importer(815301076,1909f56bfc062723c751e8b465ee728b)
Start importing Assets/Models/Models/naturePack_flat_012.obj using Guid(e015230f67d5a6844820ab4f0a59b82c) Importer(815301076,1909f56bfc062723c751e8b465ee728b)  -> (artifact id: 'ae22319b8c6ed54f02a33abf360c445e') in 0.065493 seconds 
========================================================================
Received Import Request.
  Time since last request: 0.000025 seconds.
  path: Assets/Models/Models/naturePack_flat_011.obj
  artifactKey: Guid(3d46f84b579e8ed4587177203f76802d) Importer(815301076,1909f56bfc062723c751e8b465ee728b)
Start importing Assets/Models/Models/naturePack_flat_011.obj using Guid(3d46f84b579e8ed4587177203f76802d) Importer(815301076,1909f56bfc062723c751e8b465ee728b)  -> (artifact id: 'ee6af28bfe3807544248eacce49213a9') in 0.086808 seconds 
========================================================================
Received Import Request.
  Time since last request: 0.000041 seconds.
  path: Assets/Models/Models/naturePack_flat_005.obj
  artifactKey: Guid(862edb0feecdab841b6c97b3388665ee) Importer(815301076,1909f56bfc062723c751e8b465ee728b)
Start importing Assets/Models/Models/naturePack_flat_005.obj using Guid(862edb0feecdab841b6c97b3388665ee) Importer(815301076,1909f56bfc062723c751e8b465ee728b)  -> (artifact id: '2f1c650c94fa6994d10e2706bdb51e6c') in 0.095507 seconds 
========================================================================
Received Import Request.
  Time since last request: 0.000051 seconds.
  path: Assets/Models/Models/naturePack_138.obj
  artifactKey: Guid(60b25d6e98f1b534a9fd58e03a636905) Importer(815301076,1909f56bfc062723c751e8b465ee728b)
Start importing Assets/Models/Models/naturePack_138.obj using Guid(60b25d6e98f1b534a9fd58e03a636905) Importer(815301076,1909f56bfc062723c751e8b465ee728b)  -> (artifact id: '0737479bc9fcc7eeccf3d07cbe896ff0') in 0.043354 seconds 
========================================================================
Received Import Request.
  Time since last request: 0.000028 seconds.
  path: Assets/Models/Models/naturePack_134.obj
  artifactKey: Guid(c2a9350618868c743a6fd8a892d7ef9a) Importer(815301076,1909f56bfc062723c751e8b465ee728b)
Start importing Assets/Models/Models/naturePack_134.obj using Guid(c2a9350618868c743a6fd8a892d7ef9a) Importer(815301076,1909f56bfc062723c751e8b465ee728b)  -> (artifact id: '299ff0c91fdf77c055f7005679d5bf4e') in 0.031836 seconds 
========================================================================
Received Import Request.
  Time since last request: 0.000043 seconds.
  path: Assets/Models/Models/naturePack_120.obj
  artifactKey: Guid(ec80d5a1914aa384c997854bb89d0153) Importer(815301076,1909f56bfc062723c751e8b465ee728b)
Start importing Assets/Models/Models/naturePack_120.obj using Guid(ec80d5a1914aa384c997854bb89d0153) Importer(815301076,1909f56bfc062723c751e8b465ee728b)  -> (artifact id: '8db9488daa70f6a8491b5fedc07c0161') in 0.038746 seconds 
========================================================================
Received Import Request.
  Time since last request: 0.000026 seconds.
  path: Assets/Models/Models/naturePack_051.obj
  artifactKey: Guid(f3afb361d5e4e1a42a8a5ccd53c0e43b) Importer(815301076,1909f56bfc062723c751e8b465ee728b)
Start importing Assets/Models/Models/naturePack_051.obj using Guid(f3afb361d5e4e1a42a8a5ccd53c0e43b) Importer(815301076,1909f56bfc062723c751e8b465ee728b)  -> (artifact id: 'eef22281b677667cd9f59a58c1f94dd5') in 0.042444 seconds 
========================================================================
Received Import Request.
  Time since last request: 0.000065 seconds.
  path: Assets/Models/Models/naturePack_124.obj
  artifactKey: Guid(90f762bc5b451514999937f073b3e45c) Importer(815301076,1909f56bfc062723c751e8b465ee728b)
Start importing Assets/Models/Models/naturePack_124.obj using Guid(90f762bc5b451514999937f073b3e45c) Importer(815301076,1909f56bfc062723c751e8b465ee728b)  -> (artifact id: '60ab10ac430f8b14e38409dd58073cf8') in 0.038039 seconds 
========================================================================
Received Import Request.
  Time since last request: 0.000085 seconds.
  path: Assets/Models/Models/naturePack_060.obj
  artifactKey: Guid(142dfa07c0a3f534a94238cd9e627f4d) Importer(815301076,1909f56bfc062723c751e8b465ee728b)
Start importing Assets/Models/Models/naturePack_060.obj using Guid(142dfa07c0a3f534a94238cd9e627f4d) Importer(815301076,1909f56bfc062723c751e8b465ee728b)  -> (artifact id: '363cb5eb631afb476433c578287d8cb4') in 0.039866 seconds 
========================================================================
Received Import Request.
  Time since last request: 7.865228 seconds.
  path: Assets/Materials/Skyboxes/Skyboxes
  artifactKey: Guid(c130f5e5b12752b41a3ca95f11a49efd) Importer(815301076,1909f56bfc062723c751e8b465ee728b)
Start importing Assets/Materials/Skyboxes/Skyboxes using Guid(c130f5e5b12752b41a3ca95f11a49efd) Importer(815301076,1909f56bfc062723c751e8b465ee728b)  -> (artifact id: '50549f4da050c0c1dd0bf34c7d03253f') in 0.005204 seconds 
========================================================================
Received Prepare
Registering precompiled user dll's ...
Registered in 0.004251 seconds.
Begin MonoManager ReloadAssembly
Symbol file LoadedFromMemory doesn't match image C:\Users\earth\Specialization\holbertonschool-unity\0x00-unity-assets_models_textures\Library\PackageCache\com.unity.visualscripting@1.7.8\Editor\VisualScripting.Core\Dependencies\YamlDotNet\Unity.VisualScripting.YamlDotNet.dll
Symbol file LoadedFromMemory doesn't match image C:\Users\earth\Specialization\holbertonschool-unity\0x00-unity-assets_models_textures\Library\PackageCache\com.unity.visualscripting@1.7.8\Editor\VisualScripting.Core\Dependencies\DotNetZip\Unity.VisualScripting.IonicZip.dll
Native extension for UWP target not found
Native extension for LinuxStandalone target not found
Native extension for WindowsStandalone target not found
Native extension for iOS target not found
Native extension for Android target not found
Refreshing native plugins compatible for Editor in 1.30 ms, found 4 plugins.
Preloading 0 native plugins for Editor in 0.00 ms.
Mono: successfully reloaded assembly
- Completed reload, in  0.961 seconds
Domain Reload Profiling:
	ReloadAssembly (962ms)
		BeginReloadAssembly (123ms)
			ExecutionOrderSort (0ms)
			DisableScriptedObjects (3ms)
			BackupInstance (0ms)
			ReleaseScriptingObjects (0ms)
			CreateAndSetChildDomain (48ms)
		EndReloadAssembly (742ms)
			LoadAssemblies (68ms)
			RebuildTransferFunctionScriptingTraits (0ms)
			SetupTypeCache (215ms)
			ReleaseScriptCaches (3ms)
			RebuildScriptCaches (56ms)
			SetupLoadedEditorAssemblies (356ms)
				LogAssemblyErrors (0ms)
				InitializePlatformSupportModulesInManaged (33ms)
				SetLoadedEditorAssemblies (0ms)
				RefreshPlugins (1ms)
				BeforeProcessingInitializeOnLoad (62ms)
				ProcessInitializeOnLoadAttributes (225ms)
				ProcessInitializeOnLoadMethodAttributes (29ms)
				AfterProcessingInitializeOnLoad (5ms)
				EditorAssembliesLoaded (0ms)
			ExecutionOrderSort2 (0ms)
			AwakeInstancesAfterBackupRestoration (6ms)
Platform modules already initialized, skipping
Refreshing native plugins compatible for Editor in 3.21 ms, found 4 plugins.
Preloading 0 native plugins for Editor in 0.00 ms.
Unloading 3710 Unused Serialized files (Serialized files now loaded: 0)
Unloading 47 unused Assets / (2.0 MB). Loaded Objects now: 4244.
Memory consumption went from 142.8 MB to 140.8 MB.
Total: 4.974200 ms (FindLiveObjects: 0.353900 ms CreateObjectMapping: 0.295900 ms MarkObjects: 3.060800 ms  DeleteObjects: 1.261700 ms)

AssetImportParameters requested are different than current active one (requested -> active):
  custom:video-decoder-ogg-theora: a1e56fd34408186e4bbccfd4996cb3dc -> 
  custom:container-muxer-webm: aa71ff27fc2769a1b78a27578f13a17b -> 
  custom:container-demuxer-webm: 4f35f7cbe854078d1ac9338744f61a02 -> 
  custom:video-encoder-webm-vp8: eb34c28f22e8b96e1ab97ce403110664 -> 
  custom:video-codec-MediaFoundation-h265: 746d11721c4dcdbdad8f713fa42b33f4 -> 
  custom:audio-encoder-webm-vorbis: bf7c407c2cedff20999df2af8eb42d56 -> 
  custom:framework-win-MediaFoundation: 216162199b28c13a410421893ffa2e32 -> 
  custom:container-demuxer-ogg: 62fdf1f143b41e24485cea50d1cbac27 -> 
  custom:video-decoder-webm-vp8: 9c59270c3fd7afecdb556c50c9e8de78 -> 
  custom:audio-decoder-ogg-vorbis: bf7c407c2cedff20999df2af8eb42d56 -> 
