Using pre-set license
Built from '2021.3/staging' branch; Version is '2021.3.11f1 (0a5ca18544bf) revision 679073'; Using compiler version '192829333'; Build Type 'Release'
OS: 'Windows 11  (10.0.22621) 64bit Core' Language: 'en' Physical Memory: 16061 MB
BatchMode: 1, IsHumanControllingUs: 0, StartBugReporterOnCrash: 0, Is64bit: 1, IsPro: 1

COMMAND LINE ARGUMENTS:
C:\Program Files\Unity\Hub\Editor\2021.3.11f1\Editor\Unity.exe
-adb2
-batchMode
-noUpm
-name
AssetImportWorker1
-projectPath
C:/Users/earth/Specialization/holbertonschool-unity/0x00-unity-assets_models_textures
-logFile
Logs/AssetImportWorker1.log
-srvPort
53976
Successfully changed project path to: C:/Users/earth/Specialization/holbertonschool-unity/0x00-unity-assets_models_textures
C:/Users/earth/Specialization/holbertonschool-unity/0x00-unity-assets_models_textures
[UnityMemory] Configuration Parameters - Can be set up in boot.config
    "memorysetup-bucket-allocator-granularity=16"
    "memorysetup-bucket-allocator-bucket-count=8"
    "memorysetup-bucket-allocator-block-size=33554432"
    "memorysetup-bucket-allocator-block-count=8"
    "memorysetup-main-allocator-block-size=16777216"
    "memorysetup-thread-allocator-block-size=16777216"
    "memorysetup-gfx-main-allocator-block-size=16777216"
    "memorysetup-gfx-thread-allocator-block-size=16777216"
    "memorysetup-cache-allocator-block-size=4194304"
    "memorysetup-typetree-allocator-block-size=2097152"
    "memorysetup-profiler-bucket-allocator-granularity=16"
    "memorysetup-profiler-bucket-allocator-bucket-count=8"
    "memorysetup-profiler-bucket-allocator-block-size=33554432"
    "memorysetup-profiler-bucket-allocator-block-count=8"
    "memorysetup-profiler-allocator-block-size=16777216"
    "memorysetup-profiler-editor-allocator-block-size=1048576"
    "memorysetup-temp-allocator-size-main=16777216"
    "memorysetup-job-temp-allocator-block-size=2097152"
    "memorysetup-job-temp-allocator-block-size-background=1048576"
    "memorysetup-job-temp-allocator-reduction-small-platforms=262144"
    "memorysetup-temp-allocator-size-background-worker=32768"
    "memorysetup-temp-allocator-size-job-worker=262144"
    "memorysetup-temp-allocator-size-preload-manager=33554432"
    "memorysetup-temp-allocator-size-nav-mesh-worker=65536"
    "memorysetup-temp-allocator-size-audio-worker=65536"
    "memorysetup-temp-allocator-size-cloud-worker=32768"
    "memorysetup-temp-allocator-size-gi-baking-worker=262144"
    "memorysetup-temp-allocator-size-gfx=262144"
Refreshing native plugins compatible for Editor in 165.17 ms, found 4 plugins.
Preloading 0 native plugins for Editor in 0.00 ms.
Initialize engine version: 2021.3.11f1 (0a5ca18544bf)
[Subsystems] Discovering subsystems at path C:/Program Files/Unity/Hub/Editor/2021.3.11f1/Editor/Data/Resources/UnitySubsystems
[Subsystems] Discovering subsystems at path C:/Users/earth/Specialization/holbertonschool-unity/0x00-unity-assets_models_textures/Assets
GfxDevice: creating device client; threaded=0; jobified=0
Direct3D:
    Version:  Direct3D 11.0 [level 11.1]
    Renderer: NVIDIA GeForce RTX 3060 Laptop GPU (ID=0x2520)
    Vendor:   NVIDIA
    VRAM:     6023 MB
    Driver:   30.0.15.1278
Initialize mono
Mono path[0] = 'C:/Program Files/Unity/Hub/Editor/2021.3.11f1/Editor/Data/Managed'
Mono path[1] = 'C:/Program Files/Unity/Hub/Editor/2021.3.11f1/Editor/Data/MonoBleedingEdge/lib/mono/unityjit-win32'
Mono config path = 'C:/Program Files/Unity/Hub/Editor/2021.3.11f1/Editor/Data/MonoBleedingEdge/etc'
Using monoOptions --debugger-agent=transport=dt_socket,embedding=1,server=y,suspend=n,address=127.0.0.1:56344
Begin MonoManager ReloadAssembly
Registering precompiled unity dll's ...
Register platform support module: C:/Program Files/Unity/Hub/Editor/2021.3.11f1/Editor/Data/PlaybackEngines/AndroidPlayer/UnityEditor.Android.Extensions.dll
Register platform support module: C:/Program Files/Unity/Hub/Editor/2021.3.11f1/Editor/Data/PlaybackEngines/iOSSupport/UnityEditor.iOS.Extensions.dll
Register platform support module: C:/Program Files/Unity/Hub/Editor/2021.3.11f1/Editor/Data/PlaybackEngines/WindowsStandaloneSupport/UnityEditor.WindowsStandalone.Extensions.dll
Register platform support module: C:/Program Files/Unity/Hub/Editor/2021.3.11f1/Editor/Data/PlaybackEngines/LinuxStandaloneSupport/UnityEditor.LinuxStandalone.Extensions.dll
Register platform support module: C:/Program Files/Unity/Hub/Editor/2021.3.11f1/Editor/Data/PlaybackEngines/MetroSupport/UnityEditor.UWP.Extensions.dll
Registered in 0.009017 seconds.
Native extension for UWP target not found
Native extension for LinuxStandalone target not found
Native extension for WindowsStandalone target not found
[usbmuxd] Start listen thread
[usbmuxd] Listen thread started
Native extension for iOS target not found
Native extension for Android target not found
Refreshing native plugins compatible for Editor in 125.21 ms, found 4 plugins.
Preloading 0 native plugins for Editor in 0.00 ms.
Mono: successfully reloaded assembly
- Completed reload, in  0.941 seconds
Domain Reload Profiling:
	ReloadAssembly (942ms)
		BeginReloadAssembly (87ms)
			ExecutionOrderSort (0ms)
			DisableScriptedObjects (0ms)
			BackupInstance (0ms)
			ReleaseScriptingObjects (0ms)
			CreateAndSetChildDomain (1ms)
		EndReloadAssembly (722ms)
			LoadAssemblies (86ms)
			RebuildTransferFunctionScriptingTraits (0ms)
			SetupTypeCache (176ms)
			ReleaseScriptCaches (0ms)
			RebuildScriptCaches (36ms)
			SetupLoadedEditorAssemblies (450ms)
				LogAssemblyErrors (0ms)
				InitializePlatformSupportModulesInManaged (109ms)
				SetLoadedEditorAssemblies (0ms)
				RefreshPlugins (125ms)
				BeforeProcessingInitializeOnLoad (2ms)
				ProcessInitializeOnLoadAttributes (147ms)
				ProcessInitializeOnLoadMethodAttributes (67ms)
				AfterProcessingInitializeOnLoad (0ms)
				EditorAssembliesLoaded (0ms)
			ExecutionOrderSort2 (0ms)
			AwakeInstancesAfterBackupRestoration (0ms)
Platform modules already initialized, skipping
Registering precompiled user dll's ...
Registered in 0.006995 seconds.
Begin MonoManager ReloadAssembly
Symbol file LoadedFromMemory doesn't match image C:\Users\earth\Specialization\holbertonschool-unity\0x00-unity-assets_models_textures\Library\PackageCache\com.unity.visualscripting@1.7.8\Editor\VisualScripting.Core\Dependencies\YamlDotNet\Unity.VisualScripting.YamlDotNet.dll
Symbol file LoadedFromMemory doesn't match image C:\Users\earth\Specialization\holbertonschool-unity\0x00-unity-assets_models_textures\Library\PackageCache\com.unity.visualscripting@1.7.8\Editor\VisualScripting.Core\Dependencies\DotNetZip\Unity.VisualScripting.IonicZip.dll
Native extension for UWP target not found
Native extension for LinuxStandalone target not found
Native extension for WindowsStandalone target not found
Native extension for iOS target not found
Native extension for Android target not found
Refreshing native plugins compatible for Editor in 1.06 ms, found 4 plugins.
Preloading 0 native plugins for Editor in 0.00 ms.
Mono: successfully reloaded assembly
- Completed reload, in  1.909 seconds
Domain Reload Profiling:
	ReloadAssembly (1910ms)
		BeginReloadAssembly (345ms)
			ExecutionOrderSort (0ms)
			DisableScriptedObjects (12ms)
			BackupInstance (0ms)
			ReleaseScriptingObjects (0ms)
			CreateAndSetChildDomain (164ms)
		EndReloadAssembly (1402ms)
			LoadAssemblies (131ms)
			RebuildTransferFunctionScriptingTraits (0ms)
			SetupTypeCache (430ms)
			ReleaseScriptCaches (1ms)
			RebuildScriptCaches (139ms)
			SetupLoadedEditorAssemblies (609ms)
				LogAssemblyErrors (0ms)
				InitializePlatformSupportModulesInManaged (47ms)
				SetLoadedEditorAssemblies (1ms)
				RefreshPlugins (1ms)
				BeforeProcessingInitializeOnLoad (153ms)
				ProcessInitializeOnLoadAttributes (360ms)
				ProcessInitializeOnLoadMethodAttributes (42ms)
				AfterProcessingInitializeOnLoad (6ms)
				EditorAssembliesLoaded (0ms)
			ExecutionOrderSort2 (0ms)
			AwakeInstancesAfterBackupRestoration (11ms)
Platform modules already initialized, skipping
========================================================================
Worker process is ready to serve import requests
Launched and connected shader compiler UnityShaderCompiler.exe after 0.09 seconds
Refreshing native plugins compatible for Editor in 1.25 ms, found 4 plugins.
Preloading 0 native plugins for Editor in 0.00 ms.
Unloading 3758 Unused Serialized files (Serialized files now loaded: 0)
Unloading 66 unused Assets / (2.0 MB). Loaded Objects now: 4192.
Memory consumption went from 140.9 MB to 138.9 MB.
Total: 4.971500 ms (FindLiveObjects: 0.670500 ms CreateObjectMapping: 0.258000 ms MarkObjects: 3.419100 ms  DeleteObjects: 0.622600 ms)

AssetImportParameters requested are different than current active one (requested -> active):
  custom:video-decoder-ogg-theora: a1e56fd34408186e4bbccfd4996cb3dc -> 
  custom:container-muxer-webm: aa71ff27fc2769a1b78a27578f13a17b -> 
  custom:container-demuxer-webm: 4f35f7cbe854078d1ac9338744f61a02 -> 
  custom:video-encoder-webm-vp8: eb34c28f22e8b96e1ab97ce403110664 -> 
  custom:video-codec-MediaFoundation-h265: 746d11721c4dcdbdad8f713fa42b33f4 -> 
  custom:audio-encoder-webm-vorbis: bf7c407c2cedff20999df2af8eb42d56 -> 
  custom:framework-win-MediaFoundation: 216162199b28c13a410421893ffa2e32 -> 
  custom:container-demuxer-ogg: 62fdf1f143b41e24485cea50d1cbac27 -> 
  custom:video-decoder-webm-vp8: 9c59270c3fd7afecdb556c50c9e8de78 -> 
  custom:audio-decoder-ogg-vorbis: bf7c407c2cedff20999df2af8eb42d56 -> 
========================================================================
Received Import Request.
  Time since last request: 170375.779877 seconds.
  path: Assets/Nature pack extended/naturePack_081.obj
  artifactKey: Guid(10d21ba58efd4c842b24b7e852776e53) Importer(815301076,1909f56bfc062723c751e8b465ee728b)
Start importing Assets/Nature pack extended/naturePack_081.obj using Guid(10d21ba58efd4c842b24b7e852776e53) Importer(815301076,1909f56bfc062723c751e8b465ee728b)  -> (artifact id: 'bb6534f8207cbec1318b30371ee104b5') in 0.229055 seconds 
========================================================================
Received Import Request.
  Time since last request: 0.000025 seconds.
  path: Assets/Nature pack extended/naturePack_080.obj
  artifactKey: Guid(c7a59bf400668ca49b2d9ecc3a0771e4) Importer(815301076,1909f56bfc062723c751e8b465ee728b)
Start importing Assets/Nature pack extended/naturePack_080.obj using Guid(c7a59bf400668ca49b2d9ecc3a0771e4) Importer(815301076,1909f56bfc062723c751e8b465ee728b)  -> (artifact id: 'dc40b41ae27215983eecc2b6dd37b848') in 0.080882 seconds 
========================================================================
Received Import Request.
  Time since last request: 0.000113 seconds.
  path: Assets/Nature pack extended/naturePack_010.obj
  artifactKey: Guid(0779e5d1277806848b714d6a6f32c6c6) Importer(815301076,1909f56bfc062723c751e8b465ee728b)
Start importing Assets/Nature pack extended/naturePack_010.obj using Guid(0779e5d1277806848b714d6a6f32c6c6) Importer(815301076,1909f56bfc062723c751e8b465ee728b)  -> (artifact id: '9a18a184775d2045d88135d2c2d7c63b') in 0.101651 seconds 
========================================================================
Received Import Request.
  Time since last request: 0.000061 seconds.
  path: Assets/Nature pack extended/naturePack_082.obj
  artifactKey: Guid(7d5b93c0def86cd4b95a692808f5183a) Importer(815301076,1909f56bfc062723c751e8b465ee728b)
Start importing Assets/Nature pack extended/naturePack_082.obj using Guid(7d5b93c0def86cd4b95a692808f5183a) Importer(815301076,1909f56bfc062723c751e8b465ee728b)  -> (artifact id: 'c5d776bf73c27c10ad2701635a52bfbc') in 0.076984 seconds 
========================================================================
Received Import Request.
  Time since last request: 0.000052 seconds.
  path: Assets/Nature pack extended/naturePack_094.obj
  artifactKey: Guid(fb5409f8b8c348c4b8a8c012558e9df8) Importer(815301076,1909f56bfc062723c751e8b465ee728b)
Start importing Assets/Nature pack extended/naturePack_094.obj using Guid(fb5409f8b8c348c4b8a8c012558e9df8) Importer(815301076,1909f56bfc062723c751e8b465ee728b)  -> (artifact id: '3caf2241c3509e69e47a6b174a8dea04') in 0.113573 seconds 
========================================================================
Received Import Request.
  Time since last request: 0.000057 seconds.
  path: Assets/Nature pack extended/naturePack_034.obj
  artifactKey: Guid(c3b2be10858a8924aab5540799907876) Importer(815301076,1909f56bfc062723c751e8b465ee728b)
Start importing Assets/Nature pack extended/naturePack_034.obj using Guid(c3b2be10858a8924aab5540799907876) Importer(815301076,1909f56bfc062723c751e8b465ee728b)  -> (artifact id: '6f171388eecbd5b5a5119a5544d6dd18') in 0.103823 seconds 
========================================================================
Received Import Request.
  Time since last request: 0.000029 seconds.
  path: Assets/Nature pack extended/naturePack_013.obj
  artifactKey: Guid(798fbd8e40ae08946840d1acddba5cef) Importer(815301076,1909f56bfc062723c751e8b465ee728b)
Start importing Assets/Nature pack extended/naturePack_013.obj using Guid(798fbd8e40ae08946840d1acddba5cef) Importer(815301076,1909f56bfc062723c751e8b465ee728b)  -> (artifact id: 'e5cf246bc3ade9baa1be6dcd88b7a75a') in 0.098666 seconds 
========================================================================
Received Import Request.
  Time since last request: 0.000036 seconds.
  path: Assets/Nature pack extended/naturePack_008.obj
  artifactKey: Guid(652c9245689d47047968c2020f300db3) Importer(815301076,1909f56bfc062723c751e8b465ee728b)
Start importing Assets/Nature pack extended/naturePack_008.obj using Guid(652c9245689d47047968c2020f300db3) Importer(815301076,1909f56bfc062723c751e8b465ee728b)  -> (artifact id: 'aa7c9fb4c2126745a35081fa5fae2fdf') in 0.086006 seconds 
========================================================================
Received Import Request.
  Time since last request: 0.000077 seconds.
  path: Assets/Nature pack extended/naturePack_086.obj
  artifactKey: Guid(b30ca052aede1c34aab2a055d4c942de) Importer(815301076,1909f56bfc062723c751e8b465ee728b)
Start importing Assets/Nature pack extended/naturePack_086.obj using Guid(b30ca052aede1c34aab2a055d4c942de) Importer(815301076,1909f56bfc062723c751e8b465ee728b)  -> (artifact id: '830c15d345dd8587c8f6f7eed73323a6') in 0.075334 seconds 
========================================================================
Received Import Request.
  Time since last request: 0.000062 seconds.
  path: Assets/Nature pack extended/naturePack_014.obj
  artifactKey: Guid(f5469b8d5cb17ab42ad0affdfe745bd0) Importer(815301076,1909f56bfc062723c751e8b465ee728b)
Start importing Assets/Nature pack extended/naturePack_014.obj using Guid(f5469b8d5cb17ab42ad0affdfe745bd0) Importer(815301076,1909f56bfc062723c751e8b465ee728b)  -> (artifact id: '5546c384c9b9a0f5a61a5d38f3f441a0') in 0.070428 seconds 
========================================================================
Received Import Request.
  Time since last request: 0.000045 seconds.
  path: Assets/Nature pack extended/naturePack_019.obj
  artifactKey: Guid(7028cc1249fcee548a99e287c7b22c41) Importer(815301076,1909f56bfc062723c751e8b465ee728b)
Start importing Assets/Nature pack extended/naturePack_019.obj using Guid(7028cc1249fcee548a99e287c7b22c41) Importer(815301076,1909f56bfc062723c751e8b465ee728b)  -> (artifact id: '8941085e94b3a4d225277fd4007d872c') in 0.060110 seconds 
========================================================================
Received Import Request.
  Time since last request: 0.000049 seconds.
  path: Assets/Nature pack extended/naturePack_151.obj
  artifactKey: Guid(6f821c245bbd1bb4dbbee8bf10cc656e) Importer(815301076,1909f56bfc062723c751e8b465ee728b)
Start importing Assets/Nature pack extended/naturePack_151.obj using Guid(6f821c245bbd1bb4dbbee8bf10cc656e) Importer(815301076,1909f56bfc062723c751e8b465ee728b)  -> (artifact id: 'c5a729727cfcac1d206f68a17dc61d39') in 0.076178 seconds 
========================================================================
Received Import Request.
  Time since last request: 0.000037 seconds.
  path: Assets/Nature pack extended/naturePack_059.obj
  artifactKey: Guid(88ac460e0403131478c5e7c869f0091b) Importer(815301076,1909f56bfc062723c751e8b465ee728b)
Start importing Assets/Nature pack extended/naturePack_059.obj using Guid(88ac460e0403131478c5e7c869f0091b) Importer(815301076,1909f56bfc062723c751e8b465ee728b)  -> (artifact id: '079c79911fc3b56e31885806e279d3a5') in 0.083831 seconds 
========================================================================
Received Import Request.
  Time since last request: 0.000118 seconds.
  path: Assets/Nature pack extended/naturePack_108.obj
  artifactKey: Guid(17dbcb11b7464cb4c9ad434b437c3c12) Importer(815301076,1909f56bfc062723c751e8b465ee728b)
Start importing Assets/Nature pack extended/naturePack_108.obj using Guid(17dbcb11b7464cb4c9ad434b437c3c12) Importer(815301076,1909f56bfc062723c751e8b465ee728b)  -> (artifact id: 'ae178e3f218f31bae477cfcb10001a4c') in 0.053633 seconds 
========================================================================
Received Import Request.
  Time since last request: 0.000046 seconds.
  path: Assets/Nature pack extended/naturePack_148.obj
  artifactKey: Guid(da10ec8ec56aab040b31a218ea442378) Importer(815301076,1909f56bfc062723c751e8b465ee728b)
Start importing Assets/Nature pack extended/naturePack_148.obj using Guid(da10ec8ec56aab040b31a218ea442378) Importer(815301076,1909f56bfc062723c751e8b465ee728b)  -> (artifact id: '47ac559b8e8e79a924c69e7690d39354') in 0.078215 seconds 
========================================================================
Received Import Request.
  Time since last request: 0.000113 seconds.
  path: Assets/Nature pack extended/naturePack_164.obj
  artifactKey: Guid(83f4b7293e6baff46ae331c0172ca5bb) Importer(815301076,1909f56bfc062723c751e8b465ee728b)
Start importing Assets/Nature pack extended/naturePack_164.obj using Guid(83f4b7293e6baff46ae331c0172ca5bb) Importer(815301076,1909f56bfc062723c751e8b465ee728b)  -> (artifact id: 'a672f0fd3b6b98e2e6838f1a040de1d0') in 0.066422 seconds 
========================================================================
Received Import Request.
  Time since last request: 0.000111 seconds.
  path: Assets/Nature pack extended/naturePack_065.obj
  artifactKey: Guid(8c6c7c16b3657434593e92af26aa1fff) Importer(815301076,1909f56bfc062723c751e8b465ee728b)
Start importing Assets/Nature pack extended/naturePack_065.obj using Guid(8c6c7c16b3657434593e92af26aa1fff) Importer(815301076,1909f56bfc062723c751e8b465ee728b)  -> (artifact id: '045523cb77a199d1713452e37f2fb0f1') in 0.073745 seconds 
========================================================================
Received Import Request.
  Time since last request: 0.000030 seconds.
  path: Assets/Nature pack extended/naturePack_167.obj
  artifactKey: Guid(21230a74458ba4d43b5c3515ca29b87c) Importer(815301076,1909f56bfc062723c751e8b465ee728b)
Start importing Assets/Nature pack extended/naturePack_167.obj using Guid(21230a74458ba4d43b5c3515ca29b87c) Importer(815301076,1909f56bfc062723c751e8b465ee728b)  -> (artifact id: '8f7484049f3f37f8941e25861a2576c5') in 0.093003 seconds 
========================================================================
Received Import Request.
  Time since last request: 0.000060 seconds.
  path: Assets/Nature pack extended/naturePack_003.obj
  artifactKey: Guid(18ac72f38a44da141b32da447e47f279) Importer(815301076,1909f56bfc062723c751e8b465ee728b)
Start importing Assets/Nature pack extended/naturePack_003.obj using Guid(18ac72f38a44da141b32da447e47f279) Importer(815301076,1909f56bfc062723c751e8b465ee728b)  -> (artifact id: 'dbd0ec4a180e18262c0ae777a4dffe40') in 0.072405 seconds 
========================================================================
Received Import Request.
  Time since last request: 0.000091 seconds.
  path: Assets/Nature pack extended/naturePack_070.obj
  artifactKey: Guid(e542a887ad815e144bb260665eb205bd) Importer(815301076,1909f56bfc062723c751e8b465ee728b)
Start importing Assets/Nature pack extended/naturePack_070.obj using Guid(e542a887ad815e144bb260665eb205bd) Importer(815301076,1909f56bfc062723c751e8b465ee728b)  -> (artifact id: '856e068b9cf8918c2e44575832b34cd4') in 0.068427 seconds 
========================================================================
Received Import Request.
  Time since last request: 0.000177 seconds.
  path: Assets/Nature pack extended/naturePack_016.obj
  artifactKey: Guid(ba7a1193441cf6e4ea78c2ef8a6d52a4) Importer(815301076,1909f56bfc062723c751e8b465ee728b)
Start importing Assets/Nature pack extended/naturePack_016.obj using Guid(ba7a1193441cf6e4ea78c2ef8a6d52a4) Importer(815301076,1909f56bfc062723c751e8b465ee728b)  -> (artifact id: 'bd1b390465a2e3a5abb3b80eb2a59d48') in 0.057405 seconds 
========================================================================
Received Import Request.
  Time since last request: 0.000033 seconds.
  path: Assets/Nature pack extended/naturePack_163.obj
  artifactKey: Guid(85ecba51cca78af44842aa1cee7b5594) Importer(815301076,1909f56bfc062723c751e8b465ee728b)
Start importing Assets/Nature pack extended/naturePack_163.obj using Guid(85ecba51cca78af44842aa1cee7b5594) Importer(815301076,1909f56bfc062723c751e8b465ee728b)  -> (artifact id: '4178fea101eae8212ddfd7160d7fc459') in 0.088487 seconds 
========================================================================
Received Import Request.
  Time since last request: 0.000036 seconds.
  path: Assets/Nature pack extended/naturePack_051.obj
  artifactKey: Guid(bb7af1ff296f4704c85d108c986c7d7c) Importer(815301076,1909f56bfc062723c751e8b465ee728b)
Start importing Assets/Nature pack extended/naturePack_051.obj using Guid(bb7af1ff296f4704c85d108c986c7d7c) Importer(815301076,1909f56bfc062723c751e8b465ee728b)  -> (artifact id: 'f64c43f73b42c5c177eed2075cb192e5') in 0.080546 seconds 
========================================================================
Received Import Request.
  Time since last request: 0.000098 seconds.
  path: Assets/Nature pack extended/naturePack_015.obj
  artifactKey: Guid(65ffdda6e1e28f3458245c40c60ed72b) Importer(815301076,1909f56bfc062723c751e8b465ee728b)
Start importing Assets/Nature pack extended/naturePack_015.obj using Guid(65ffdda6e1e28f3458245c40c60ed72b) Importer(815301076,1909f56bfc062723c751e8b465ee728b)  -> (artifact id: '324941b7f820d7241715877da278377f') in 0.077642 seconds 
========================================================================
Received Import Request.
  Time since last request: 0.000171 seconds.
  path: Assets/Nature pack extended/naturePack_009.obj
  artifactKey: Guid(e49bfd1a5116c0f4a90a8dfcdbba7e20) Importer(815301076,1909f56bfc062723c751e8b465ee728b)
Start importing Assets/Nature pack extended/naturePack_009.obj using Guid(e49bfd1a5116c0f4a90a8dfcdbba7e20) Importer(815301076,1909f56bfc062723c751e8b465ee728b)  -> (artifact id: '39d58e2d2aba618b79139b9c7bae863c') in 0.067361 seconds 
========================================================================
Received Import Request.
  Time since last request: 0.000055 seconds.
  path: Assets/Nature pack extended/naturePack_011.obj
  artifactKey: Guid(191e64aa8fdea5c449c88bda41d648df) Importer(815301076,1909f56bfc062723c751e8b465ee728b)
Start importing Assets/Nature pack extended/naturePack_011.obj using Guid(191e64aa8fdea5c449c88bda41d648df) Importer(815301076,1909f56bfc062723c751e8b465ee728b)  -> (artifact id: 'df53c7369dec93911f2d8085684666a7') in 0.074478 seconds 
Editor requested this worker to shutdown with reason: Scaling down because of idle timeout
AssetImportWorker is now disconnected from the server
Process exiting
Exiting without the bug reporter. Application will terminate with return code 0