Using pre-set license
Built from '2021.3/release' branch; Version is '2021.3.12f1 (8af3c3e441b1) revision 9106371'; Using compiler version '192829333'; Build Type 'Release'
OS: 'Windows 11  (10.0.22621) 64bit Core' Language: 'en' Physical Memory: 16061 MB
BatchMode: 1, IsHumanControllingUs: 0, StartBugReporterOnCrash: 0, Is64bit: 1, IsPro: 1

COMMAND LINE ARGUMENTS:
C:\Program Files\Unity 2021.3.12f1\Editor\Unity.exe
-adb2
-batchMode
-noUpm
-name
AssetImportWorker2
-projectPath
C:/Users/earth/Specialization/holbertonschool-unity/0x00-unity-audio
-logFile
Logs/AssetImportWorker2.log
-srvPort
52223
Successfully changed project path to: C:/Users/earth/Specialization/holbertonschool-unity/0x00-unity-audio
C:/Users/earth/Specialization/holbertonschool-unity/0x00-unity-audio
[UnityMemory] Configuration Parameters - Can be set up in boot.config
    "memorysetup-bucket-allocator-granularity=16"
    "memorysetup-bucket-allocator-bucket-count=8"
    "memorysetup-bucket-allocator-block-size=33554432"
    "memorysetup-bucket-allocator-block-count=8"
    "memorysetup-main-allocator-block-size=16777216"
    "memorysetup-thread-allocator-block-size=16777216"
    "memorysetup-gfx-main-allocator-block-size=16777216"
    "memorysetup-gfx-thread-allocator-block-size=16777216"
    "memorysetup-cache-allocator-block-size=4194304"
    "memorysetup-typetree-allocator-block-size=2097152"
    "memorysetup-profiler-bucket-allocator-granularity=16"
    "memorysetup-profiler-bucket-allocator-bucket-count=8"
    "memorysetup-profiler-bucket-allocator-block-size=33554432"
    "memorysetup-profiler-bucket-allocator-block-count=8"
    "memorysetup-profiler-allocator-block-size=16777216"
    "memorysetup-profiler-editor-allocator-block-size=1048576"
    "memorysetup-temp-allocator-size-main=16777216"
    "memorysetup-job-temp-allocator-block-size=2097152"
    "memorysetup-job-temp-allocator-block-size-background=1048576"
    "memorysetup-job-temp-allocator-reduction-small-platforms=262144"
    "memorysetup-temp-allocator-size-background-worker=32768"
    "memorysetup-temp-allocator-size-job-worker=262144"
    "memorysetup-temp-allocator-size-preload-manager=33554432"
    "memorysetup-temp-allocator-size-nav-mesh-worker=65536"
    "memorysetup-temp-allocator-size-audio-worker=65536"
    "memorysetup-temp-allocator-size-cloud-worker=32768"
    "memorysetup-temp-allocator-size-gi-baking-worker=262144"
    "memorysetup-temp-allocator-size-gfx=262144"
Refreshing native plugins compatible for Editor in 120.47 ms, found 3 plugins.
Preloading 0 native plugins for Editor in 0.00 ms.
Initialize engine version: 2021.3.12f1 (8af3c3e441b1)
[Subsystems] Discovering subsystems at path C:/Program Files/Unity 2021.3.12f1/Editor/Data/Resources/UnitySubsystems
[Subsystems] Discovering subsystems at path C:/Users/earth/Specialization/holbertonschool-unity/0x00-unity-audio/Assets
GfxDevice: creating device client; threaded=0; jobified=0
Direct3D:
    Version:  Direct3D 11.0 [level 11.1]
    Renderer: NVIDIA GeForce RTX 3060 Laptop GPU (ID=0x2520)
    Vendor:   NVIDIA
    VRAM:     6023 MB
    Driver:   30.0.15.1278
Initialize mono
Mono path[0] = 'C:/Program Files/Unity 2021.3.12f1/Editor/Data/Managed'
Mono path[1] = 'C:/Program Files/Unity 2021.3.12f1/Editor/Data/MonoBleedingEdge/lib/mono/unityjit-win32'
Mono config path = 'C:/Program Files/Unity 2021.3.12f1/Editor/Data/MonoBleedingEdge/etc'
Using monoOptions --debugger-agent=transport=dt_socket,embedding=1,server=y,suspend=n,address=127.0.0.1:56312
Begin MonoManager ReloadAssembly
Registering precompiled unity dll's ...
Register platform support module: C:/Program Files/Unity 2021.3.12f1/Editor/Data/PlaybackEngines/WindowsStandaloneSupport/UnityEditor.WindowsStandalone.Extensions.dll
Registered in 0.002820 seconds.
Native extension for WindowsStandalone target not found
Refreshing native plugins compatible for Editor in 102.04 ms, found 3 plugins.
Preloading 0 native plugins for Editor in 0.00 ms.
Mono: successfully reloaded assembly
- Completed reload, in  0.732 seconds
Domain Reload Profiling:
	ReloadAssembly (733ms)
		BeginReloadAssembly (83ms)
			ExecutionOrderSort (0ms)
			DisableScriptedObjects (0ms)
			BackupInstance (0ms)
			ReleaseScriptingObjects (0ms)
			CreateAndSetChildDomain (1ms)
		EndReloadAssembly (509ms)
			LoadAssemblies (81ms)
			RebuildTransferFunctionScriptingTraits (0ms)
			SetupTypeCache (114ms)
			ReleaseScriptCaches (0ms)
			RebuildScriptCaches (31ms)
			SetupLoadedEditorAssemblies (313ms)
				LogAssemblyErrors (0ms)
				InitializePlatformSupportModulesInManaged (7ms)
				SetLoadedEditorAssemblies (0ms)
				RefreshPlugins (102ms)
				BeforeProcessingInitializeOnLoad (1ms)
				ProcessInitializeOnLoadAttributes (153ms)
				ProcessInitializeOnLoadMethodAttributes (49ms)
				AfterProcessingInitializeOnLoad (0ms)
				EditorAssembliesLoaded (0ms)
			ExecutionOrderSort2 (0ms)
			AwakeInstancesAfterBackupRestoration (0ms)
Platform modules already initialized, skipping
Registering precompiled user dll's ...
Registered in 0.004544 seconds.
Begin MonoManager ReloadAssembly
Symbol file LoadedFromMemory doesn't match image C:\Users\earth\Specialization\holbertonschool-unity\0x00-unity-audio\Library\PackageCache\com.unity.visualscripting@1.7.8\Editor\VisualScripting.Core\Dependencies\YamlDotNet\Unity.VisualScripting.YamlDotNet.dll
Symbol file LoadedFromMemory doesn't match image C:\Users\earth\Specialization\holbertonschool-unity\0x00-unity-audio\Library\PackageCache\com.unity.visualscripting@1.7.8\Editor\VisualScripting.Core\Dependencies\DotNetZip\Unity.VisualScripting.IonicZip.dll
Native extension for WindowsStandalone target not found
Refreshing native plugins compatible for Editor in 1.04 ms, found 3 plugins.
Preloading 0 native plugins for Editor in 0.00 ms.
Mono: successfully reloaded assembly
- Completed reload, in  1.130 seconds
Domain Reload Profiling:
	ReloadAssembly (1131ms)
		BeginReloadAssembly (131ms)
			ExecutionOrderSort (0ms)
			DisableScriptedObjects (7ms)
			BackupInstance (0ms)
			ReleaseScriptingObjects (0ms)
			CreateAndSetChildDomain (26ms)
		EndReloadAssembly (870ms)
			LoadAssemblies (97ms)
			RebuildTransferFunctionScriptingTraits (0ms)
			SetupTypeCache (252ms)
			ReleaseScriptCaches (1ms)
			RebuildScriptCaches (55ms)
			SetupLoadedEditorAssemblies (410ms)
				LogAssemblyErrors (0ms)
				InitializePlatformSupportModulesInManaged (5ms)
				SetLoadedEditorAssemblies (0ms)
				RefreshPlugins (1ms)
				BeforeProcessingInitializeOnLoad (96ms)
				ProcessInitializeOnLoadAttributes (267ms)
				ProcessInitializeOnLoadMethodAttributes (36ms)
				AfterProcessingInitializeOnLoad (6ms)
				EditorAssembliesLoaded (0ms)
			ExecutionOrderSort2 (0ms)
			AwakeInstancesAfterBackupRestoration (6ms)
Platform modules already initialized, skipping
========================================================================
Worker process is ready to serve import requests
Launched and connected shader compiler UnityShaderCompiler.exe after 0.07 seconds
Refreshing native plugins compatible for Editor in 0.84 ms, found 3 plugins.
Preloading 0 native plugins for Editor in 0.00 ms.
Unloading 3326 Unused Serialized files (Serialized files now loaded: 0)
Unloading 24 unused Assets / (56.7 KB). Loaded Objects now: 3787.
Memory consumption went from 117.8 MB to 117.8 MB.
Total: 4.152900 ms (FindLiveObjects: 0.394000 ms CreateObjectMapping: 0.108200 ms MarkObjects: 3.546900 ms  DeleteObjects: 0.102400 ms)

AssetImportParameters requested are different than current active one (requested -> active):
  custom:video-decoder-ogg-theora: a1e56fd34408186e4bbccfd4996cb3dc -> 
  custom:container-muxer-webm: aa71ff27fc2769a1b78a27578f13a17b -> 
  custom:container-demuxer-webm: 4f35f7cbe854078d1ac9338744f61a02 -> 
  custom:video-encoder-webm-vp8: eb34c28f22e8b96e1ab97ce403110664 -> 
  custom:video-codec-MediaFoundation-h265: 746d11721c4dcdbdad8f713fa42b33f4 -> 
  custom:audio-encoder-webm-vorbis: bf7c407c2cedff20999df2af8eb42d56 -> 
  custom:framework-win-MediaFoundation: 216162199b28c13a410421893ffa2e32 -> 
  custom:container-demuxer-ogg: 62fdf1f143b41e24485cea50d1cbac27 -> 
  custom:video-decoder-webm-vp8: 9c59270c3fd7afecdb556c50c9e8de78 -> 
  custom:audio-decoder-ogg-vorbis: bf7c407c2cedff20999df2af8eb42d56 -> 
========================================================================
Received Import Request.
  Time since last request: 1819706.609681 seconds.
  path: Assets/Prefabs/OptionsButton.prefab
  artifactKey: Guid(b993e3d0dfa0ea644bfa990907e554cf) Importer(815301076,1909f56bfc062723c751e8b465ee728b)
Start importing Assets/Prefabs/OptionsButton.prefab using Guid(b993e3d0dfa0ea644bfa990907e554cf) Importer(815301076,1909f56bfc062723c751e8b465ee728b)  -> (artifact id: '20fa547db017bb7970da13722c98d3c7') in 0.076549 seconds 
========================================================================
Received Import Request.
  Time since last request: 5.188101 seconds.
  path: Assets/Prefabs/ExitButton.prefab
  artifactKey: Guid(be8b323b1d255854a8815014eb85821a) Importer(815301076,1909f56bfc062723c751e8b465ee728b)
Start importing Assets/Prefabs/ExitButton.prefab using Guid(be8b323b1d255854a8815014eb85821a) Importer(815301076,1909f56bfc062723c751e8b465ee728b)  -> (artifact id: '616a44c2e752d9ea842126c140ed80aa') in 0.007564 seconds 
========================================================================
Received Import Request.
  Time since last request: 9.456204 seconds.
  path: Assets/Prefabs/MenuSFX.prefab
  artifactKey: Guid(5d349f36b84ec8b42847b72329bb43ad) Importer(815301076,1909f56bfc062723c751e8b465ee728b)
Start importing Assets/Prefabs/MenuSFX.prefab using Guid(5d349f36b84ec8b42847b72329bb43ad) Importer(815301076,1909f56bfc062723c751e8b465ee728b)  -> (artifact id: '96c365979d79520c4c8135eb81334519') in 0.013878 seconds 
========================================================================
Received Import Request.
  Time since last request: 9.869036 seconds.
  path: Assets/Scenes/Options.unity
  artifactKey: Guid(762466993ff5d69478363a5f219945c7) Importer(815301076,1909f56bfc062723c751e8b465ee728b)
Start importing Assets/Scenes/Options.unity using Guid(762466993ff5d69478363a5f219945c7) Importer(815301076,1909f56bfc062723c751e8b465ee728b)  -> (artifact id: 'a30ed75639b1b6bf7022730f2a389d62') in 0.020536 seconds 
========================================================================
Received Import Request.
  Time since last request: 78.341043 seconds.
  path: Assets/Prefabs/BackButton.prefab
  artifactKey: Guid(d629727a633880c42b1fdbb252207e41) Importer(815301076,1909f56bfc062723c751e8b465ee728b)
Start importing Assets/Prefabs/BackButton.prefab using Guid(d629727a633880c42b1fdbb252207e41) Importer(815301076,1909f56bfc062723c751e8b465ee728b)  -> (artifact id: '64ec86800958a2df1aeb2ae9bbb8733b') in 0.006968 seconds 
========================================================================
Received Import Request.
  Time since last request: 3.994895 seconds.
  path: Assets/Prefabs/ApplyButton.prefab
  artifactKey: Guid(d8a6db736a812224a972f473d9b6708f) Importer(815301076,1909f56bfc062723c751e8b465ee728b)
Start importing Assets/Prefabs/ApplyButton.prefab using Guid(d8a6db736a812224a972f473d9b6708f) Importer(815301076,1909f56bfc062723c751e8b465ee728b)  -> (artifact id: '0a776665c511ca32e915c96497e50496') in 0.006203 seconds 
========================================================================
Received Import Request.
  Time since last request: 50.779441 seconds.
  path: Assets/Scenes/MainMenu.unity
  artifactKey: Guid(ed8ebde74d78e414580957d73e9a6999) Importer(815301076,1909f56bfc062723c751e8b465ee728b)
Start importing Assets/Scenes/MainMenu.unity using Guid(ed8ebde74d78e414580957d73e9a6999) Importer(815301076,1909f56bfc062723c751e8b465ee728b)  -> (artifact id: '60b2c737be14aaeece8e7a83f21b234f') in 0.005017 seconds 
========================================================================
Received Import Request.
  Time since last request: 1417.607089 seconds.
  path: Assets/Audio/BGM/BrittleRille.mp3
  artifactKey: Guid(ac50078828491eb43ba14fa3c7afc7fd) Importer(815301076,1909f56bfc062723c751e8b465ee728b)
Start importing Assets/Audio/BGM/BrittleRille.mp3 using Guid(ac50078828491eb43ba14fa3c7afc7fd) Importer(815301076,1909f56bfc062723c751e8b465ee728b)  -> (artifact id: 'f5dbe2cb24494e1497a55455b841c6c9') in 0.139298 seconds 
========================================================================
Received Import Request.
  Time since last request: 0.000051 seconds.
  path: Assets/Audio/BGM/Wallpaper.mp3
  artifactKey: Guid(6c897e71cc7861149b8914e96dc356a1) Importer(815301076,1909f56bfc062723c751e8b465ee728b)
Start importing Assets/Audio/BGM/Wallpaper.mp3 using Guid(6c897e71cc7861149b8914e96dc356a1) Importer(815301076,1909f56bfc062723c751e8b465ee728b)  -> (artifact id: '9b9a81e9b48038c0c975caac09b6ee28') in 0.018070 seconds 
========================================================================
Received Import Request.
  Time since last request: 0.000039 seconds.
  path: Assets/Audio/BGM/PorchSwingDays.mp3
  artifactKey: Guid(22c914bfacbc7f545a155cb5ff486102) Importer(815301076,1909f56bfc062723c751e8b465ee728b)
Start importing Assets/Audio/BGM/PorchSwingDays.mp3 using Guid(22c914bfacbc7f545a155cb5ff486102) Importer(815301076,1909f56bfc062723c751e8b465ee728b)  -> (artifact id: '5ccb4bc71cd9136224dc079b788f271e') in 0.025700 seconds 
Editor requested this worker to shutdown with reason: Scaling down because of idle timeout
AssetImportWorker is now disconnected from the server
Process exiting
Exiting without the bug reporter. Application will terminate with return code 0